{"/Users/svenanders/Work/dev/robbis/javascript/simple-rant/simpleRant.js":{"path":"/Users/svenanders/Work/dev/robbis/javascript/simple-rant/simpleRant.js","s":{"1":1,"2":1,"3":0,"4":0,"5":0,"6":0,"7":0,"8":0,"9":0,"10":0,"11":0,"12":0,"13":0,"14":0,"15":0,"16":0,"17":0,"18":0,"19":0,"20":0,"21":0,"22":0,"23":0,"24":0,"25":0,"26":0,"27":0,"28":0,"29":0,"30":0,"31":0,"32":0,"33":0,"34":0,"35":0,"36":0,"37":0,"38":0,"39":0,"40":0,"41":0,"42":0,"43":0,"44":0,"45":0,"46":0,"47":0,"48":0,"49":0,"50":0,"51":0,"52":0,"53":0,"54":0,"55":0,"56":0,"57":0,"58":0,"59":1,"60":12,"61":1,"62":12,"63":0,"64":12,"65":1,"66":0,"67":1,"68":0,"69":1,"70":1,"71":1,"72":1,"73":1,"74":1,"75":1,"76":1,"77":1,"78":1,"79":1,"80":1,"81":1,"82":1,"83":1,"84":1,"85":1,"86":1,"87":1,"88":1,"89":1,"90":1,"91":1,"92":1,"93":1,"94":1,"95":1,"96":1,"97":1,"98":1,"99":1,"100":1,"101":1,"102":1,"103":1,"104":1,"105":1,"106":1,"107":1,"108":1,"109":1,"110":1,"111":1,"112":1,"113":1,"114":1,"115":1,"116":1,"117":1,"118":1,"119":1,"120":1,"121":1,"122":1,"123":1,"124":1,"125":1,"126":1,"127":1,"128":1,"129":1,"130":1,"131":1,"132":1,"133":1,"134":1,"135":1,"136":1,"137":1,"138":1,"139":1,"140":1,"141":1,"142":1,"143":1,"144":1,"145":1,"146":1,"147":1,"148":1,"149":1,"150":1,"151":1,"152":1,"153":1,"154":1,"155":1,"156":1,"157":1,"158":1,"159":1,"160":1,"161":1,"162":1,"163":1,"164":1,"165":1,"166":1,"167":1,"168":1,"169":1,"170":1,"171":1,"172":1,"173":1,"174":1,"175":1,"176":1,"177":1,"178":1,"179":1,"180":1,"181":1,"182":1,"183":1,"184":1,"185":1,"186":1,"187":1,"188":1,"189":1,"190":1,"191":1,"192":1,"193":1,"194":1,"195":1,"196":1,"197":1,"198":1,"199":1,"200":1,"201":1,"202":1,"203":1,"204":1,"205":1,"206":1,"207":1,"208":1,"209":1,"210":1,"211":1,"212":1,"213":1,"214":1,"215":1,"216":1,"217":1,"218":1,"219":1,"220":1,"221":1,"222":1,"223":1,"224":1,"225":1,"226":1,"227":1,"228":1,"229":1,"230":1,"231":1,"232":1,"233":1,"234":1,"235":59,"236":59,"237":59,"238":59,"239":59,"240":59,"241":99,"242":2,"243":2,"244":2,"245":2,"246":2,"247":99,"248":1,"249":1,"250":1,"251":1,"252":1,"253":99,"254":1,"255":1,"256":1,"257":1,"258":1,"259":99,"260":1,"261":1,"262":1,"263":1,"264":1,"265":99,"266":6,"267":3,"268":6,"269":3,"270":3,"271":99,"272":1,"273":1,"274":1,"275":1,"276":1,"277":99,"278":1,"279":1,"280":1,"281":1,"282":1,"283":99,"284":0,"285":0,"286":0,"287":0,"288":0,"289":99,"290":1,"291":1,"292":1,"293":1,"294":1,"295":99,"296":2,"297":2,"298":2,"299":2,"300":2,"301":99,"302":1,"303":1,"304":1,"305":1,"306":1,"307":99,"308":1,"309":1,"310":1,"311":1,"312":1,"313":99,"314":1,"315":1,"316":1,"317":1,"318":1,"319":99,"320":1,"321":1,"322":1,"323":1,"324":1,"325":99,"326":0,"327":0,"328":0,"329":0,"330":0,"331":99,"332":3,"333":2,"334":3,"335":2,"336":2,"337":99,"338":1,"339":1,"340":1,"341":1,"342":1,"343":99,"344":4,"345":3,"346":4,"347":3,"348":3,"349":99,"350":3,"351":3,"352":3,"353":3,"354":3,"355":99,"356":3,"357":2,"358":3,"359":2,"360":2,"361":99,"362":3,"363":3,"364":3,"365":3,"366":3,"367":99,"368":2,"369":2,"370":2,"371":2,"372":2,"373":99,"374":2,"375":2,"376":2,"377":2,"378":2,"379":99,"380":2,"381":2,"382":2,"383":2,"384":2,"385":99,"386":2,"387":2,"388":2,"389":2,"390":2,"391":99,"392":2,"393":2,"394":2,"395":2,"396":2,"397":99,"398":2,"399":2,"400":2,"401":2,"402":2,"403":99,"404":2,"405":2,"406":2,"407":2,"408":2,"409":99,"410":2,"411":2,"412":2,"413":2,"414":2,"415":99,"416":2,"417":2,"418":2,"419":2,"420":2,"421":99,"422":2,"423":2,"424":2,"425":2,"426":2,"427":99,"428":2,"429":2,"430":2,"431":2,"432":2,"433":99,"434":2,"435":2,"436":2,"437":2,"438":2,"439":99,"440":2,"441":2,"442":2,"443":2,"444":2,"445":99,"446":2,"447":2,"448":2,"449":2,"450":2,"451":99,"452":1,"453":1,"454":1,"455":1,"456":1,"457":99,"458":2,"459":2,"460":2,"461":2,"462":2,"463":99,"464":2,"465":2,"466":2,"467":2,"468":2,"469":99,"470":2,"471":2,"472":2,"473":2,"474":2,"475":99,"476":2,"477":2,"478":2,"479":2,"480":2,"481":99,"482":2,"483":2,"484":2,"485":2,"486":2,"487":99,"488":2,"489":2,"490":2,"491":2,"492":2,"493":99,"494":4,"495":3,"496":4,"497":3,"498":3,"499":99,"500":2,"501":2,"502":2,"503":2,"504":2,"505":99,"506":1,"507":1,"508":1,"509":1,"510":1,"511":99,"512":2,"513":2,"514":2,"515":2,"516":2,"517":99,"518":1,"519":1,"520":1,"521":1,"522":1,"523":99,"524":2,"525":2,"526":2,"527":2,"528":2,"529":99,"530":0,"531":0,"532":0,"533":0,"534":0,"535":99,"536":1,"537":1,"538":1,"539":1,"540":1,"541":99,"542":2,"543":2,"544":2,"545":2,"546":2,"547":99,"548":1,"549":1,"550":1,"551":1,"552":1,"553":99,"554":2,"555":2,"556":2,"557":2,"558":2,"559":99,"560":2,"561":2,"562":2,"563":2,"564":2,"565":59,"566":1,"567":1,"568":1,"569":3,"570":3,"571":3,"572":3,"573":3,"574":3,"575":1,"576":3,"577":4,"578":4,"579":3,"580":3,"581":4,"582":3,"583":1,"584":4,"585":4,"586":4,"587":4,"588":4,"589":4,"590":4,"591":1,"592":3,"593":1,"594":2,"595":4,"596":4,"597":4,"598":4,"599":4,"600":1,"601":2,"602":2,"603":2,"604":2,"605":2,"606":2,"607":1,"608":2,"609":2,"610":2,"611":2,"612":2,"613":2,"614":2,"615":1,"616":1,"617":1,"618":1,"619":1,"620":1,"621":1,"622":1,"623":1,"624":1,"625":1,"626":1,"627":1,"628":1,"629":1,"630":1,"631":1,"632":1,"633":1,"634":1,"635":1,"636":1,"637":1,"638":1,"639":1,"640":2,"641":2,"642":2,"643":2,"644":2,"645":2,"646":1,"647":1,"648":2,"649":2,"650":2,"651":2,"652":2,"653":1,"654":0,"655":0,"656":0,"657":0,"658":0,"659":0,"660":0,"661":0,"662":0,"663":0,"664":0,"665":0,"666":0,"667":1,"668":1,"669":1,"670":1,"671":1,"672":1,"673":1,"674":0,"675":1,"676":1,"677":1,"678":1,"679":1,"680":1,"681":1,"682":1,"683":1,"684":1,"685":1,"686":1,"687":1,"688":0,"689":1,"690":1,"691":1,"692":1,"693":1,"694":1,"695":1,"696":57,"697":57,"698":57,"699":57,"700":57,"701":57,"702":3,"703":57,"704":87,"705":4,"706":4,"707":0,"708":4,"709":83,"710":3,"711":3,"712":0,"713":3,"714":80,"715":3,"716":3,"717":0,"718":3,"719":77,"720":2,"721":2,"722":0,"723":2,"724":75,"725":2,"726":2,"727":0,"728":2,"729":73,"730":2,"731":2,"732":0,"733":2,"734":71,"735":2,"736":2,"737":0,"738":2,"739":69,"740":2,"741":2,"742":0,"743":2,"744":67,"745":2,"746":2,"747":0,"748":2,"749":65,"750":2,"751":2,"752":0,"753":2,"754":63,"755":2,"756":2,"757":0,"758":2,"759":61,"760":2,"761":2,"762":0,"763":2,"764":59,"765":2,"766":2,"767":0,"768":2,"769":57,"770":2,"771":2,"772":0,"773":2,"774":55,"775":2,"776":2,"777":0,"778":2,"779":53,"780":2,"781":2,"782":0,"783":2,"784":51,"785":2,"786":2,"787":0,"788":2,"789":49,"790":1,"791":1,"792":0,"793":1,"794":48,"795":2,"796":2,"797":0,"798":2,"799":46,"800":2,"801":2,"802":0,"803":2,"804":44,"805":2,"806":2,"807":0,"808":2,"809":42,"810":2,"811":2,"812":0,"813":2,"814":40,"815":2,"816":2,"817":0,"818":2,"819":38,"820":2,"821":2,"822":0,"823":2,"824":36,"825":2,"826":2,"827":0,"828":2,"829":34,"830":34,"831":0,"832":34,"833":87,"834":57,"835":57,"836":60,"837":57,"838":1,"839":1,"840":1,"841":1,"842":1,"843":1,"844":1,"845":0,"846":1,"847":1,"848":1,"849":1,"850":1,"851":1,"852":1,"853":0,"854":0,"855":0,"856":0,"857":0,"858":0,"859":0,"860":0,"861":0,"862":0,"863":0,"864":0,"865":0,"866":1,"867":2,"868":2,"869":2,"870":2,"871":2,"872":2,"873":1,"874":2,"875":2,"876":2,"877":2,"878":2,"879":2,"880":2,"881":1,"882":6,"883":6,"884":6,"885":6,"886":6,"887":6,"888":2,"889":6,"890":9,"891":2,"892":9,"893":3,"894":9,"895":1,"896":9,"897":0,"898":9,"899":3,"900":9,"901":0,"902":9,"903":6,"904":6,"905":6,"906":6,"907":1,"908":1,"909":1,"910":1,"911":1,"912":1,"913":1,"914":0,"915":1,"916":1,"917":1,"918":1,"919":1,"920":1,"921":1,"922":1,"923":1,"924":1,"925":1,"926":1,"927":1,"928":0,"929":1,"930":1,"931":1,"932":1,"933":1,"934":1,"935":1,"936":1,"937":1,"938":1,"939":1,"940":1,"941":1,"942":1,"943":1,"944":1,"945":1,"946":1,"947":1,"948":1,"949":1,"950":1,"951":1,"952":1,"953":1,"954":1,"955":1,"956":1,"957":1,"958":1,"959":1,"960":1,"961":1,"962":1,"963":1,"964":1,"965":1,"966":2,"967":2,"968":2,"969":2,"970":2,"971":2,"972":2,"973":2,"974":2,"975":2,"976":2,"977":2,"978":2,"979":2,"980":1,"981":3,"982":3,"983":3,"984":3,"985":6,"986":6,"987":0,"988":6,"989":6,"990":3,"991":3,"992":6,"993":3,"994":1,"995":1,"996":1,"997":1,"998":1,"999":1,"1000":1,"1001":1,"1002":1,"1003":1,"1004":1,"1005":0,"1006":1,"1007":1,"1008":1,"1009":1,"1010":1,"1011":1,"1012":1,"1013":1,"1014":1,"1015":1,"1016":59,"1017":1,"1018":1,"1019":1,"1020":1,"1021":1,"1022":1,"1023":0,"1024":1,"1025":0,"1026":0,"1027":1,"1028":0,"1029":0,"1030":1,"1031":4,"1032":4,"1033":1,"1034":2,"1035":2,"1036":1,"1037":2,"1038":2,"1039":1,"1040":1,"1041":1,"1042":1,"1043":1,"1044":1,"1045":4,"1046":4,"1047":1,"1048":2,"1049":2,"1050":1,"1051":34,"1052":34,"1053":1,"1054":53,"1055":4,"1056":4,"1057":49,"1058":3,"1059":3,"1060":46,"1061":3,"1062":3,"1063":43,"1064":2,"1065":2,"1066":41,"1067":2,"1068":2,"1069":39,"1070":2,"1071":2,"1072":37,"1073":2,"1074":2,"1075":35,"1076":2,"1077":2,"1078":33,"1079":2,"1080":2,"1081":31,"1082":2,"1083":2,"1084":29,"1085":2,"1086":2,"1087":27,"1088":0,"1089":0,"1090":27,"1091":2,"1092":2,"1093":25,"1094":2,"1095":2,"1096":23,"1097":2,"1098":2,"1099":21,"1100":2,"1101":2,"1102":19,"1103":2,"1104":2,"1105":17,"1106":2,"1107":2,"1108":15,"1109":1,"1110":1,"1111":14,"1112":2,"1113":2,"1114":12,"1115":2,"1116":2,"1117":10,"1118":2,"1119":2,"1120":8,"1121":2,"1122":2,"1123":6,"1124":2,"1125":2,"1126":4,"1127":2,"1128":2,"1129":2,"1130":0,"1131":0,"1132":2,"1133":2,"1134":2,"1135":0,"1136":1,"1137":0,"1138":0,"1139":1,"1140":2,"1141":2,"1142":1,"1143":1,"1144":1,"1145":1,"1146":0,"1147":0,"1148":1,"1149":1,"1150":1,"1151":1,"1152":1,"1153":1,"1154":1,"1155":6,"1156":6,"1157":1,"1158":1,"1159":1,"1160":1,"1161":1,"1162":1,"1163":1,"1164":0,"1165":0,"1166":1,"1167":0,"1168":0,"1169":1,"1170":1,"1171":1,"1172":1,"1173":1,"1174":1,"1175":1,"1176":3,"1177":3,"1178":1,"1179":1,"1180":1,"1181":1,"1182":0,"1183":0,"1184":1,"1185":5,"1186":5},"b":{"1":[0,0],"2":[0,0],"3":[0,0],"4":[0,0],"5":[0,0],"6":[0,0],"7":[0,12],"8":[2,97],"9":[2,0],"10":[2,0],"11":[1,98],"12":[1,0],"13":[1,0],"14":[1,98],"15":[1,0],"16":[1,0],"17":[1,98],"18":[1,0],"19":[1,0],"20":[6,93],"21":[3,3],"22":[3,3],"23":[1,98],"24":[1,0],"25":[1,0],"26":[1,98],"27":[1,0],"28":[1,0],"29":[0,99],"30":[0,0],"31":[0,0],"32":[1,98],"33":[1,0],"34":[1,0],"35":[2,97],"36":[2,0],"37":[2,0],"38":[1,98],"39":[1,0],"40":[1,0],"41":[1,98],"42":[1,0],"43":[1,0],"44":[1,98],"45":[1,0],"46":[1,0],"47":[1,98],"48":[1,0],"49":[1,0],"50":[0,99],"51":[0,0],"52":[0,0],"53":[3,96],"54":[2,1],"55":[2,1],"56":[1,98],"57":[1,0],"58":[1,0],"59":[4,95],"60":[3,1],"61":[3,1],"62":[3,96],"63":[3,0],"64":[3,0],"65":[3,96],"66":[2,1],"67":[2,1],"68":[3,96],"69":[3,0],"70":[3,0],"71":[2,97],"72":[2,0],"73":[2,0],"74":[2,97],"75":[2,0],"76":[2,0],"77":[2,97],"78":[2,0],"79":[2,0],"80":[2,97],"81":[2,0],"82":[2,0],"83":[2,97],"84":[2,0],"85":[2,0],"86":[2,97],"87":[2,0],"88":[2,0],"89":[2,97],"90":[2,0],"91":[2,0],"92":[2,97],"93":[2,0],"94":[2,0],"95":[2,97],"96":[2,0],"97":[2,0],"98":[2,97],"99":[2,0],"100":[2,0],"101":[2,97],"102":[2,0],"103":[2,0],"104":[2,97],"105":[2,0],"106":[2,0],"107":[2,97],"108":[2,0],"109":[2,0],"110":[2,97],"111":[2,0],"112":[2,0],"113":[1,98],"114":[1,0],"115":[1,0],"116":[2,97],"117":[2,0],"118":[2,0],"119":[2,97],"120":[2,0],"121":[2,0],"122":[2,97],"123":[2,0],"124":[2,0],"125":[2,97],"126":[2,0],"127":[2,0],"128":[2,97],"129":[2,0],"130":[2,0],"131":[2,97],"132":[2,0],"133":[2,0],"134":[4,95],"135":[3,1],"136":[3,1],"137":[2,97],"138":[2,0],"139":[2,0],"140":[1,98],"141":[1,0],"142":[1,0],"143":[2,97],"144":[2,0],"145":[2,0],"146":[1,98],"147":[1,0],"148":[1,0],"149":[2,97],"150":[2,0],"151":[2,0],"152":[0,99],"153":[0,0],"154":[0,0],"155":[1,98],"156":[1,0],"157":[1,0],"158":[2,97],"159":[2,0],"160":[2,0],"161":[1,98],"162":[1,0],"163":[1,0],"164":[2,97],"165":[2,0],"166":[2,0],"167":[2,97],"168":[2,0],"169":[2,0],"170":[1,0],"171":[3,0],"172":[1,2],"173":[4,0],"174":[1,3],"175":[1,2],"176":[2,0],"177":[1,1],"178":[1,0],"179":[1,0],"180":[2,0],"181":[1,1],"182":[0,0],"183":[0,1],"184":[0,1],"185":[57,0],"186":[3,54],"187":[4,83],"188":[0,4],"189":[3,80],"190":[0,3],"191":[3,77],"192":[0,3],"193":[2,75],"194":[0,2],"195":[2,73],"196":[0,2],"197":[2,71],"198":[0,2],"199":[2,69],"200":[0,2],"201":[2,67],"202":[0,2],"203":[2,65],"204":[0,2],"205":[2,63],"206":[0,2],"207":[2,61],"208":[0,2],"209":[2,59],"210":[0,2],"211":[2,57],"212":[0,2],"213":[2,55],"214":[0,2],"215":[2,53],"216":[0,2],"217":[2,51],"218":[0,2],"219":[2,49],"220":[0,2],"221":[1,48],"222":[0,1],"223":[2,46],"224":[0,2],"225":[2,44],"226":[0,2],"227":[2,42],"228":[0,2],"229":[2,40],"230":[0,2],"231":[2,38],"232":[0,2],"233":[2,36],"234":[0,2],"235":[2,34],"236":[0,2],"237":[0,34],"238":[0,1],"239":[0,0],"240":[2,0],"241":[1,1],"242":[6,0],"243":[2,4],"244":[2,7],"245":[3,6],"246":[1,8],"247":[0,9],"248":[3,6],"249":[0,9],"250":[0,1],"251":[0,1],"252":[1,0],"253":[1,0],"254":[1,0],"255":[1,0],"256":[2,0],"257":[2,0],"258":[0,6],"259":[1,0],"260":[1,0],"261":[0,1],"262":[1,1],"263":[1,0],"264":[4,49],"265":[3,46],"266":[3,43],"267":[2,41],"268":[2,39],"269":[2,37],"270":[2,35],"271":[2,33],"272":[2,31],"273":[2,29],"274":[2,27],"275":[0,27],"276":[2,25],"277":[2,23],"278":[2,21],"279":[2,19],"280":[2,17],"281":[2,15],"282":[1,14],"283":[2,12],"284":[2,10],"285":[2,8],"286":[2,6],"287":[2,4],"288":[2,2],"289":[0,2],"290":[2,0]},"f":{"1":1,"2":0,"3":0,"4":0,"5":0,"6":0,"7":0,"8":0,"9":0,"10":0,"11":0,"12":0,"13":0,"14":12,"15":0,"16":0,"17":59,"18":59,"19":3,"20":4,"21":4,"22":4,"23":2,"24":2,"25":1,"26":1,"27":1,"28":1,"29":2,"30":2,"31":0,"32":0,"33":1,"34":1,"35":1,"36":1,"37":57,"38":60,"39":1,"40":1,"41":0,"42":0,"43":2,"44":2,"45":6,"46":6,"47":1,"48":1,"49":1,"50":1,"51":1,"52":1,"53":1,"54":1,"55":2,"56":2,"57":3,"58":6,"59":1,"60":1,"61":1,"62":59,"63":1,"64":1,"65":0,"66":0,"67":0,"68":4,"69":2,"70":2,"71":4,"72":2,"73":34,"74":53,"75":0,"76":2,"77":1,"78":0,"79":1,"80":1,"81":6,"82":1,"83":1,"84":0,"85":0,"86":1,"87":1,"88":3,"89":1,"90":0,"91":5},"fnMap":{"1":{"name":"(anonymous_1)","line":1,"loc":{"start":{"line":1,"column":1},"end":{"line":1,"column":13}}},"2":{"name":"(anonymous_2)","line":4,"loc":{"start":{"line":4,"column":14},"end":{"line":4,"column":26}}},"3":{"name":"(anonymous_3)","line":7,"loc":{"start":{"line":7,"column":18},"end":{"line":7,"column":37}}},"4":{"name":"(anonymous_4)","line":10,"loc":{"start":{"line":10,"column":16},"end":{"line":10,"column":36}}},"5":{"name":"(anonymous_5)","line":24,"loc":{"start":{"line":24,"column":16},"end":{"line":24,"column":29}}},"6":{"name":"(anonymous_6)","line":43,"loc":{"start":{"line":43,"column":19},"end":{"line":43,"column":32}}},"7":{"name":"(anonymous_7)","line":53,"loc":{"start":{"line":53,"column":18},"end":{"line":53,"column":31}}},"8":{"name":"(anonymous_8)","line":64,"loc":{"start":{"line":64,"column":17},"end":{"line":64,"column":29}}},"9":{"name":"(anonymous_9)","line":86,"loc":{"start":{"line":86,"column":20},"end":{"line":86,"column":30}}},"10":{"name":"(anonymous_10)","line":101,"loc":{"start":{"line":101,"column":35},"end":{"line":101,"column":47}}},"11":{"name":"(anonymous_11)","line":109,"loc":{"start":{"line":109,"column":20},"end":{"line":109,"column":37}}},"12":{"name":"(anonymous_12)","line":118,"loc":{"start":{"line":118,"column":22},"end":{"line":118,"column":39}}},"13":{"name":"(anonymous_13)","line":128,"loc":{"start":{"line":128,"column":15},"end":{"line":128,"column":32}}},"14":{"name":"installFunction","line":148,"loc":{"start":{"line":148,"column":4},"end":{"line":148,"column":39}}},"15":{"name":"filterOnOtherArray_diff","line":155,"loc":{"start":{"line":155,"column":4},"end":{"line":155,"column":45}}},"16":{"name":"filterOnOtherArray_inter","line":159,"loc":{"start":{"line":159,"column":4},"end":{"line":159,"column":46}}},"17":{"name":"SimpleRant","line":331,"loc":{"start":{"line":331,"column":0},"end":{"line":331,"column":22}}},"18":{"name":"(anonymous_18)","line":333,"loc":{"start":{"line":333,"column":27},"end":{"line":333,"column":44}}},"19":{"name":"(anonymous_19)","line":569,"loc":{"start":{"line":569,"column":21},"end":{"line":569,"column":61}}},"20":{"name":"(anonymous_20)","line":585,"loc":{"start":{"line":585,"column":36},"end":{"line":585,"column":48}}},"21":{"name":"(anonymous_21)","line":594,"loc":{"start":{"line":594,"column":18},"end":{"line":594,"column":58}}},"22":{"name":"(anonymous_22)","line":617,"loc":{"start":{"line":617,"column":36},"end":{"line":617,"column":48}}},"23":{"name":"(anonymous_23)","line":625,"loc":{"start":{"line":625,"column":17},"end":{"line":625,"column":57}}},"24":{"name":"(anonymous_24)","line":641,"loc":{"start":{"line":641,"column":36},"end":{"line":641,"column":48}}},"25":{"name":"(anonymous_25)","line":648,"loc":{"start":{"line":648,"column":23},"end":{"line":648,"column":63}}},"26":{"name":"(anonymous_26)","line":660,"loc":{"start":{"line":660,"column":36},"end":{"line":660,"column":48}}},"27":{"name":"(anonymous_27)","line":667,"loc":{"start":{"line":667,"column":23},"end":{"line":667,"column":63}}},"28":{"name":"(anonymous_28)","line":683,"loc":{"start":{"line":683,"column":36},"end":{"line":683,"column":48}}},"29":{"name":"(anonymous_29)","line":689,"loc":{"start":{"line":689,"column":16},"end":{"line":689,"column":56}}},"30":{"name":"(anonymous_30)","line":707,"loc":{"start":{"line":707,"column":36},"end":{"line":707,"column":48}}},"31":{"name":"(anonymous_31)","line":714,"loc":{"start":{"line":714,"column":18},"end":{"line":714,"column":49}}},"32":{"name":"(anonymous_32)","line":726,"loc":{"start":{"line":726,"column":42},"end":{"line":726,"column":54}}},"33":{"name":"(anonymous_33)","line":732,"loc":{"start":{"line":732,"column":20},"end":{"line":732,"column":50}}},"34":{"name":"(anonymous_34)","line":744,"loc":{"start":{"line":744,"column":45},"end":{"line":744,"column":57}}},"35":{"name":"(anonymous_35)","line":751,"loc":{"start":{"line":751,"column":22},"end":{"line":751,"column":52}}},"36":{"name":"(anonymous_36)","line":763,"loc":{"start":{"line":763,"column":47},"end":{"line":763,"column":59}}},"37":{"name":"(anonymous_37)","line":769,"loc":{"start":{"line":769,"column":17},"end":{"line":769,"column":57}}},"38":{"name":"(anonymous_38)","line":891,"loc":{"start":{"line":891,"column":36},"end":{"line":891,"column":48}}},"39":{"name":"(anonymous_39)","line":899,"loc":{"start":{"line":899,"column":20},"end":{"line":899,"column":50}}},"40":{"name":"(anonymous_40)","line":911,"loc":{"start":{"line":911,"column":50},"end":{"line":911,"column":62}}},"41":{"name":"(anonymous_41)","line":919,"loc":{"start":{"line":919,"column":22},"end":{"line":919,"column":52}}},"42":{"name":"(anonymous_42)","line":931,"loc":{"start":{"line":931,"column":52},"end":{"line":931,"column":64}}},"43":{"name":"(anonymous_43)","line":939,"loc":{"start":{"line":939,"column":24},"end":{"line":939,"column":64}}},"44":{"name":"(anonymous_44)","line":955,"loc":{"start":{"line":955,"column":36},"end":{"line":955,"column":48}}},"45":{"name":"(anonymous_45)","line":961,"loc":{"start":{"line":961,"column":20},"end":{"line":961,"column":60}}},"46":{"name":"(anonymous_46)","line":995,"loc":{"start":{"line":995,"column":36},"end":{"line":995,"column":48}}},"47":{"name":"(anonymous_47)","line":1003,"loc":{"start":{"line":1003,"column":17},"end":{"line":1003,"column":47}}},"48":{"name":"(anonymous_48)","line":1015,"loc":{"start":{"line":1015,"column":41},"end":{"line":1015,"column":53}}},"49":{"name":"(anonymous_49)","line":1022,"loc":{"start":{"line":1022,"column":21},"end":{"line":1022,"column":51}}},"50":{"name":"(anonymous_50)","line":1034,"loc":{"start":{"line":1034,"column":46},"end":{"line":1034,"column":58}}},"51":{"name":"(anonymous_51)","line":1040,"loc":{"start":{"line":1040,"column":16},"end":{"line":1040,"column":46}}},"52":{"name":"(anonymous_52)","line":1053,"loc":{"start":{"line":1053,"column":48},"end":{"line":1053,"column":60}}},"53":{"name":"(anonymous_53)","line":1060,"loc":{"start":{"line":1060,"column":26},"end":{"line":1060,"column":56}}},"54":{"name":"(anonymous_54)","line":1073,"loc":{"start":{"line":1073,"column":55},"end":{"line":1073,"column":67}}},"55":{"name":"(anonymous_55)","line":1080,"loc":{"start":{"line":1080,"column":17},"end":{"line":1080,"column":47}}},"56":{"name":"(anonymous_56)","line":1093,"loc":{"start":{"line":1093,"column":47},"end":{"line":1093,"column":59}}},"57":{"name":"(anonymous_57)","line":1100,"loc":{"start":{"line":1100,"column":15},"end":{"line":1100,"column":45}}},"58":{"name":"(anonymous_58)","line":1112,"loc":{"start":{"line":1112,"column":43},"end":{"line":1112,"column":55}}},"59":{"name":"(anonymous_59)","line":1119,"loc":{"start":{"line":1119,"column":14},"end":{"line":1119,"column":44}}},"60":{"name":"(anonymous_60)","line":1134,"loc":{"start":{"line":1134,"column":42},"end":{"line":1134,"column":54}}},"61":{"name":"(anonymous_61)","line":1144,"loc":{"start":{"line":1144,"column":49},"end":{"line":1144,"column":61}}},"62":{"name":"(anonymous_62)","line":1150,"loc":{"start":{"line":1150,"column":34},"end":{"line":1150,"column":47}}},"63":{"name":"(anonymous_63)","line":1156,"loc":{"start":{"line":1156,"column":32},"end":{"line":1156,"column":44}}},"64":{"name":"(anonymous_64)","line":1160,"loc":{"start":{"line":1160,"column":35},"end":{"line":1160,"column":47}}},"65":{"name":"(anonymous_65)","line":1164,"loc":{"start":{"line":1164,"column":37},"end":{"line":1164,"column":49}}},"66":{"name":"(anonymous_66)","line":1169,"loc":{"start":{"line":1169,"column":37},"end":{"line":1169,"column":49}}},"67":{"name":"(anonymous_67)","line":1173,"loc":{"start":{"line":1173,"column":34},"end":{"line":1173,"column":45}}},"68":{"name":"(anonymous_68)","line":1178,"loc":{"start":{"line":1178,"column":36},"end":{"line":1178,"column":54}}},"69":{"name":"(anonymous_69)","line":1184,"loc":{"start":{"line":1184,"column":33},"end":{"line":1184,"column":44}}},"70":{"name":"(anonymous_70)","line":1190,"loc":{"start":{"line":1190,"column":39},"end":{"line":1190,"column":55}}},"71":{"name":"(anonymous_71)","line":1203,"loc":{"start":{"line":1203,"column":31},"end":{"line":1203,"column":49}}},"72":{"name":"(anonymous_72)","line":1207,"loc":{"start":{"line":1207,"column":32},"end":{"line":1207,"column":50}}},"73":{"name":"(anonymous_73)","line":1211,"loc":{"start":{"line":1211,"column":31},"end":{"line":1211,"column":49}}},"74":{"name":"(anonymous_74)","line":1215,"loc":{"start":{"line":1215,"column":37},"end":{"line":1215,"column":64}}},"75":{"name":"(anonymous_75)","line":1326,"loc":{"start":{"line":1326,"column":33},"end":{"line":1326,"column":45}}},"76":{"name":"(anonymous_76)","line":1330,"loc":{"start":{"line":1330,"column":39},"end":{"line":1330,"column":57}}},"77":{"name":"(anonymous_77)","line":1334,"loc":{"start":{"line":1334,"column":36},"end":{"line":1334,"column":48}}},"78":{"name":"(anonymous_78)","line":1338,"loc":{"start":{"line":1338,"column":38},"end":{"line":1338,"column":50}}},"79":{"name":"(anonymous_79)","line":1343,"loc":{"start":{"line":1343,"column":35},"end":{"line":1343,"column":47}}},"80":{"name":"(anonymous_80)","line":1347,"loc":{"start":{"line":1347,"column":37},"end":{"line":1347,"column":49}}},"81":{"name":"(anonymous_81)","line":1353,"loc":{"start":{"line":1353,"column":30},"end":{"line":1353,"column":42}}},"82":{"name":"(anonymous_82)","line":1357,"loc":{"start":{"line":1357,"column":29},"end":{"line":1357,"column":41}}},"83":{"name":"(anonymous_83)","line":1361,"loc":{"start":{"line":1361,"column":38},"end":{"line":1361,"column":50}}},"84":{"name":"(anonymous_84)","line":1365,"loc":{"start":{"line":1365,"column":36},"end":{"line":1365,"column":48}}},"85":{"name":"(anonymous_85)","line":1369,"loc":{"start":{"line":1369,"column":35},"end":{"line":1369,"column":47}}},"86":{"name":"(anonymous_86)","line":1373,"loc":{"start":{"line":1373,"column":43},"end":{"line":1373,"column":55}}},"87":{"name":"(anonymous_87)","line":1378,"loc":{"start":{"line":1378,"column":50},"end":{"line":1378,"column":62}}},"88":{"name":"(anonymous_88)","line":1384,"loc":{"start":{"line":1384,"column":35},"end":{"line":1384,"column":53}}},"89":{"name":"(anonymous_89)","line":1389,"loc":{"start":{"line":1389,"column":40},"end":{"line":1389,"column":58}}},"90":{"name":"(anonymous_90)","line":1393,"loc":{"start":{"line":1393,"column":36},"end":{"line":1393,"column":54}}},"91":{"name":"(anonymous_91)","line":1397,"loc":{"start":{"line":1397,"column":38},"end":{"line":1397,"column":56}}}},"statementMap":{"1":{"start":{"line":1,"column":0},"end":{"line":162,"column":5}},"2":{"start":{"line":2,"column":4},"end":{"line":141,"column":6}},"3":{"start":{"line":4,"column":28},"end":{"line":4,"column":49}},"4":{"start":{"line":7,"column":39},"end":{"line":7,"column":73}},"5":{"start":{"line":11,"column":12},"end":{"line":11,"column":25}},"6":{"start":{"line":12,"column":12},"end":{"line":12,"column":29}},"7":{"start":{"line":13,"column":12},"end":{"line":15,"column":13}},"8":{"start":{"line":14,"column":16},"end":{"line":14,"column":33}},"9":{"start":{"line":16,"column":12},"end":{"line":16,"column":18}},"10":{"start":{"line":17,"column":12},"end":{"line":19,"column":13}},"11":{"start":{"line":18,"column":16},"end":{"line":18,"column":35}},"12":{"start":{"line":20,"column":12},"end":{"line":20,"column":23}},"13":{"start":{"line":25,"column":12},"end":{"line":25,"column":41}},"14":{"start":{"line":25,"column":20},"end":{"line":25,"column":41}},"15":{"start":{"line":26,"column":12},"end":{"line":26,"column":37}},"16":{"start":{"line":27,"column":12},"end":{"line":27,"column":40}},"17":{"start":{"line":28,"column":12},"end":{"line":28,"column":67}},"18":{"start":{"line":29,"column":12},"end":{"line":31,"column":13}},"19":{"start":{"line":30,"column":16},"end":{"line":30,"column":35}},"20":{"start":{"line":32,"column":12},"end":{"line":34,"column":13}},"21":{"start":{"line":33,"column":16},"end":{"line":33,"column":35}},"22":{"start":{"line":35,"column":12},"end":{"line":35,"column":23}},"23":{"start":{"line":44,"column":12},"end":{"line":44,"column":41}},"24":{"start":{"line":44,"column":35},"end":{"line":44,"column":41}},"25":{"start":{"line":45,"column":12},"end":{"line":45,"column":33}},"26":{"start":{"line":54,"column":12},"end":{"line":54,"column":41}},"27":{"start":{"line":54,"column":35},"end":{"line":54,"column":41}},"28":{"start":{"line":55,"column":12},"end":{"line":55,"column":43}},"29":{"start":{"line":55,"column":33},"end":{"line":55,"column":43}},"30":{"start":{"line":56,"column":12},"end":{"line":56,"column":50}},"31":{"start":{"line":65,"column":12},"end":{"line":65,"column":35}},"32":{"start":{"line":66,"column":12},"end":{"line":66,"column":39}},"33":{"start":{"line":69,"column":12},"end":{"line":78,"column":13}},"34":{"start":{"line":72,"column":16},"end":{"line":72,"column":52}},"35":{"start":{"line":75,"column":16},"end":{"line":75,"column":29}},"36":{"start":{"line":76,"column":16},"end":{"line":76,"column":36}},"37":{"start":{"line":77,"column":16},"end":{"line":77,"column":29}},"38":{"start":{"line":80,"column":12},"end":{"line":80,"column":25}},"39":{"start":{"line":87,"column":12},"end":{"line":87,"column":31}},"40":{"start":{"line":88,"column":12},"end":{"line":94,"column":13}},"41":{"start":{"line":89,"column":16},"end":{"line":91,"column":17}},"42":{"start":{"line":90,"column":20},"end":{"line":90,"column":29}},"43":{"start":{"line":92,"column":16},"end":{"line":92,"column":32}},"44":{"start":{"line":93,"column":16},"end":{"line":93,"column":31}},"45":{"start":{"line":95,"column":12},"end":{"line":95,"column":21}},"46":{"start":{"line":102,"column":12},"end":{"line":102,"column":31}},"47":{"start":{"line":110,"column":12},"end":{"line":110,"column":65}},"48":{"start":{"line":111,"column":12},"end":{"line":111,"column":43}},"49":{"start":{"line":119,"column":12},"end":{"line":119,"column":66}},"50":{"start":{"line":120,"column":12},"end":{"line":120,"column":43}},"51":{"start":{"line":129,"column":12},"end":{"line":129,"column":49}},"52":{"start":{"line":130,"column":12},"end":{"line":132,"column":13}},"53":{"start":{"line":131,"column":16},"end":{"line":131,"column":39}},"54":{"start":{"line":133,"column":12},"end":{"line":135,"column":13}},"55":{"start":{"line":134,"column":16},"end":{"line":134,"column":41}},"56":{"start":{"line":136,"column":12},"end":{"line":138,"column":13}},"57":{"start":{"line":137,"column":16},"end":{"line":137,"column":33}},"58":{"start":{"line":139,"column":12},"end":{"line":139,"column":23}},"59":{"start":{"line":144,"column":4},"end":{"line":146,"column":5}},"60":{"start":{"line":145,"column":8},"end":{"line":145,"column":68}},"61":{"start":{"line":148,"column":4},"end":{"line":153,"column":5}},"62":{"start":{"line":149,"column":8},"end":{"line":149,"column":90}},"63":{"start":{"line":149,"column":35},"end":{"line":149,"column":90}},"64":{"start":{"line":150,"column":8},"end":{"line":152,"column":11}},"65":{"start":{"line":155,"column":4},"end":{"line":157,"column":5}},"66":{"start":{"line":156,"column":8},"end":{"line":156,"column":36}},"67":{"start":{"line":159,"column":4},"end":{"line":161,"column":5}},"68":{"start":{"line":160,"column":8},"end":{"line":160,"column":37}},"69":{"start":{"line":164,"column":0},"end":{"line":164,"column":58}},"70":{"start":{"line":165,"column":0},"end":{"line":165,"column":156}},"71":{"start":{"line":166,"column":0},"end":{"line":166,"column":51}},"72":{"start":{"line":169,"column":0},"end":{"line":169,"column":99}},"73":{"start":{"line":170,"column":0},"end":{"line":170,"column":162}},"74":{"start":{"line":171,"column":0},"end":{"line":171,"column":1150}},"75":{"start":{"line":172,"column":0},"end":{"line":172,"column":546}},"76":{"start":{"line":173,"column":0},"end":{"line":173,"column":11351}},"77":{"start":{"line":174,"column":0},"end":{"line":174,"column":97}},"78":{"start":{"line":175,"column":0},"end":{"line":175,"column":15}},"79":{"start":{"line":176,"column":0},"end":{"line":176,"column":710}},"80":{"start":{"line":177,"column":0},"end":{"line":177,"column":162}},"81":{"start":{"line":178,"column":0},"end":{"line":178,"column":55}},"82":{"start":{"line":179,"column":0},"end":{"line":179,"column":17}},"83":{"start":{"line":180,"column":0},"end":{"line":180,"column":341}},"84":{"start":{"line":181,"column":0},"end":{"line":181,"column":73}},"85":{"start":{"line":182,"column":0},"end":{"line":182,"column":68}},"86":{"start":{"line":183,"column":0},"end":{"line":183,"column":55}},"87":{"start":{"line":184,"column":0},"end":{"line":184,"column":29}},"88":{"start":{"line":185,"column":0},"end":{"line":185,"column":19}},"89":{"start":{"line":186,"column":0},"end":{"line":186,"column":73}},"90":{"start":{"line":187,"column":0},"end":{"line":187,"column":106}},"91":{"start":{"line":188,"column":0},"end":{"line":188,"column":229}},"92":{"start":{"line":189,"column":0},"end":{"line":189,"column":37}},"93":{"start":{"line":190,"column":0},"end":{"line":190,"column":767}},"94":{"start":{"line":191,"column":0},"end":{"line":191,"column":207}},"95":{"start":{"line":192,"column":0},"end":{"line":192,"column":216}},"96":{"start":{"line":193,"column":0},"end":{"line":193,"column":607}},"97":{"start":{"line":194,"column":0},"end":{"line":194,"column":1141}},"98":{"start":{"line":195,"column":0},"end":{"line":195,"column":356}},"99":{"start":{"line":196,"column":0},"end":{"line":196,"column":230}},"100":{"start":{"line":197,"column":0},"end":{"line":197,"column":277}},"101":{"start":{"line":198,"column":0},"end":{"line":198,"column":158}},"102":{"start":{"line":199,"column":0},"end":{"line":199,"column":25}},"103":{"start":{"line":200,"column":0},"end":{"line":200,"column":495}},"104":{"start":{"line":201,"column":0},"end":{"line":201,"column":27}},"105":{"start":{"line":202,"column":0},"end":{"line":202,"column":196}},"106":{"start":{"line":203,"column":0},"end":{"line":203,"column":29}},"107":{"start":{"line":204,"column":0},"end":{"line":204,"column":287}},"108":{"start":{"line":205,"column":0},"end":{"line":205,"column":31}},"109":{"start":{"line":206,"column":0},"end":{"line":206,"column":16}},"110":{"start":{"line":207,"column":0},"end":{"line":207,"column":547}},"111":{"start":{"line":208,"column":0},"end":{"line":208,"column":4275}},"112":{"start":{"line":209,"column":0},"end":{"line":209,"column":58}},"113":{"start":{"line":210,"column":0},"end":{"line":210,"column":16}},"114":{"start":{"line":211,"column":0},"end":{"line":211,"column":240}},"115":{"start":{"line":212,"column":0},"end":{"line":212,"column":290}},"116":{"start":{"line":213,"column":0},"end":{"line":213,"column":120}},"117":{"start":{"line":214,"column":0},"end":{"line":214,"column":1032}},"118":{"start":{"line":215,"column":0},"end":{"line":215,"column":457}},"119":{"start":{"line":216,"column":0},"end":{"line":216,"column":107}},"120":{"start":{"line":217,"column":0},"end":{"line":217,"column":104}},"121":{"start":{"line":218,"column":0},"end":{"line":218,"column":251}},"122":{"start":{"line":219,"column":0},"end":{"line":219,"column":211}},"123":{"start":{"line":220,"column":0},"end":{"line":220,"column":1436}},"124":{"start":{"line":221,"column":0},"end":{"line":221,"column":2833}},"125":{"start":{"line":222,"column":0},"end":{"line":222,"column":181}},"126":{"start":{"line":223,"column":0},"end":{"line":223,"column":483}},"127":{"start":{"line":224,"column":0},"end":{"line":224,"column":284}},"128":{"start":{"line":225,"column":0},"end":{"line":225,"column":637}},"129":{"start":{"line":226,"column":0},"end":{"line":226,"column":1023}},"130":{"start":{"line":227,"column":0},"end":{"line":227,"column":147}},"131":{"start":{"line":228,"column":0},"end":{"line":228,"column":845}},"132":{"start":{"line":229,"column":0},"end":{"line":229,"column":1789}},"133":{"start":{"line":230,"column":0},"end":{"line":230,"column":1700}},"134":{"start":{"line":231,"column":0},"end":{"line":231,"column":261}},"135":{"start":{"line":232,"column":0},"end":{"line":232,"column":1005}},"136":{"start":{"line":233,"column":0},"end":{"line":233,"column":250}},"137":{"start":{"line":234,"column":0},"end":{"line":234,"column":994}},"138":{"start":{"line":235,"column":0},"end":{"line":235,"column":94}},"139":{"start":{"line":236,"column":0},"end":{"line":236,"column":418}},"140":{"start":{"line":237,"column":0},"end":{"line":237,"column":17}},"141":{"start":{"line":238,"column":0},"end":{"line":238,"column":516}},"142":{"start":{"line":239,"column":0},"end":{"line":239,"column":945}},"143":{"start":{"line":240,"column":0},"end":{"line":240,"column":1790}},"144":{"start":{"line":241,"column":0},"end":{"line":241,"column":344}},"145":{"start":{"line":242,"column":0},"end":{"line":242,"column":102}},"146":{"start":{"line":243,"column":0},"end":{"line":243,"column":18}},"147":{"start":{"line":244,"column":0},"end":{"line":244,"column":42}},"148":{"start":{"line":245,"column":0},"end":{"line":245,"column":123}},"149":{"start":{"line":246,"column":0},"end":{"line":246,"column":166}},"150":{"start":{"line":247,"column":0},"end":{"line":247,"column":105}},"151":{"start":{"line":248,"column":0},"end":{"line":248,"column":108}},"152":{"start":{"line":249,"column":0},"end":{"line":249,"column":18}},"153":{"start":{"line":250,"column":0},"end":{"line":250,"column":101}},"154":{"start":{"line":251,"column":0},"end":{"line":251,"column":443}},"155":{"start":{"line":252,"column":0},"end":{"line":252,"column":65}},"156":{"start":{"line":253,"column":0},"end":{"line":253,"column":16}},"157":{"start":{"line":254,"column":0},"end":{"line":254,"column":47}},"158":{"start":{"line":255,"column":0},"end":{"line":255,"column":42}},"159":{"start":{"line":256,"column":0},"end":{"line":256,"column":19}},"160":{"start":{"line":257,"column":0},"end":{"line":257,"column":182}},"161":{"start":{"line":258,"column":0},"end":{"line":258,"column":459}},"162":{"start":{"line":259,"column":0},"end":{"line":259,"column":73}},"163":{"start":{"line":260,"column":0},"end":{"line":260,"column":15}},"164":{"start":{"line":261,"column":0},"end":{"line":261,"column":258}},"165":{"start":{"line":262,"column":0},"end":{"line":262,"column":262}},"166":{"start":{"line":263,"column":0},"end":{"line":263,"column":166}},"167":{"start":{"line":264,"column":0},"end":{"line":264,"column":70}},"168":{"start":{"line":265,"column":0},"end":{"line":265,"column":2235}},"169":{"start":{"line":266,"column":0},"end":{"line":266,"column":27}},"170":{"start":{"line":267,"column":0},"end":{"line":267,"column":498}},"171":{"start":{"line":268,"column":0},"end":{"line":268,"column":31}},"172":{"start":{"line":269,"column":0},"end":{"line":269,"column":434}},"173":{"start":{"line":270,"column":0},"end":{"line":270,"column":31}},"174":{"start":{"line":271,"column":0},"end":{"line":271,"column":21}},"175":{"start":{"line":272,"column":0},"end":{"line":272,"column":564}},"176":{"start":{"line":273,"column":0},"end":{"line":273,"column":59}},"177":{"start":{"line":274,"column":0},"end":{"line":274,"column":1619}},"178":{"start":{"line":275,"column":0},"end":{"line":275,"column":35}},"179":{"start":{"line":276,"column":0},"end":{"line":276,"column":146}},"180":{"start":{"line":277,"column":0},"end":{"line":277,"column":483}},"181":{"start":{"line":278,"column":0},"end":{"line":278,"column":453}},"182":{"start":{"line":279,"column":0},"end":{"line":279,"column":67}},"183":{"start":{"line":280,"column":0},"end":{"line":280,"column":93}},"184":{"start":{"line":281,"column":0},"end":{"line":281,"column":20}},"185":{"start":{"line":282,"column":0},"end":{"line":282,"column":468}},"186":{"start":{"line":283,"column":0},"end":{"line":283,"column":145}},"187":{"start":{"line":284,"column":0},"end":{"line":284,"column":250}},"188":{"start":{"line":285,"column":0},"end":{"line":285,"column":172}},"189":{"start":{"line":286,"column":0},"end":{"line":286,"column":186}},"190":{"start":{"line":287,"column":0},"end":{"line":287,"column":140}},"191":{"start":{"line":288,"column":0},"end":{"line":288,"column":223}},"192":{"start":{"line":289,"column":0},"end":{"line":289,"column":31}},"193":{"start":{"line":290,"column":0},"end":{"line":290,"column":16}},"194":{"start":{"line":291,"column":0},"end":{"line":291,"column":327}},"195":{"start":{"line":292,"column":0},"end":{"line":292,"column":194}},"196":{"start":{"line":293,"column":0},"end":{"line":293,"column":99}},"197":{"start":{"line":294,"column":0},"end":{"line":294,"column":265}},"198":{"start":{"line":295,"column":0},"end":{"line":295,"column":94}},"199":{"start":{"line":296,"column":0},"end":{"line":296,"column":402}},"200":{"start":{"line":297,"column":0},"end":{"line":297,"column":229}},"201":{"start":{"line":298,"column":0},"end":{"line":298,"column":191}},"202":{"start":{"line":299,"column":0},"end":{"line":299,"column":115}},"203":{"start":{"line":300,"column":0},"end":{"line":300,"column":75}},"204":{"start":{"line":301,"column":0},"end":{"line":301,"column":139}},"205":{"start":{"line":302,"column":0},"end":{"line":302,"column":75}},"206":{"start":{"line":303,"column":0},"end":{"line":303,"column":228}},"207":{"start":{"line":304,"column":0},"end":{"line":304,"column":81}},"208":{"start":{"line":305,"column":0},"end":{"line":305,"column":757}},"209":{"start":{"line":306,"column":0},"end":{"line":306,"column":237}},"210":{"start":{"line":307,"column":0},"end":{"line":307,"column":810}},"211":{"start":{"line":308,"column":0},"end":{"line":308,"column":797}},"212":{"start":{"line":309,"column":0},"end":{"line":309,"column":4232}},"213":{"start":{"line":310,"column":0},"end":{"line":310,"column":1450}},"214":{"start":{"line":311,"column":0},"end":{"line":311,"column":11365}},"215":{"start":{"line":312,"column":0},"end":{"line":312,"column":505}},"216":{"start":{"line":313,"column":0},"end":{"line":313,"column":290}},"217":{"start":{"line":314,"column":0},"end":{"line":314,"column":4090}},"218":{"start":{"line":315,"column":0},"end":{"line":315,"column":1280}},"219":{"start":{"line":316,"column":0},"end":{"line":316,"column":2468}},"220":{"start":{"line":317,"column":0},"end":{"line":317,"column":289}},"221":{"start":{"line":318,"column":0},"end":{"line":318,"column":237}},"222":{"start":{"line":319,"column":0},"end":{"line":319,"column":1740}},"223":{"start":{"line":320,"column":0},"end":{"line":320,"column":35}},"224":{"start":{"line":321,"column":0},"end":{"line":321,"column":147}},"225":{"start":{"line":322,"column":0},"end":{"line":322,"column":31}},"226":{"start":{"line":323,"column":0},"end":{"line":323,"column":83}},"227":{"start":{"line":324,"column":0},"end":{"line":324,"column":29}},"228":{"start":{"line":325,"column":0},"end":{"line":325,"column":719}},"229":{"start":{"line":326,"column":0},"end":{"line":326,"column":23}},"230":{"start":{"line":327,"column":0},"end":{"line":327,"column":14}},"231":{"start":{"line":328,"column":0},"end":{"line":328,"column":223}},"232":{"start":{"line":329,"column":0},"end":{"line":329,"column":246}},"233":{"start":{"line":330,"column":0},"end":{"line":330,"column":45}},"234":{"start":{"line":331,"column":0},"end":{"line":563,"column":1}},"235":{"start":{"line":333,"column":4},"end":{"line":560,"column":6}},"236":{"start":{"line":334,"column":8},"end":{"line":334,"column":27}},"237":{"start":{"line":335,"column":8},"end":{"line":335,"column":33}},"238":{"start":{"line":336,"column":8},"end":{"line":336,"column":20}},"239":{"start":{"line":337,"column":8},"end":{"line":337,"column":34}},"240":{"start":{"line":339,"column":8},"end":{"line":558,"column":9}},"241":{"start":{"line":341,"column":12},"end":{"line":343,"column":109}},"242":{"start":{"line":342,"column":16},"end":{"line":342,"column":72}},"243":{"start":{"line":342,"column":52},"end":{"line":342,"column":72}},"244":{"start":{"line":343,"column":16},"end":{"line":343,"column":107}},"245":{"start":{"line":343,"column":33},"end":{"line":343,"column":50}},"246":{"start":{"line":343,"column":51},"end":{"line":343,"column":105}},"247":{"start":{"line":345,"column":12},"end":{"line":347,"column":109}},"248":{"start":{"line":346,"column":16},"end":{"line":346,"column":72}},"249":{"start":{"line":346,"column":52},"end":{"line":346,"column":72}},"250":{"start":{"line":347,"column":16},"end":{"line":347,"column":107}},"251":{"start":{"line":347,"column":33},"end":{"line":347,"column":50}},"252":{"start":{"line":347,"column":51},"end":{"line":347,"column":105}},"253":{"start":{"line":349,"column":12},"end":{"line":351,"column":107}},"254":{"start":{"line":350,"column":16},"end":{"line":350,"column":70}},"255":{"start":{"line":350,"column":51},"end":{"line":350,"column":70}},"256":{"start":{"line":351,"column":16},"end":{"line":351,"column":105}},"257":{"start":{"line":351,"column":32},"end":{"line":351,"column":48}},"258":{"start":{"line":351,"column":49},"end":{"line":351,"column":103}},"259":{"start":{"line":353,"column":12},"end":{"line":355,"column":89}},"260":{"start":{"line":354,"column":16},"end":{"line":354,"column":66}},"261":{"start":{"line":354,"column":49},"end":{"line":354,"column":66}},"262":{"start":{"line":355,"column":16},"end":{"line":355,"column":87}},"263":{"start":{"line":355,"column":30},"end":{"line":355,"column":44}},"264":{"start":{"line":355,"column":45},"end":{"line":355,"column":85}},"265":{"start":{"line":357,"column":12},"end":{"line":359,"column":88}},"266":{"start":{"line":358,"column":16},"end":{"line":358,"column":66}},"267":{"start":{"line":358,"column":49},"end":{"line":358,"column":66}},"268":{"start":{"line":359,"column":16},"end":{"line":359,"column":86}},"269":{"start":{"line":359,"column":30},"end":{"line":359,"column":44}},"270":{"start":{"line":359,"column":45},"end":{"line":359,"column":84}},"271":{"start":{"line":361,"column":12},"end":{"line":363,"column":89}},"272":{"start":{"line":362,"column":16},"end":{"line":362,"column":68}},"273":{"start":{"line":362,"column":50},"end":{"line":362,"column":68}},"274":{"start":{"line":363,"column":16},"end":{"line":363,"column":87}},"275":{"start":{"line":363,"column":31},"end":{"line":363,"column":46}},"276":{"start":{"line":363,"column":47},"end":{"line":363,"column":85}},"277":{"start":{"line":365,"column":12},"end":{"line":367,"column":99}},"278":{"start":{"line":366,"column":16},"end":{"line":366,"column":72}},"279":{"start":{"line":366,"column":52},"end":{"line":366,"column":72}},"280":{"start":{"line":367,"column":16},"end":{"line":367,"column":97}},"281":{"start":{"line":367,"column":33},"end":{"line":367,"column":50}},"282":{"start":{"line":367,"column":51},"end":{"line":367,"column":95}},"283":{"start":{"line":369,"column":12},"end":{"line":371,"column":103}},"284":{"start":{"line":370,"column":16},"end":{"line":370,"column":74}},"285":{"start":{"line":370,"column":53},"end":{"line":370,"column":74}},"286":{"start":{"line":371,"column":16},"end":{"line":371,"column":101}},"287":{"start":{"line":371,"column":34},"end":{"line":371,"column":52}},"288":{"start":{"line":371,"column":53},"end":{"line":371,"column":99}},"289":{"start":{"line":373,"column":12},"end":{"line":375,"column":101}},"290":{"start":{"line":374,"column":16},"end":{"line":374,"column":68}},"291":{"start":{"line":374,"column":50},"end":{"line":374,"column":68}},"292":{"start":{"line":375,"column":16},"end":{"line":375,"column":99}},"293":{"start":{"line":375,"column":31},"end":{"line":375,"column":46}},"294":{"start":{"line":375,"column":47},"end":{"line":375,"column":97}},"295":{"start":{"line":377,"column":12},"end":{"line":379,"column":93}},"296":{"start":{"line":378,"column":16},"end":{"line":378,"column":68}},"297":{"start":{"line":378,"column":50},"end":{"line":378,"column":68}},"298":{"start":{"line":379,"column":16},"end":{"line":379,"column":91}},"299":{"start":{"line":379,"column":31},"end":{"line":379,"column":46}},"300":{"start":{"line":379,"column":47},"end":{"line":379,"column":89}},"301":{"start":{"line":381,"column":12},"end":{"line":383,"column":90}},"302":{"start":{"line":382,"column":16},"end":{"line":382,"column":66}},"303":{"start":{"line":382,"column":49},"end":{"line":382,"column":66}},"304":{"start":{"line":383,"column":16},"end":{"line":383,"column":88}},"305":{"start":{"line":383,"column":30},"end":{"line":383,"column":44}},"306":{"start":{"line":383,"column":45},"end":{"line":383,"column":86}},"307":{"start":{"line":385,"column":12},"end":{"line":387,"column":96}},"308":{"start":{"line":386,"column":16},"end":{"line":386,"column":68}},"309":{"start":{"line":386,"column":50},"end":{"line":386,"column":68}},"310":{"start":{"line":387,"column":16},"end":{"line":387,"column":94}},"311":{"start":{"line":387,"column":31},"end":{"line":387,"column":46}},"312":{"start":{"line":387,"column":47},"end":{"line":387,"column":92}},"313":{"start":{"line":389,"column":12},"end":{"line":391,"column":95}},"314":{"start":{"line":390,"column":16},"end":{"line":390,"column":68}},"315":{"start":{"line":390,"column":50},"end":{"line":390,"column":68}},"316":{"start":{"line":391,"column":16},"end":{"line":391,"column":93}},"317":{"start":{"line":391,"column":31},"end":{"line":391,"column":46}},"318":{"start":{"line":391,"column":47},"end":{"line":391,"column":91}},"319":{"start":{"line":393,"column":12},"end":{"line":395,"column":97}},"320":{"start":{"line":394,"column":16},"end":{"line":394,"column":68}},"321":{"start":{"line":394,"column":50},"end":{"line":394,"column":68}},"322":{"start":{"line":395,"column":16},"end":{"line":395,"column":95}},"323":{"start":{"line":395,"column":31},"end":{"line":395,"column":46}},"324":{"start":{"line":395,"column":47},"end":{"line":395,"column":93}},"325":{"start":{"line":397,"column":12},"end":{"line":399,"column":91}},"326":{"start":{"line":398,"column":16},"end":{"line":398,"column":66}},"327":{"start":{"line":398,"column":49},"end":{"line":398,"column":66}},"328":{"start":{"line":399,"column":16},"end":{"line":399,"column":89}},"329":{"start":{"line":399,"column":30},"end":{"line":399,"column":44}},"330":{"start":{"line":399,"column":45},"end":{"line":399,"column":87}},"331":{"start":{"line":401,"column":12},"end":{"line":403,"column":110}},"332":{"start":{"line":402,"column":16},"end":{"line":402,"column":70}},"333":{"start":{"line":402,"column":51},"end":{"line":402,"column":70}},"334":{"start":{"line":403,"column":16},"end":{"line":403,"column":108}},"335":{"start":{"line":403,"column":32},"end":{"line":403,"column":48}},"336":{"start":{"line":403,"column":49},"end":{"line":403,"column":106}},"337":{"start":{"line":405,"column":12},"end":{"line":407,"column":112}},"338":{"start":{"line":406,"column":16},"end":{"line":406,"column":72}},"339":{"start":{"line":406,"column":52},"end":{"line":406,"column":72}},"340":{"start":{"line":407,"column":16},"end":{"line":407,"column":110}},"341":{"start":{"line":407,"column":33},"end":{"line":407,"column":50}},"342":{"start":{"line":407,"column":51},"end":{"line":407,"column":108}},"343":{"start":{"line":409,"column":12},"end":{"line":411,"column":102}},"344":{"start":{"line":410,"column":16},"end":{"line":410,"column":66}},"345":{"start":{"line":410,"column":49},"end":{"line":410,"column":66}},"346":{"start":{"line":411,"column":16},"end":{"line":411,"column":100}},"347":{"start":{"line":411,"column":30},"end":{"line":411,"column":44}},"348":{"start":{"line":411,"column":45},"end":{"line":411,"column":98}},"349":{"start":{"line":413,"column":12},"end":{"line":415,"column":106}},"350":{"start":{"line":414,"column":16},"end":{"line":414,"column":70}},"351":{"start":{"line":414,"column":51},"end":{"line":414,"column":70}},"352":{"start":{"line":415,"column":16},"end":{"line":415,"column":104}},"353":{"start":{"line":415,"column":32},"end":{"line":415,"column":48}},"354":{"start":{"line":415,"column":49},"end":{"line":415,"column":102}},"355":{"start":{"line":417,"column":12},"end":{"line":419,"column":108}},"356":{"start":{"line":418,"column":16},"end":{"line":418,"column":72}},"357":{"start":{"line":418,"column":52},"end":{"line":418,"column":72}},"358":{"start":{"line":419,"column":16},"end":{"line":419,"column":106}},"359":{"start":{"line":419,"column":33},"end":{"line":419,"column":50}},"360":{"start":{"line":419,"column":51},"end":{"line":419,"column":104}},"361":{"start":{"line":421,"column":12},"end":{"line":423,"column":108}},"362":{"start":{"line":422,"column":16},"end":{"line":422,"column":72}},"363":{"start":{"line":422,"column":52},"end":{"line":422,"column":72}},"364":{"start":{"line":423,"column":16},"end":{"line":423,"column":106}},"365":{"start":{"line":423,"column":33},"end":{"line":423,"column":50}},"366":{"start":{"line":423,"column":51},"end":{"line":423,"column":104}},"367":{"start":{"line":425,"column":12},"end":{"line":427,"column":110}},"368":{"start":{"line":426,"column":16},"end":{"line":426,"column":74}},"369":{"start":{"line":426,"column":53},"end":{"line":426,"column":74}},"370":{"start":{"line":427,"column":16},"end":{"line":427,"column":108}},"371":{"start":{"line":427,"column":34},"end":{"line":427,"column":52}},"372":{"start":{"line":427,"column":53},"end":{"line":427,"column":106}},"373":{"start":{"line":430,"column":12},"end":{"line":432,"column":96}},"374":{"start":{"line":431,"column":16},"end":{"line":431,"column":60}},"375":{"start":{"line":431,"column":46},"end":{"line":431,"column":60}},"376":{"start":{"line":432,"column":16},"end":{"line":432,"column":94}},"377":{"start":{"line":432,"column":27},"end":{"line":432,"column":38}},"378":{"start":{"line":432,"column":39},"end":{"line":432,"column":92}},"379":{"start":{"line":434,"column":12},"end":{"line":436,"column":96}},"380":{"start":{"line":435,"column":16},"end":{"line":435,"column":60}},"381":{"start":{"line":435,"column":46},"end":{"line":435,"column":60}},"382":{"start":{"line":436,"column":16},"end":{"line":436,"column":94}},"383":{"start":{"line":436,"column":27},"end":{"line":436,"column":38}},"384":{"start":{"line":436,"column":39},"end":{"line":436,"column":92}},"385":{"start":{"line":438,"column":12},"end":{"line":440,"column":98}},"386":{"start":{"line":439,"column":16},"end":{"line":439,"column":62}},"387":{"start":{"line":439,"column":47},"end":{"line":439,"column":62}},"388":{"start":{"line":440,"column":16},"end":{"line":440,"column":96}},"389":{"start":{"line":440,"column":28},"end":{"line":440,"column":40}},"390":{"start":{"line":440,"column":41},"end":{"line":440,"column":94}},"391":{"start":{"line":442,"column":12},"end":{"line":444,"column":96}},"392":{"start":{"line":443,"column":16},"end":{"line":443,"column":60}},"393":{"start":{"line":443,"column":46},"end":{"line":443,"column":60}},"394":{"start":{"line":444,"column":16},"end":{"line":444,"column":94}},"395":{"start":{"line":444,"column":27},"end":{"line":444,"column":38}},"396":{"start":{"line":444,"column":39},"end":{"line":444,"column":92}},"397":{"start":{"line":446,"column":12},"end":{"line":448,"column":96}},"398":{"start":{"line":447,"column":16},"end":{"line":447,"column":60}},"399":{"start":{"line":447,"column":46},"end":{"line":447,"column":60}},"400":{"start":{"line":448,"column":16},"end":{"line":448,"column":94}},"401":{"start":{"line":448,"column":27},"end":{"line":448,"column":38}},"402":{"start":{"line":448,"column":39},"end":{"line":448,"column":92}},"403":{"start":{"line":450,"column":12},"end":{"line":452,"column":96}},"404":{"start":{"line":451,"column":16},"end":{"line":451,"column":60}},"405":{"start":{"line":451,"column":46},"end":{"line":451,"column":60}},"406":{"start":{"line":452,"column":16},"end":{"line":452,"column":94}},"407":{"start":{"line":452,"column":27},"end":{"line":452,"column":38}},"408":{"start":{"line":452,"column":39},"end":{"line":452,"column":92}},"409":{"start":{"line":454,"column":12},"end":{"line":456,"column":96}},"410":{"start":{"line":455,"column":16},"end":{"line":455,"column":60}},"411":{"start":{"line":455,"column":46},"end":{"line":455,"column":60}},"412":{"start":{"line":456,"column":16},"end":{"line":456,"column":94}},"413":{"start":{"line":456,"column":27},"end":{"line":456,"column":38}},"414":{"start":{"line":456,"column":39},"end":{"line":456,"column":92}},"415":{"start":{"line":458,"column":12},"end":{"line":460,"column":96}},"416":{"start":{"line":459,"column":16},"end":{"line":459,"column":60}},"417":{"start":{"line":459,"column":46},"end":{"line":459,"column":60}},"418":{"start":{"line":460,"column":16},"end":{"line":460,"column":94}},"419":{"start":{"line":460,"column":27},"end":{"line":460,"column":38}},"420":{"start":{"line":460,"column":39},"end":{"line":460,"column":92}},"421":{"start":{"line":462,"column":12},"end":{"line":464,"column":96}},"422":{"start":{"line":463,"column":16},"end":{"line":463,"column":60}},"423":{"start":{"line":463,"column":46},"end":{"line":463,"column":60}},"424":{"start":{"line":464,"column":16},"end":{"line":464,"column":94}},"425":{"start":{"line":464,"column":27},"end":{"line":464,"column":38}},"426":{"start":{"line":464,"column":39},"end":{"line":464,"column":92}},"427":{"start":{"line":466,"column":12},"end":{"line":468,"column":98}},"428":{"start":{"line":467,"column":16},"end":{"line":467,"column":62}},"429":{"start":{"line":467,"column":47},"end":{"line":467,"column":62}},"430":{"start":{"line":468,"column":16},"end":{"line":468,"column":96}},"431":{"start":{"line":468,"column":28},"end":{"line":468,"column":40}},"432":{"start":{"line":468,"column":41},"end":{"line":468,"column":94}},"433":{"start":{"line":470,"column":12},"end":{"line":472,"column":98}},"434":{"start":{"line":471,"column":16},"end":{"line":471,"column":62}},"435":{"start":{"line":471,"column":47},"end":{"line":471,"column":62}},"436":{"start":{"line":472,"column":16},"end":{"line":472,"column":96}},"437":{"start":{"line":472,"column":28},"end":{"line":472,"column":40}},"438":{"start":{"line":472,"column":41},"end":{"line":472,"column":94}},"439":{"start":{"line":474,"column":12},"end":{"line":476,"column":98}},"440":{"start":{"line":475,"column":16},"end":{"line":475,"column":62}},"441":{"start":{"line":475,"column":47},"end":{"line":475,"column":62}},"442":{"start":{"line":476,"column":16},"end":{"line":476,"column":96}},"443":{"start":{"line":476,"column":28},"end":{"line":476,"column":40}},"444":{"start":{"line":476,"column":41},"end":{"line":476,"column":94}},"445":{"start":{"line":478,"column":12},"end":{"line":480,"column":98}},"446":{"start":{"line":479,"column":16},"end":{"line":479,"column":62}},"447":{"start":{"line":479,"column":47},"end":{"line":479,"column":62}},"448":{"start":{"line":480,"column":16},"end":{"line":480,"column":96}},"449":{"start":{"line":480,"column":28},"end":{"line":480,"column":40}},"450":{"start":{"line":480,"column":41},"end":{"line":480,"column":94}},"451":{"start":{"line":482,"column":12},"end":{"line":484,"column":98}},"452":{"start":{"line":483,"column":16},"end":{"line":483,"column":62}},"453":{"start":{"line":483,"column":47},"end":{"line":483,"column":62}},"454":{"start":{"line":484,"column":16},"end":{"line":484,"column":96}},"455":{"start":{"line":484,"column":28},"end":{"line":484,"column":40}},"456":{"start":{"line":484,"column":41},"end":{"line":484,"column":94}},"457":{"start":{"line":486,"column":12},"end":{"line":488,"column":98}},"458":{"start":{"line":487,"column":16},"end":{"line":487,"column":62}},"459":{"start":{"line":487,"column":47},"end":{"line":487,"column":62}},"460":{"start":{"line":488,"column":16},"end":{"line":488,"column":96}},"461":{"start":{"line":488,"column":28},"end":{"line":488,"column":40}},"462":{"start":{"line":488,"column":41},"end":{"line":488,"column":94}},"463":{"start":{"line":490,"column":12},"end":{"line":492,"column":98}},"464":{"start":{"line":491,"column":16},"end":{"line":491,"column":62}},"465":{"start":{"line":491,"column":47},"end":{"line":491,"column":62}},"466":{"start":{"line":492,"column":16},"end":{"line":492,"column":96}},"467":{"start":{"line":492,"column":28},"end":{"line":492,"column":40}},"468":{"start":{"line":492,"column":41},"end":{"line":492,"column":94}},"469":{"start":{"line":494,"column":12},"end":{"line":496,"column":98}},"470":{"start":{"line":495,"column":16},"end":{"line":495,"column":62}},"471":{"start":{"line":495,"column":47},"end":{"line":495,"column":62}},"472":{"start":{"line":496,"column":16},"end":{"line":496,"column":96}},"473":{"start":{"line":496,"column":28},"end":{"line":496,"column":40}},"474":{"start":{"line":496,"column":41},"end":{"line":496,"column":94}},"475":{"start":{"line":498,"column":12},"end":{"line":500,"column":98}},"476":{"start":{"line":499,"column":16},"end":{"line":499,"column":62}},"477":{"start":{"line":499,"column":47},"end":{"line":499,"column":62}},"478":{"start":{"line":500,"column":16},"end":{"line":500,"column":96}},"479":{"start":{"line":500,"column":28},"end":{"line":500,"column":40}},"480":{"start":{"line":500,"column":41},"end":{"line":500,"column":94}},"481":{"start":{"line":502,"column":12},"end":{"line":504,"column":98}},"482":{"start":{"line":503,"column":16},"end":{"line":503,"column":62}},"483":{"start":{"line":503,"column":47},"end":{"line":503,"column":62}},"484":{"start":{"line":504,"column":16},"end":{"line":504,"column":96}},"485":{"start":{"line":504,"column":28},"end":{"line":504,"column":40}},"486":{"start":{"line":504,"column":41},"end":{"line":504,"column":94}},"487":{"start":{"line":506,"column":12},"end":{"line":508,"column":98}},"488":{"start":{"line":507,"column":16},"end":{"line":507,"column":62}},"489":{"start":{"line":507,"column":47},"end":{"line":507,"column":62}},"490":{"start":{"line":508,"column":16},"end":{"line":508,"column":96}},"491":{"start":{"line":508,"column":28},"end":{"line":508,"column":40}},"492":{"start":{"line":508,"column":41},"end":{"line":508,"column":94}},"493":{"start":{"line":510,"column":12},"end":{"line":512,"column":98}},"494":{"start":{"line":511,"column":16},"end":{"line":511,"column":62}},"495":{"start":{"line":511,"column":47},"end":{"line":511,"column":62}},"496":{"start":{"line":512,"column":16},"end":{"line":512,"column":96}},"497":{"start":{"line":512,"column":28},"end":{"line":512,"column":40}},"498":{"start":{"line":512,"column":41},"end":{"line":512,"column":94}},"499":{"start":{"line":514,"column":12},"end":{"line":516,"column":98}},"500":{"start":{"line":515,"column":16},"end":{"line":515,"column":62}},"501":{"start":{"line":515,"column":47},"end":{"line":515,"column":62}},"502":{"start":{"line":516,"column":16},"end":{"line":516,"column":96}},"503":{"start":{"line":516,"column":28},"end":{"line":516,"column":40}},"504":{"start":{"line":516,"column":41},"end":{"line":516,"column":94}},"505":{"start":{"line":518,"column":12},"end":{"line":520,"column":109}},"506":{"start":{"line":519,"column":16},"end":{"line":519,"column":70}},"507":{"start":{"line":519,"column":51},"end":{"line":519,"column":70}},"508":{"start":{"line":520,"column":16},"end":{"line":520,"column":107}},"509":{"start":{"line":520,"column":32},"end":{"line":520,"column":48}},"510":{"start":{"line":520,"column":49},"end":{"line":520,"column":105}},"511":{"start":{"line":522,"column":12},"end":{"line":524,"column":109}},"512":{"start":{"line":523,"column":16},"end":{"line":523,"column":70}},"513":{"start":{"line":523,"column":51},"end":{"line":523,"column":70}},"514":{"start":{"line":524,"column":16},"end":{"line":524,"column":107}},"515":{"start":{"line":524,"column":32},"end":{"line":524,"column":48}},"516":{"start":{"line":524,"column":49},"end":{"line":524,"column":105}},"517":{"start":{"line":526,"column":12},"end":{"line":528,"column":109}},"518":{"start":{"line":527,"column":16},"end":{"line":527,"column":70}},"519":{"start":{"line":527,"column":51},"end":{"line":527,"column":70}},"520":{"start":{"line":528,"column":16},"end":{"line":528,"column":107}},"521":{"start":{"line":528,"column":32},"end":{"line":528,"column":48}},"522":{"start":{"line":528,"column":49},"end":{"line":528,"column":105}},"523":{"start":{"line":530,"column":12},"end":{"line":532,"column":109}},"524":{"start":{"line":531,"column":16},"end":{"line":531,"column":70}},"525":{"start":{"line":531,"column":51},"end":{"line":531,"column":70}},"526":{"start":{"line":532,"column":16},"end":{"line":532,"column":107}},"527":{"start":{"line":532,"column":32},"end":{"line":532,"column":48}},"528":{"start":{"line":532,"column":49},"end":{"line":532,"column":105}},"529":{"start":{"line":534,"column":12},"end":{"line":536,"column":109}},"530":{"start":{"line":535,"column":16},"end":{"line":535,"column":70}},"531":{"start":{"line":535,"column":51},"end":{"line":535,"column":70}},"532":{"start":{"line":536,"column":16},"end":{"line":536,"column":107}},"533":{"start":{"line":536,"column":32},"end":{"line":536,"column":48}},"534":{"start":{"line":536,"column":49},"end":{"line":536,"column":105}},"535":{"start":{"line":538,"column":12},"end":{"line":540,"column":110}},"536":{"start":{"line":539,"column":16},"end":{"line":539,"column":68}},"537":{"start":{"line":539,"column":50},"end":{"line":539,"column":68}},"538":{"start":{"line":540,"column":16},"end":{"line":540,"column":108}},"539":{"start":{"line":540,"column":31},"end":{"line":540,"column":46}},"540":{"start":{"line":540,"column":47},"end":{"line":540,"column":106}},"541":{"start":{"line":542,"column":12},"end":{"line":544,"column":104}},"542":{"start":{"line":543,"column":16},"end":{"line":543,"column":68}},"543":{"start":{"line":543,"column":50},"end":{"line":543,"column":68}},"544":{"start":{"line":544,"column":16},"end":{"line":544,"column":102}},"545":{"start":{"line":544,"column":31},"end":{"line":544,"column":46}},"546":{"start":{"line":544,"column":47},"end":{"line":544,"column":100}},"547":{"start":{"line":546,"column":12},"end":{"line":548,"column":114}},"548":{"start":{"line":547,"column":16},"end":{"line":547,"column":72}},"549":{"start":{"line":547,"column":52},"end":{"line":547,"column":72}},"550":{"start":{"line":548,"column":16},"end":{"line":548,"column":112}},"551":{"start":{"line":548,"column":33},"end":{"line":548,"column":50}},"552":{"start":{"line":548,"column":51},"end":{"line":548,"column":110}},"553":{"start":{"line":550,"column":12},"end":{"line":552,"column":113}},"554":{"start":{"line":551,"column":16},"end":{"line":551,"column":70}},"555":{"start":{"line":551,"column":51},"end":{"line":551,"column":70}},"556":{"start":{"line":552,"column":16},"end":{"line":552,"column":111}},"557":{"start":{"line":552,"column":32},"end":{"line":552,"column":48}},"558":{"start":{"line":552,"column":49},"end":{"line":552,"column":109}},"559":{"start":{"line":554,"column":12},"end":{"line":556,"column":103}},"560":{"start":{"line":555,"column":16},"end":{"line":555,"column":68}},"561":{"start":{"line":555,"column":50},"end":{"line":555,"column":68}},"562":{"start":{"line":556,"column":16},"end":{"line":556,"column":101}},"563":{"start":{"line":556,"column":31},"end":{"line":556,"column":46}},"564":{"start":{"line":556,"column":47},"end":{"line":556,"column":99}},"565":{"start":{"line":559,"column":8},"end":{"line":559,"column":39}},"566":{"start":{"line":566,"column":0},"end":{"line":568,"column":1}},"567":{"start":{"line":567,"column":4},"end":{"line":567,"column":43}},"568":{"start":{"line":569,"column":0},"end":{"line":590,"column":2}},"569":{"start":{"line":570,"column":4},"end":{"line":588,"column":5}},"570":{"start":{"line":571,"column":8},"end":{"line":571,"column":25}},"571":{"start":{"line":572,"column":8},"end":{"line":572,"column":43}},"572":{"start":{"line":573,"column":8},"end":{"line":573,"column":36}},"573":{"start":{"line":574,"column":8},"end":{"line":574,"column":21}},"574":{"start":{"line":575,"column":8},"end":{"line":577,"column":9}},"575":{"start":{"line":576,"column":12},"end":{"line":576,"column":21}},"576":{"start":{"line":579,"column":8},"end":{"line":582,"column":9}},"577":{"start":{"line":580,"column":12},"end":{"line":580,"column":56}},"578":{"start":{"line":581,"column":12},"end":{"line":581,"column":16}},"579":{"start":{"line":584,"column":8},"end":{"line":584,"column":50}},"580":{"start":{"line":585,"column":8},"end":{"line":587,"column":11}},"581":{"start":{"line":586,"column":12},"end":{"line":586,"column":36}},"582":{"start":{"line":589,"column":4},"end":{"line":589,"column":18}},"583":{"start":{"line":594,"column":0},"end":{"line":622,"column":2}},"584":{"start":{"line":595,"column":4},"end":{"line":620,"column":5}},"585":{"start":{"line":596,"column":8},"end":{"line":596,"column":25}},"586":{"start":{"line":597,"column":8},"end":{"line":597,"column":15}},"587":{"start":{"line":599,"column":8},"end":{"line":599,"column":38}},"588":{"start":{"line":600,"column":8},"end":{"line":600,"column":36}},"589":{"start":{"line":602,"column":8},"end":{"line":614,"column":9}},"590":{"start":{"line":603,"column":12},"end":{"line":612,"column":13}},"591":{"start":{"line":604,"column":16},"end":{"line":604,"column":63}},"592":{"start":{"line":607,"column":12},"end":{"line":612,"column":13}},"593":{"start":{"line":608,"column":16},"end":{"line":608,"column":66}},"594":{"start":{"line":611,"column":16},"end":{"line":611,"column":51}},"595":{"start":{"line":613,"column":12},"end":{"line":613,"column":16}},"596":{"start":{"line":616,"column":8},"end":{"line":616,"column":50}},"597":{"start":{"line":617,"column":8},"end":{"line":619,"column":11}},"598":{"start":{"line":618,"column":12},"end":{"line":618,"column":36}},"599":{"start":{"line":621,"column":4},"end":{"line":621,"column":18}},"600":{"start":{"line":625,"column":0},"end":{"line":646,"column":2}},"601":{"start":{"line":626,"column":4},"end":{"line":644,"column":5}},"602":{"start":{"line":627,"column":8},"end":{"line":627,"column":25}},"603":{"start":{"line":628,"column":8},"end":{"line":628,"column":42}},"604":{"start":{"line":629,"column":8},"end":{"line":629,"column":36}},"605":{"start":{"line":630,"column":8},"end":{"line":630,"column":23}},"606":{"start":{"line":631,"column":8},"end":{"line":633,"column":9}},"607":{"start":{"line":632,"column":12},"end":{"line":632,"column":23}},"608":{"start":{"line":635,"column":8},"end":{"line":638,"column":9}},"609":{"start":{"line":636,"column":12},"end":{"line":636,"column":52}},"610":{"start":{"line":637,"column":12},"end":{"line":637,"column":16}},"611":{"start":{"line":640,"column":8},"end":{"line":640,"column":54}},"612":{"start":{"line":641,"column":8},"end":{"line":643,"column":11}},"613":{"start":{"line":642,"column":12},"end":{"line":642,"column":36}},"614":{"start":{"line":645,"column":4},"end":{"line":645,"column":18}},"615":{"start":{"line":648,"column":0},"end":{"line":665,"column":2}},"616":{"start":{"line":649,"column":4},"end":{"line":663,"column":5}},"617":{"start":{"line":650,"column":8},"end":{"line":650,"column":25}},"618":{"start":{"line":651,"column":8},"end":{"line":651,"column":42}},"619":{"start":{"line":652,"column":8},"end":{"line":652,"column":36}},"620":{"start":{"line":654,"column":8},"end":{"line":657,"column":9}},"621":{"start":{"line":655,"column":12},"end":{"line":655,"column":64}},"622":{"start":{"line":656,"column":12},"end":{"line":656,"column":16}},"623":{"start":{"line":659,"column":8},"end":{"line":659,"column":54}},"624":{"start":{"line":660,"column":8},"end":{"line":662,"column":11}},"625":{"start":{"line":661,"column":12},"end":{"line":661,"column":36}},"626":{"start":{"line":664,"column":4},"end":{"line":664,"column":18}},"627":{"start":{"line":667,"column":0},"end":{"line":688,"column":2}},"628":{"start":{"line":668,"column":4},"end":{"line":686,"column":5}},"629":{"start":{"line":669,"column":8},"end":{"line":669,"column":25}},"630":{"start":{"line":670,"column":8},"end":{"line":670,"column":42}},"631":{"start":{"line":671,"column":8},"end":{"line":671,"column":36}},"632":{"start":{"line":677,"column":8},"end":{"line":680,"column":9}},"633":{"start":{"line":678,"column":12},"end":{"line":678,"column":52}},"634":{"start":{"line":679,"column":12},"end":{"line":679,"column":16}},"635":{"start":{"line":682,"column":8},"end":{"line":682,"column":54}},"636":{"start":{"line":683,"column":8},"end":{"line":685,"column":11}},"637":{"start":{"line":684,"column":12},"end":{"line":684,"column":36}},"638":{"start":{"line":687,"column":4},"end":{"line":687,"column":18}},"639":{"start":{"line":689,"column":0},"end":{"line":712,"column":2}},"640":{"start":{"line":690,"column":4},"end":{"line":710,"column":5}},"641":{"start":{"line":691,"column":8},"end":{"line":691,"column":25}},"642":{"start":{"line":692,"column":8},"end":{"line":692,"column":42}},"643":{"start":{"line":693,"column":8},"end":{"line":693,"column":36}},"644":{"start":{"line":697,"column":8},"end":{"line":704,"column":9}},"645":{"start":{"line":698,"column":12},"end":{"line":702,"column":13}},"646":{"start":{"line":699,"column":16},"end":{"line":699,"column":67}},"647":{"start":{"line":701,"column":16},"end":{"line":701,"column":61}},"648":{"start":{"line":703,"column":12},"end":{"line":703,"column":16}},"649":{"start":{"line":706,"column":8},"end":{"line":706,"column":54}},"650":{"start":{"line":707,"column":8},"end":{"line":709,"column":11}},"651":{"start":{"line":708,"column":12},"end":{"line":708,"column":36}},"652":{"start":{"line":711,"column":4},"end":{"line":711,"column":18}},"653":{"start":{"line":714,"column":0},"end":{"line":730,"column":2}},"654":{"start":{"line":715,"column":4},"end":{"line":715,"column":15}},"655":{"start":{"line":716,"column":4},"end":{"line":716,"column":21}},"656":{"start":{"line":717,"column":4},"end":{"line":717,"column":43}},"657":{"start":{"line":718,"column":4},"end":{"line":723,"column":5}},"658":{"start":{"line":719,"column":8},"end":{"line":719,"column":35}},"659":{"start":{"line":720,"column":8},"end":{"line":720,"column":47}},"660":{"start":{"line":720,"column":29},"end":{"line":720,"column":47}},"661":{"start":{"line":721,"column":8},"end":{"line":721,"column":30}},"662":{"start":{"line":722,"column":8},"end":{"line":722,"column":12}},"663":{"start":{"line":725,"column":4},"end":{"line":725,"column":10}},"664":{"start":{"line":726,"column":4},"end":{"line":728,"column":7}},"665":{"start":{"line":727,"column":8},"end":{"line":727,"column":32}},"666":{"start":{"line":729,"column":4},"end":{"line":729,"column":18}},"667":{"start":{"line":732,"column":0},"end":{"line":749,"column":2}},"668":{"start":{"line":733,"column":4},"end":{"line":733,"column":15}},"669":{"start":{"line":734,"column":4},"end":{"line":734,"column":21}},"670":{"start":{"line":735,"column":4},"end":{"line":735,"column":46}},"671":{"start":{"line":736,"column":4},"end":{"line":741,"column":5}},"672":{"start":{"line":737,"column":8},"end":{"line":737,"column":35}},"673":{"start":{"line":738,"column":8},"end":{"line":738,"column":46}},"674":{"start":{"line":738,"column":28},"end":{"line":738,"column":46}},"675":{"start":{"line":739,"column":8},"end":{"line":739,"column":30}},"676":{"start":{"line":740,"column":8},"end":{"line":740,"column":12}},"677":{"start":{"line":743,"column":4},"end":{"line":743,"column":10}},"678":{"start":{"line":744,"column":4},"end":{"line":746,"column":7}},"679":{"start":{"line":745,"column":8},"end":{"line":745,"column":32}},"680":{"start":{"line":747,"column":4},"end":{"line":747,"column":18}},"681":{"start":{"line":751,"column":0},"end":{"line":768,"column":2}},"682":{"start":{"line":752,"column":4},"end":{"line":752,"column":15}},"683":{"start":{"line":753,"column":4},"end":{"line":753,"column":21}},"684":{"start":{"line":754,"column":4},"end":{"line":754,"column":48}},"685":{"start":{"line":755,"column":4},"end":{"line":760,"column":5}},"686":{"start":{"line":756,"column":8},"end":{"line":756,"column":37}},"687":{"start":{"line":757,"column":8},"end":{"line":757,"column":46}},"688":{"start":{"line":757,"column":28},"end":{"line":757,"column":46}},"689":{"start":{"line":758,"column":8},"end":{"line":758,"column":30}},"690":{"start":{"line":759,"column":8},"end":{"line":759,"column":12}},"691":{"start":{"line":762,"column":4},"end":{"line":762,"column":10}},"692":{"start":{"line":763,"column":4},"end":{"line":765,"column":7}},"693":{"start":{"line":764,"column":8},"end":{"line":764,"column":32}},"694":{"start":{"line":766,"column":4},"end":{"line":766,"column":18}},"695":{"start":{"line":769,"column":0},"end":{"line":896,"column":2}},"696":{"start":{"line":770,"column":4},"end":{"line":894,"column":5}},"697":{"start":{"line":771,"column":8},"end":{"line":771,"column":32}},"698":{"start":{"line":772,"column":8},"end":{"line":772,"column":38}},"699":{"start":{"line":773,"column":8},"end":{"line":773,"column":36}},"700":{"start":{"line":774,"column":8},"end":{"line":774,"column":23}},"701":{"start":{"line":775,"column":8},"end":{"line":777,"column":9}},"702":{"start":{"line":776,"column":12},"end":{"line":776,"column":23}},"703":{"start":{"line":779,"column":8},"end":{"line":887,"column":9}},"704":{"start":{"line":780,"column":12},"end":{"line":884,"column":13}},"705":{"start":{"line":781,"column":16},"end":{"line":781,"column":63}},"706":{"start":{"line":782,"column":16},"end":{"line":782,"column":55}},"707":{"start":{"line":782,"column":37},"end":{"line":782,"column":55}},"708":{"start":{"line":783,"column":16},"end":{"line":783,"column":38}},"709":{"start":{"line":784,"column":19},"end":{"line":884,"column":13}},"710":{"start":{"line":785,"column":16},"end":{"line":785,"column":59}},"711":{"start":{"line":786,"column":16},"end":{"line":786,"column":54}},"712":{"start":{"line":786,"column":36},"end":{"line":786,"column":54}},"713":{"start":{"line":787,"column":16},"end":{"line":787,"column":38}},"714":{"start":{"line":788,"column":19},"end":{"line":884,"column":13}},"715":{"start":{"line":789,"column":16},"end":{"line":789,"column":62}},"716":{"start":{"line":790,"column":16},"end":{"line":790,"column":54}},"717":{"start":{"line":790,"column":36},"end":{"line":790,"column":54}},"718":{"start":{"line":791,"column":16},"end":{"line":791,"column":38}},"719":{"start":{"line":792,"column":19},"end":{"line":884,"column":13}},"720":{"start":{"line":793,"column":16},"end":{"line":793,"column":64}},"721":{"start":{"line":794,"column":16},"end":{"line":794,"column":54}},"722":{"start":{"line":794,"column":36},"end":{"line":794,"column":54}},"723":{"start":{"line":795,"column":16},"end":{"line":795,"column":38}},"724":{"start":{"line":796,"column":19},"end":{"line":884,"column":13}},"725":{"start":{"line":797,"column":16},"end":{"line":797,"column":60}},"726":{"start":{"line":798,"column":16},"end":{"line":798,"column":54}},"727":{"start":{"line":798,"column":36},"end":{"line":798,"column":54}},"728":{"start":{"line":799,"column":16},"end":{"line":799,"column":38}},"729":{"start":{"line":800,"column":19},"end":{"line":884,"column":13}},"730":{"start":{"line":801,"column":16},"end":{"line":801,"column":59}},"731":{"start":{"line":802,"column":16},"end":{"line":802,"column":54}},"732":{"start":{"line":802,"column":36},"end":{"line":802,"column":54}},"733":{"start":{"line":803,"column":16},"end":{"line":803,"column":38}},"734":{"start":{"line":804,"column":19},"end":{"line":884,"column":13}},"735":{"start":{"line":805,"column":16},"end":{"line":805,"column":61}},"736":{"start":{"line":806,"column":16},"end":{"line":806,"column":54}},"737":{"start":{"line":806,"column":36},"end":{"line":806,"column":54}},"738":{"start":{"line":807,"column":16},"end":{"line":807,"column":38}},"739":{"start":{"line":808,"column":19},"end":{"line":884,"column":13}},"740":{"start":{"line":809,"column":16},"end":{"line":809,"column":61}},"741":{"start":{"line":810,"column":16},"end":{"line":810,"column":54}},"742":{"start":{"line":810,"column":36},"end":{"line":810,"column":54}},"743":{"start":{"line":811,"column":16},"end":{"line":811,"column":38}},"744":{"start":{"line":812,"column":19},"end":{"line":884,"column":13}},"745":{"start":{"line":813,"column":16},"end":{"line":813,"column":62}},"746":{"start":{"line":814,"column":16},"end":{"line":814,"column":54}},"747":{"start":{"line":814,"column":36},"end":{"line":814,"column":54}},"748":{"start":{"line":815,"column":16},"end":{"line":815,"column":38}},"749":{"start":{"line":816,"column":19},"end":{"line":884,"column":13}},"750":{"start":{"line":817,"column":16},"end":{"line":817,"column":60}},"751":{"start":{"line":818,"column":16},"end":{"line":818,"column":54}},"752":{"start":{"line":818,"column":36},"end":{"line":818,"column":54}},"753":{"start":{"line":819,"column":16},"end":{"line":819,"column":38}},"754":{"start":{"line":820,"column":19},"end":{"line":884,"column":13}},"755":{"start":{"line":821,"column":16},"end":{"line":821,"column":61}},"756":{"start":{"line":822,"column":16},"end":{"line":822,"column":54}},"757":{"start":{"line":822,"column":36},"end":{"line":822,"column":54}},"758":{"start":{"line":823,"column":16},"end":{"line":823,"column":38}},"759":{"start":{"line":824,"column":19},"end":{"line":884,"column":13}},"760":{"start":{"line":825,"column":16},"end":{"line":825,"column":59}},"761":{"start":{"line":826,"column":16},"end":{"line":826,"column":54}},"762":{"start":{"line":826,"column":36},"end":{"line":826,"column":54}},"763":{"start":{"line":827,"column":16},"end":{"line":827,"column":38}},"764":{"start":{"line":828,"column":19},"end":{"line":884,"column":13}},"765":{"start":{"line":829,"column":16},"end":{"line":829,"column":59}},"766":{"start":{"line":830,"column":16},"end":{"line":830,"column":54}},"767":{"start":{"line":830,"column":36},"end":{"line":830,"column":54}},"768":{"start":{"line":831,"column":16},"end":{"line":831,"column":38}},"769":{"start":{"line":832,"column":19},"end":{"line":884,"column":13}},"770":{"start":{"line":833,"column":16},"end":{"line":833,"column":62}},"771":{"start":{"line":834,"column":16},"end":{"line":834,"column":54}},"772":{"start":{"line":834,"column":36},"end":{"line":834,"column":54}},"773":{"start":{"line":835,"column":16},"end":{"line":835,"column":38}},"774":{"start":{"line":836,"column":19},"end":{"line":884,"column":13}},"775":{"start":{"line":837,"column":16},"end":{"line":837,"column":59}},"776":{"start":{"line":838,"column":16},"end":{"line":838,"column":54}},
[...]
}]},"178":{"line":649,"type":"if","locations":[{"start":{"line":649,"column":4},"end":{"line":649,"column":4}},{"start":{"line":649,"column":4},"end":{"line":649,"column":4}}]},"179":{"line":668,"type":"if","locations":[{"start":{"line":668,"column":4},"end":{"line":668,"column":4}},{"start":{"line":668,"column":4},"end":{"line":668,"column":4}}]},"180":{"line":690,"type":"if","locations":[{"start":{"line":690,"column":4},"end":{"line":690,"column":4}},{"start":{"line":690,"column":4},"end":{"line":690,"column":4}}]},"181":{"line":698,"type":"if","locations":[{"start":{"line":698,"column":12},"end":{"line":698,"column":12}},{"start":{"line":698,"column":12},"end":{"line":698,"column":12}}]},"182":{"line":720,"type":"if","locations":[{"start":{"line":720,"column":8},"end":{"line":720,"column":8}},{"start":{"line":720,"column":8},"end":{"line":720,"column":8}}]},"183":{"line":738,"type":"if","locations":[{"start":{"line":738,"column":8},"end":{"line":738,"column":8}},{"start":{"line":738,"column":8},"end":{"line":738,"column":8}}]},"184":{"line":757,"type":"if","locations":[{"start":{"line":757,"column":8},"end":{"line":757,"column":8}},{"start":{"line":757,"column":8},"end":{"line":757,"column":8}}]},"185":{"line":770,"type":"if","locations":[{"start":{"line":770,"column":4},"end":{"line":770,"column":4}},{"start":{"line":770,"column":4},"end":{"line":770,"column":4}}]},"186":{"line":775,"type":"if","locations":[{"start":{"line":775,"column":8},"end":{"line":775,"column":8}},{"start":{"line":775,"column":8},"end":{"line":775,"column":8}}]},"187":{"line":780,"type":"if","locations":[{"start":{"line":780,"column":12},"end":{"line":780,"column":12}},{"start":{"line":780,"column":12},"end":{"line":780,"column":12}}]},"188":{"line":782,"type":"if","locations":[{"start":{"line":782,"column":16},"end":{"line":782,"column":16}},{"start":{"line":782,"column":16},"end":{"line":782,"column":16}}]},"189":{"line":784,"type":"if","locations":[{"start":{"line":784,"column":19},"end":{"line":784,"column":19}},{"start":{"line":784,"column":19},"end":{"line":784,"column":19}}]},"190":{"line":786,"type":"if","locations":[{"start":{"line":786,"column":16},"end":{"line":786,"column":16}},{"start":{"line":786,"column":16},"end":{"line":786,"column":16}}]},"191":{"line":788,"type":"if","locations":[{"start":{"line":788,"column":19},"end":{"line":788,"column":19}},{"start":{"line":788,"column":19},"end":{"line":788,"column":19}}]},"192":{"line":790,"type":"if","locations":[{"start":{"line":790,"column":16},"end":{"line":790,"column":16}},{"start":{"line":790,"column":16},"end":{"line":790,"column":16}}]},"193":{"line":792,"type":"if","locations":[{"start":{"line":792,"column":19},"end":{"line":792,"column":19}},{"start":{"line":792,"column":19},"end":{"line":792,"column":19}}]},"194":{"line":794,"type":"if","locations":[{"start":{"line":794,"column":16},"end":{"line":794,"column":16}},{"start":{"line":794,"column":16},"end":{"line":794,"column":16}}]},"195":{"line":796,"type":"if","locations":[{"start":{"line":796,"column":19},"end":{"line":796,"column":19}},{"start":{"line":796,"column":19},"end":{"line":796,"column":19}}]},"196":{"line":798,"type":"if","locations":[{"start":{"line":798,"column":16},"end":{"line":798,"column":16}},{"start":{"line":798,"column":16},"end":{"line":798,"column":16}}]},"197":{"line":800,"type":"if","locations":[{"start":{"line":800,"column":19},"end":{"line":800,"column":19}},{"start":{"line":800,"column":19},"end":{"line":800,"column":19}}]},"198":{"line":802,"type":"if","locations":[{"start":{"line":802,"column":16},"end":{"line":802,"column":16}},{"start":{"line":802,"column":16},"end":{"line":802,"column":16}}]},"199":{"line":804,"type":"if","locations":[{"start":{"line":804,"column":19},"end":{"line":804,"column":19}},{"start":{"line":804,"column":19},"end":{"line":804,"column":19}}]},"200":{"line":806,"type":"if","locations":[{"start":{"line":806,"column":16},"end":{"line":806,"column":16}},{"start":{"line":806,"column":16},"end":{"line":806,"column":16}}]},"201":{"line":808,"type":"if","locations":[{"start":{"line":808,"column":19},"end":{"line":808,"column":19}},{"start":{"line":808,"column":19},"end":{"line":808,"column":19}}]},"202":{"line":810,"type":"if","locations":[{"start":{"line":810,"column":16},"end":{"line":810,"column":16}},{"start":{"line":810,"column":16},"end":{"line":810,"column":16}}]},"203":{"line":812,"type":"if","locations":[{"start":{"line":812,"column":19},"end":{"line":812,"column":19}},{"start":{"line":812,"column":19},"end":{"line":812,"column":19}}]},"204":{"line":814,"type":"if","locations":[{"start":{"line":814,"column":16},"end":{"line":814,"column":16}},{"start":{"line":814,"column":16},"end":{"line":814,"column":16}}]},"205":{"line":816,"type":"if","locations":[{"start":{"line":816,"column":19},"end":{"line":816,"column":19}},{"start":{"line":816,"column":19},"end":{"line":816,"column":19}}]},"206":{"line":818,"type":"if","locations":[{"start":{"line":818,"column":16},"end":{"line":818,"column":16}},{"start":{"line":818,"column":16},"end":{"line":818,"column":16}}]},"207":{"line":820,"type":"if","locations":[{"start":{"line":820,"column":19},"end":{"line":820,"column":19}},{"start":{"line":820,"column":19},"end":{"line":820,"column":19}}]},"208":{"line":822,"type":"if","locations":[{"start":{"line":822,"column":16},"end":{"line":822,"column":16}},{"start":{"line":822,"column":16},"end":{"line":822,"column":16}}]},"209":{"line":824,"type":"if","locations":[{"start":{"line":824,"column":19},"end":{"line":824,"column":19}},{"start":{"line":824,"column":19},"end":{"line":824,"column":19}}]},"210":{"line":826,"type":"if","locations":[{"start":{"line":826,"column":16},"end":{"line":826,"column":16}},{"start":{"line":826,"column":16},"end":{"line":826,"column":16}}]},"211":{"line":828,"type":"if","locations":[{"start":{"line":828,"column":19},"end":{"line":828,"column":19}},{"start":{"line":828,"column":19},"end":{"line":828,"column":19}}]},"212":{"line":830,"type":"if","locations":[{"start":{"line":830,"column":16},"end":{"line":830,"column":16}},{"start":{"line":830,"column":16},"end":{"line":830,"column":16}}]},"213":{"line":832,"type":"if","locations":[{"start":{"line":832,"column":19},"end":{"line":832,"column":19}},{"start":{"line":832,"column":19},"end":{"line":832,"column":19}}]},"214":{"line":834,"type":"if","locations":[{"start":{"line":834,"column":16},"end":{"line":834,"column":16}},{"start":{"line":834,"column":16},"end":{"line":834,"column":16}}]},"215":{"line":836,"type":"if","locations":[{"start":{"line":836,"column":19},"end":{"line":836,"column":19}},{"start":{"line":836,"column":19},"end":{"line":836,"column":19}}]},"216":{"line":838,"type":"if","locations":[{"start":{"line":838,"column":16},"end":{"line":838,"column":16}},{"start":{"line":838,"column":16},"end":{"line":838,"column":16}}]},"217":{"line":840,"type":"if","locations":[{"start":{"line":840,"column":19},"end":{"line":840,"column":19}},{"start":{"line":840,"column":19},"end":{"line":840,"column":19}}]},"218":{"line":842,"type":"if","locations":[{"start":{"line":842,"column":16},"end":{"line":842,"column":16}},{"start":{"line":842,"column":16},"end":{"line":842,"column":16}}]},"219":{"line":844,"type":"if","locations":[{"start":{"line":844,"column":19},"end":{"line":844,"column":19}},{"start":{"line":844,"column":19},"end":{"line":844,"column":19}}]},"220":{"line":846,"type":"if","locations":[{"start":{"line":846,"column":16},"end":{"line":846,"column":16}},{"start":{"line":846,"column":16},"end":{"line":846,"column":16}}]},"221":{"line":848,"type":"if","locations":[{"start":{"line":848,"column":19},"end":{"line":848,"column":19}},{"start":{"line":848,"column":19},"end":{"line":848,"column":19}}]},"222":{"line":850,"type":"if","locations":[{"start":{"line":850,"column":16},"end":{"line":850,"column":16}},{"start":{"line":850,"column":16},"end":{"line":850,"column":16}}]},"223":{"line":852,"type":"if","locations":[{"start":{"line":852,"column":19},"end":{"line":852,"column":19}},{"start":{"line":852,"column":19},"end":{"line":852,"column":19}}]},"224":{"line":854,"type":"if","locations":[{"start":{"line":854,"column":16},"end":{"line":854,"column":16}},{"start":{"line":854,"column":16},"end":{"line":854,"column":16}}]},"225":{"line":856,"type":"if","locations":[{"start":{"line":856,"column":19},"end":{"line":856,"column":19}},{"start":{"line":856,"column":19},"end":{"line":856,"column":19}}]},"226":{"line":858,"type":"if","locations":[{"start":{"line":858,"column":16},"end":{"line":858,"column":16}},{"start":{"line":858,"column":16},"end":{"line":858,"column":16}}]},"227":{"line":860,"type":"if","locations":[{"start":{"line":860,"column":19},"end":{"line":860,"column":19}},{"start":{"line":860,"column":19},"end":{"line":860,"column":19}}]},"228":{"line":862,"type":"if","locations":[{"start":{"line":862,"column":16},"end":{"line":862,"column":16}},{"start":{"line":862,"column":16},"end":{"line":862,"column":16}}]},"229":{"line":864,"type":"if","locations":[{"start":{"line":864,"column":19},"end":{"line":864,"column":19}},{"start":{"line":864,"column":19},"end":{"line":864,"column":19}}]},"230":{"line":866,"type":"if","locations":[{"start":{"line":866,"column":16},"end":{"line":866,"column":16}},{"start":{"line":866,"column":16},"end":{"line":866,"column":16}}]},"231":{"line":868,"type":"if","locations":[{"start":{"line":868,"column":19},"end":{"line":868,"column":19}},{"start":{"line":868,"column":19},"end":{"line":868,"column":19}}]},"232":{"line":870,"type":"if","locations":[{"start":{"line":870,"column":16},"end":{"line":870,"column":16}},{"start":{"line":870,"column":16},"end":{"line":870,"column":16}}]},"233":{"line":872,"type":"if","locations":[{"start":{"line":872,"column":19},"end":{"line":872,"column":19}},{"start":{"line":872,"column":19},"end":{"line":872,"column":19}}]},"234":{"line":874,"type":"if","locations":[{"start":{"line":874,"column":16},"end":{"line":874,"column":16}},{"start":{"line":874,"column":16},"end":{"line":874,"column":16}}]},"235":{"line":876,"type":"if","locations":[{"start":{"line":876,"column":19},"end":{"line":876,"column":19}},{"start":{"line":876,"column":19},"end":{"line":876,"column":19}}]},"236":{"line":878,"type":"if","locations":[{"start":{"line":878,"column":16},"end":{"line":878,"column":16}},{"start":{"line":878,"column":16},"end":{"line":878,"column":16}}]},"237":{"line":882,"type":"if","locations":[{"start":{"line":882,"column":16},"end":{"line":882,"column":16}},{"start":{"line":882,"column":16},"end":{"line":882,"column":16}}]},"238":{"line":905,"type":"if","locations":[{"start":{"line":905,"column":8},"end":{"line":905,"column":8}},{"start":{"line":905,"column":8},"end":{"line":905,"column":8}}]},"239":{"line":925,"type":"if","locations":[{"start":{"line":925,"column":8},"end":{"line":925,"column":8}},{"start":{"line":925,"column":8},"end":{"line":925,"column":8}}]},"240":{"line":940,"type":"if","locations":[{"start":{"line":940,"column":4},"end":{"line":940,"column":4}},{"start":{"line":940,"column":4},"end":{"line":940,"column":4}}]},"241":{"line":945,"type":"if","locations":[{"start":{"line":945,"column":8},"end":{"line":945,"column":8}},{"start":{"line":945,"column":8},"end":{"line":945,"column":8}}]},"242":{"line":962,"type":"if","locations":[{"start":{"line":962,"column":4},"end":{"line":962,"column":4}},{"start":{"line":962,"column":4},"end":{"line":962,"column":4}}]},"243":{"line":967,"type":"if","locations":[{"start":{"line":967,"column":8},"end":{"line":967,"column":8}},{"start":{"line":967,"column":8},"end":{"line":967,"column":8}}]},"244":{"line":972,"type":"if","locations":[{"start":{"line":972,"column":12},"end":{"line":972,"column":12}},{"start":{"line":972,"column":12},"end":{"line":972,"column":12}}]},"245":{"line":975,"type":"if","locations":[{"start":{"line":975,"column":12},"end":{"line":975,"column":12}},{"start":{"line":975,"column":12},"end":{"line":975,"column":12}}]},"246":{"line":978,"type":"if","locations":[{"start":{"line":978,"column":12},"end":{"line":978,"column":12}},{"start":{"line":978,"column":12},"end":{"line":978,"column":12}}]},"247":{"line":981,"type":"if","locations":[{"start":{"line":981,"column":12},"end":{"line":981,"column":12}},{"start":{"line":981,"column":12},"end":{"line":981,"column":12}}]},"248":{"line":984,"type":"if","locations":[{"start":{"line":984,"column":12},"end":{"line":984,"column":12}},{"start":{"line":984,"column":12},"end":{"line":984,"column":12}}]},"249":{"line":987,"type":"if","locations":[{"start":{"line":987,"column":12},"end":{"line":987,"column":12}},{"start":{"line":987,"column":12},"end":{"line":987,"column":12}}]},"250":{"line":1009,"type":"if","locations":[{"start":{"line":1009,"column":8},"end":{"line":1009,"column":8}},{"start":{"line":1009,"column":8},"end":{"line":1009,"column":8}}]},"251":{"line":1028,"type":"if","locations":[{"start":{"line":1028,"column":8},"end":{"line":1028,"column":8}},{"start":{"line":1028,"column":8},"end":{"line":1028,"column":8}}]},"252":{"line":1041,"type":"if","locations":[{"start":{"line":1041,"column":8},"end":{"line":1041,"column":8}},{"start":{"line":1041,"column":8},"end":{"line":1041,"column":8}}]},"253":{"line":1042,"type":"if","locations":[{"start":{"line":1042,"column":8},"end":{"line":1042,"column":8}},{"start":{"line":1042,"column":8},"end":{"line":1042,"column":8}}]},"254":{"line":1061,"type":"if","locations":[{"start":{"line":1061,"column":4},"end":{"line":1061,"column":4}},{"start":{"line":1061,"column":4},"end":{"line":1061,"column":4}}]},"255":{"line":1062,"type":"if","locations":[{"start":{"line":1062,"column":4},"end":{"line":1062,"column":4}},{"start":{"line":1062,"column":4},"end":{"line":1062,"column":4}}]},"256":{"line":1081,"type":"if","locations":[{"start":{"line":1081,"column":4},"end":{"line":1081,"column":4}},{"start":{"line":1081,"column":4},"end":{"line":1081,"column":4}}]},"257":{"line":1082,"type":"if","locations":[{"start":{"line":1082,"column":4},"end":{"line":1082,"column":4}},{"start":{"line":1082,"column":4},"end":{"line":1082,"column":4}}]},"258":{"line":1106,"type":"if","locations":[{"start":{"line":1106,"column":12},"end":{"line":1106,"column":12}},{"start":{"line":1106,"column":12},"end":{"line":1106,"column":12}}]},"259":{"line":1120,"type":"if","locations":[{"start":{"line":1120,"column":4},"end":{"line":1120,"column":4}},{"start":{"line":1120,"column":4},"end":{"line":1120,"column":4}}]},"260":{"line":1121,"type":"if","locations":[{"start":{"line":1121,"column":4},"end":{"line":1121,"column":4}},{"start":{"line":1121,"column":4},"end":{"line":1121,"column":4}}]},"261":{"line":1128,"type":"if","locations":[{"start":{"line":1128,"column":12},"end":{"line":1128,"column":12}},{"start":{"line":1128,"column":12},"end":{"line":1128,"column":12}}]},"262":{"line":1192,"type":"if","locations":[{"start":{"line":1192,"column":4},"end":{"line":1192,"column":4}},{"start":{"line":1192,"column":4},"end":{"line":1192,"column":4}}]},"263":{"line":1196,"type":"if","locations":[{"start":{"line":1196,"column":4},"end":{"line":1196,"column":4}},{"start":{"line":1196,"column":4},"end":{"line":1196,"column":4}}]},"264":{"line":1216,"type":"if","locations":[{"start":{"line":1216,"column":4},"end":{"line":1216,"column":4}},{"start":{"line":1216,"column":4},"end":{"line":1216,"column":4}}]},"265":{"line":1220,"type":"if","locations":[{"start":{"line":1220,"column":4},"end":{"line":1220,"column":4}},{"start":{"line":1220,"column":4},"end":{"line":1220,"column":4}}]},"266":{"line":1224,"type":"if","locations":[{"start":{"line":1224,"column":4},"end":{"line":1224,"column":4}},{"start":{"line":1224,"column":4},"end":{"line":1224,"column":4}}]},"267":{"line":1228,"type":"if","locations":[{"start":{"line":1228,"column":4},"end":{"line":1228,"column":4}},{"start":{"line":1228,"column":4},"end":{"line":1228,"column":4}}]},"268":{"line":1232,"type":"if","locations":[{"start":{"line":1232,"column":4},"end":{"line":1232,"column":4}},{"start":{"line":1232,"column":4},"end":{"line":1232,"column":4}}]},"269":{"line":1236,"type":"if","locations":[{"start":{"line":1236,"column":4},"end":{"line":1236,"column":4}},{"start":{"line":1236,"column":4},"end":{"line":1236,"column":4}}]},"270":{"line":1240,"type":"if","locations":[{"start":{"line":1240,"column":4},"end":{"line":1240,"column":4}},{"start":{"line":1240,"column":4},"end":{"line":1240,"column":4}}]},"271":{"line":1244,"type":"if","locations":[{"start":{"line":1244,"column":4},"end":{"line":1244,"column":4}},{"start":{"line":1244,"column":4},"end":{"line":1244,"column":4}}]},"272":{"line":1248,"type":"if","locations":[{"start":{"line":1248,"column":4},"end":{"line":1248,"column":4}},{"start":{"line":1248,"column":4},"end":{"line":1248,"column":4}}]},"273":{"line":1252,"type":"if","locations":[{"start":{"line":1252,"column":4},"end":{"line":1252,"column":4}},{"start":{"line":1252,"column":4},"end":{"line":1252,"column":4}}]},"274":{"line":1256,"type":"if","locations":[{"start":{"line":1256,"column":4},"end":{"line":1256,"column":4}},{"start":{"line":1256,"column":4},"end":{"line":1256,"column":4}}]},"275":{"line":1260,"type":"if","locations":[{"start":{"line":1260,"column":4},"end":{"line":1260,"column":4}},{"start":{"line":1260,"column":4},"end":{"line":1260,"column":4}}]},"276":{"line":1264,"type":"if","locations":[{"start":{"line":1264,"column":4},"end":{"line":1264,"column":4}},{"start":{"line":1264,"column":4},"end":{"line":1264,"column":4}}]},"277":{"line":1268,"type":"if","locations":[{"start":{"line":1268,"column":4},"end":{"line":1268,"column":4}},{"start":{"line":1268,"column":4},"end":{"line":1268,"column":4}}]},"278":{"line":1272,"type":"if","locations":[{"start":{"line":1272,"column":4},"end":{"line":1272,"column":4}},{"start":{"line":1272,"column":4},"end":{"line":1272,"column":4}}]},"279":{"line":1276,"type":"if","locations":[{"start":{"line":1276,"column":4},"end":{"line":1276,"column":4}},{"start":{"line":1276,"column":4},"end":{"line":1276,"column":4}}]},"280":{"line":1280,"type":"if","locations":[{"start":{"line":1280,"column":4},"end":{"line":1280,"column":4}},{"start":{"line":1280,"column":4},"end":{"line":1280,"column":4}}]},"281":{"line":1284,"type":"if","locations":[{"start":{"line":1284,"column":4},"end":{"line":1284,"column":4}},{"start":{"line":1284,"column":4},"end":{"line":1284,"column":4}}]},"282":{"line":1288,"type":"if","locations":[{"start":{"line":1288,"column":4},"end":{"line":1288,"column":4}},{"start":{"line":1288,"column":4},"end":{"line":1288,"column":4}}]},"283":{"line":1292,"type":"if","locations":[{"start":{"line":1292,"column":4},"end":{"line":1292,"column":4}},{"start":{"line":1292,"column":4},"end":{"line":1292,"column":4}}]},"284":{"line":1296,"type":"if","locations":[{"start":{"line":1296,"column":4},"end":{"line":1296,"column":4}},{"start":{"line":1296,"column":4},"end":{"line":1296,"column":4}}]},"285":{"line":1300,"type":"if","locations":[{"start":{"line":1300,"column":4},"end":{"line":1300,"column":4}},{"start":{"line":1300,"column":4},"end":{"line":1300,"column":4}}]},"286":{"line":1304,"type":"if","locations":[{"start":{"line":1304,"column":4},"end":{"line":1304,"column":4}},{"start":{"line":1304,"column":4},"end":{"line":1304,"column":4}}]},"287":{"line":1308,"type":"if","locations":[{"start":{"line":1308,"column":4},"end":{"line":1308,"column":4}},{"start":{"line":1308,"column":4},"end":{"line":1308,"column":4}}]},"288":{"line":1312,"type":"if","locations":[{"start":{"line":1312,"column":4},"end":{"line":1312,"column":4}},{"start":{"line":1312,"column":4},"end":{"line":1312,"column":4}}]},"289":{"line":1316,"type":"if","locations":[{"start":{"line":1316,"column":4},"end":{"line":1316,"column":4}},{"start":{"line":1316,"column":4},"end":{"line":1316,"column":4}}]},"290":{"line":1320,"type":"if","locations":[{"start":{"line":1320,"column":4},"end":{"line":1320,"column":4}},{"start":{"line":1320,"column":4},"end":{"line":1320,"column":4}}]}}}}