{"/Users/svenanders/Work/dev/robbis/javascript/simple-rant/npm/index.js":{"path":"/Users/svenanders/Work/dev/robbis/javascript/simple-rant/npm/index.js","s":{"1":1,"2":0,"3":0,"4":0,"5":0,"6":0,"7":0,"8":0,"9":0,"10":0,"11":0,"12":1,"13":1,"14":12,"15":0,"16":12,"17":1,"18":0,"19":1,"20":0,"21":1,"22":0,"23":0,"24":0,"25":0,"26":0,"27":0,"28":0,"29":0,"30":0,"31":0,"32":0,"33":0,"34":0,"35":0,"36":0,"37":0,"38":0,"39":0,"40":0,"41":0,"42":0,"43":0,"44":0,"45":0,"46":0,"47":0,"48":0,"49":0,"50":0,"51":0,"52":0,"53":0,"54":0,"55":0,"56":0,"57":0,"58":0,"59":0,"60":1,"61":12,"62":0,"63":0,"64":0,"65":0,"66":0,"67":0,"68":0,"69":0,"70":0,"71":0,"72":0,"73":0,"74":0,"75":0,"76":0,"77":0,"78":0,"79":0,"80":0,"81":0,"82":0,"83":0,"84":0,"85":0,"86":0,"87":0,"88":0,"89":0,"90":0,"91":0,"92":0,"93":0,"94":0,"95":0,"96":0,"97":0,"98":0,"99":0,"100":1,"101":1,"102":1,"103":1,"104":1,"105":1,"106":1,"107":1,"108":1,"109":1,"110":1,"111":1,"112":1,"113":1,"114":1,"115":1,"116":1,"117":1,"118":1,"119":1,"120":1,"121":1,"122":1,"123":1,"124":1,"125":1,"126":1,"127":1,"128":1,"129":1,"130":1,"131":1,"132":1,"133":1,"134":1,"135":1,"136":1,"137":1,"138":1,"139":1,"140":1,"141":1,"142":1,"143":1,"144":1,"145":1,"146":1,"147":1,"148":1,"149":1,"150":1,"151":1,"152":1,"153":1,"154":1,"155":1,"156":1,"157":1,"158":1,"159":1,"160":1,"161":1,"162":1,"163":1,"164":1,"165":1,"166":1,"167":1,"168":1,"169":1,"170":1,"171":1,"172":1,"173":1,"174":1,"175":1,"176":1,"177":1,"178":1,"179":1,"180":1,"181":1,"182":1,"183":1},"b":{"1":[0,0],"2":[0,0],"3":[0,12],"4":[0,0],"5":[0,0],"6":[0,0],"7":[0,0],"8":[0,0],"9":[0,0],"10":[1,1],"11":[0,0],"12":[0,0],"13":[0,0],"14":[0,0,0],"15":[0,0,0],"16":[0,0],"17":[0,0],"18":[0,0],"19":[0,0],"20":[0,0],"21":[0,0],"22":[0,0],"23":[0,0],"24":[0,0],"25":[0,0,0,0],"26":[0,0],"27":[0,0],"28":[0,0],"29":[0,0],"30":[0,0],"31":[0,0]},"f":{"1":0,"2":0,"3":1,"4":12,"5":0,"6":0,"7":0,"8":0,"9":0,"10":0,"11":0,"12":0,"13":0,"14":0,"15":0,"16":0,"17":0,"18":0,"19":0,"20":0,"21":0,"22":0,"23":0,"24":0,"25":0,"26":0,"27":0,"28":0,"29":0,"30":0,"31":0,"32":0,"33":0},"fnMap":{"1":{"name":"SimpleRant","line":1,"loc":{"start":{"line":1,"column":-15},"end":{"line":1,"column":21}}},"2":{"name":"(anonymous_2)","line":1,"loc":{"start":{"line":1,"column":43},"end":{"line":1,"column":54}}},"3":{"name":"(anonymous_3)","line":1,"loc":{"start":{"line":1,"column":432},"end":{"line":1,"column":442}}},"4":{"name":"e","line":1,"loc":{"start":{"line":1,"column":428},"end":{"line":1,"column":458}}},"5":{"name":"s","line":1,"loc":{"start":{"line":1,"column":562},"end":{"line":1,"column":592}}},"6":{"name":"i","line":1,"loc":{"start":{"line":1,"column":600},"end":{"line":1,"column":630}}},"7":{"name":"(anonymous_7)","line":1,"loc":{"start":{"line":1,"column":666},"end":{"line":1,"column":676}}},"8":{"name":"(anonymous_8)","line":1,"loc":{"start":{"line":1,"column":708},"end":{"line":1,"column":719}}},"9":{"name":"(anonymous_9)","line":1,"loc":{"start":{"line":1,"column":754},"end":{"line":1,"column":767}}},"10":{"name":"(anonymous_10)","line":1,"loc":{"start":{"line":1,"column":876},"end":{"line":1,"column":887}}},"11":{"name":"(anonymous_11)","line":1,"loc":{"start":{"line":1,"column":1050},"end":{"line":1,"column":1061}}},"12":{"name":"(anonymous_12)","line":1,"loc":{"start":{"line":1,"column":1115},"end":{"line":1,"column":1126}}},"13":{"name":"(anonymous_13)","line":1,"loc":{"start":{"line":1,"column":1210},"end":{"line":1,"column":1220}}},"14":{"name":"(anonymous_14)","line":1,"loc":{"start":{"line":1,"column":1369},"end":{"line":1,"column":1379}}},"15":{"name":"(anonymous_15)","line":1,"loc":{"start":{"line":1,"column":1518},"end":{"line":1,"column":1528}}},"16":{"name":"(anonymous_16)","line":1,"loc":{"start":{"line":1,"column":1560},"end":{"line":1,"column":1571}}},"17":{"name":"(anonymous_17)","line":1,"loc":{"start":{"line":1,"column":1624},"end":{"line":1,"column":1635}}},"18":{"name":"(anonymous_18)","line":1,"loc":{"start":{"line":1,"column":1681},"end":{"line":1,"column":1692}}},"19":{"name":"(anonymous_19)","line":1,"loc":{"start":{"line":1,"column":1960},"end":{"line":1,"column":1975}}},"20":{"name":"(anonymous_20)","line":1,"loc":{"start":{"line":1,"column":2115},"end":{"line":1,"column":2128}}},"21":{"name":"(anonymous_21)","line":1,"loc":{"start":{"line":1,"column":2404},"end":{"line":1,"column":2415}}},"22":{"name":"(anonymous_22)","line":1,"loc":{"start":{"line":1,"column":2457},"end":{"line":1,"column":2468}}},"23":{"name":"(anonymous_23)","line":1,"loc":{"start":{"line":1,"column":2713},"end":{"line":1,"column":2724}}},"24":{"name":"(anonymous_24)","line":1,"loc":{"start":{"line":1,"column":2892},"end":{"line":1,"column":2902}}},"25":{"name":"(anonymous_25)","line":1,"loc":{"start":{"line":1,"column":2958},"end":{"line":1,"column":2975}}},"26":{"name":"(anonymous_26)","line":1,"loc":{"start":{"line":1,"column":3283},"end":{"line":1,"column":3293}}},"27":{"name":"(anonymous_27)","line":1,"loc":{"start":{"line":1,"column":3614},"end":{"line":1,"column":3625}}},"28":{"name":"(anonymous_28)","line":1,"loc":{"start":{"line":1,"column":3801},"end":{"line":1,"column":3811}}},"29":{"name":"(anonymous_29)","line":1,"loc":{"start":{"line":1,"column":3841},"end":{"line":1,"column":3852}}},"30":{"name":"(anonymous_30)","line":1,"loc":{"start":{"line":1,"column":3947},"end":{"line":1,"column":3957}}},"31":{"name":"(anonymous_31)","line":1,"loc":{"start":{"line":1,"column":4013},"end":{"line":1,"column":4024}}},"32":{"name":"(anonymous_32)","line":1,"loc":{"start":{"line":1,"column":4080},"end":{"line":1,"column":4091}}},"33":{"name":"(anonymous_33)","line":1,"loc":{"start":{"line":1,"column":4375},"end":{"line":1,"column":4388}}}},"statementMap":{"1":{"start":{"line":1,"column":-15},"end":{"line":1,"column":431}},"2":{"start":{"line":1,"column":22},"end":{"line":1,"column":430}},"3":{"start":{"line":1,"column":55},"end":{"line":1,"column":114}},"4":{"start":{"line":1,"column":114},"end":{"line":1,"column":251}},"5":{"start":{"line":1,"column":164},"end":{"line":1,"column":251}},"6":{"start":{"line":1,"column":251},"end":{"line":1,"column":298}},"7":{"start":{"line":1,"column":269},"end":{"line":1,"column":298}},"8":{"start":{"line":1,"column":298},"end":{"line":1,"column":312}},"9":{"start":{"line":1,"column":312},"end":{"line":1,"column":386}},"10":{"start":{"line":1,"column":335},"end":{"line":1,"column":386}},"11":{"start":{"line":1,"column":386},"end":{"line":1,"column":429}},"12":{"start":{"line":1,"column":431},"end":{"line":1,"column":4583}},"13":{"start":{"line":1,"column":428},"end":{"line":1,"column":577}},"14":{"start":{"line":1,"column":459},"end":{"line":1,"column":526}},"15":{"start":{"line":1,"column":481},"end":{"line":1,"column":526}},"16":{"start":{"line":1,"column":526},"end":{"line":1,"column":576}},"17":{"start":{"line":1,"column":562},"end":{"line":1,"column":615}},"18":{"start":{"line":1,"column":593},"end":{"line":1,"column":614}},"19":{"start":{"line":1,"column":600},"end":{"line":1,"column":654}},"20":{"start":{"line":1,"column":631},"end":{"line":1,"column":653}},"21":{"start":{"line":1,"column":654},"end":{"line":1,"column":1831}},"22":{"start":{"line":1,"column":677},"end":{"line":1,"column":697}},"23":{"start":{"line":1,"column":720},"end":{"line":1,"column":745}},"24":{"start":{"line":1,"column":768},"end":{"line":1,"column":785}},"25":{"start":{"line":1,"column":785},"end":{"line":1,"column":814}},"26":{"start":{"line":1,"column":801},"end":{"line":1,"column":814}},"27":{"start":{"line":1,"column":814},"end":{"line":1,"column":859}},"28":{"start":{"line":1,"column":844},"end":{"line":1,"column":859}},"29":{"start":{"line":1,"column":859},"end":{"line":1,"column":867}},"30":{"start":{"line":1,"column":888},"end":{"line":1,"column":915}},"31":{"start":{"line":1,"column":894},"end":{"line":1,"column":915}},"32":{"start":{"line":1,"column":915},"end":{"line":1,"column":968}},"33":{"start":{"line":1,"column":968},"end":{"line":1,"column":999}},"34":{"start":{"line":1,"column":984},"end":{"line":1,"column":999}},"35":{"start":{"line":1,"column":999},"end":{"line":1,"column":1030}},"36":{"start":{"line":1,"column":1015},"end":{"line":1,"column":1030}},"37":{"start":{"line":1,"column":1030},"end":{"line":1,"column":1038}},"38":{"start":{"line":1,"column":1062},"end":{"line":1,"column":1104}},"39":{"start":{"line":1,"column":1127},"end":{"line":1,"column":1200}},"40":{"start":{"line":1,"column":1221},"end":{"line":1,"column":1242}},"41":{"start":{"line":1,"column":1242},"end":{"line":1,"column":1344}},"42":{"start":{"line":1,"column":1272},"end":{"line":1,"column":1344}},"43":{"start":{"line":1,"column":1344},"end":{"line":1,"column":1356}},"44":{"start":{"line":1,"column":1380},"end":{"line":1,"column":1482}},"45":{"start":{"line":1,"column":1424},"end":{"line":1,"column":1482}},"46":{"start":{"line":1,"column":1482},"end":{"line":1,"column":1490}},"47":{"start":{"line":1,"column":1529},"end":{"line":1,"column":1547}},"48":{"start":{"line":1,"column":1572},"end":{"line":1,"column":1588}},"49":{"start":{"line":1,"column":1588},"end":{"line":1,"column":1609}},"50":{"start":{"line":1,"column":1636},"end":{"line":1,"column":1652}},"51":{"start":{"line":1,"column":1652},"end":{"line":1,"column":1673}},"52":{"start":{"line":1,"column":1693},"end":{"line":1,"column":1715}},"53":{"start":{"line":1,"column":1715},"end":{"line":1,"column":1760}},"54":{"start":{"line":1,"column":1741},"end":{"line":1,"column":1760}},"55":{"start":{"line":1,"column":1760},"end":{"line":1,"column":1796}},"56":{"start":{"line":1,"column":1783},"end":{"line":1,"column":1796}},"57":{"start":{"line":1,"column":1796},"end":{"line":1,"column":1820}},"58":{"start":{"line":1,"column":1807},"end":{"line":1,"column":1820}},"59":{"start":{"line":1,"column":1820},"end":{"line":1,"column":1828}},"60":{"start":{"line":1,"column":1831},"end":{"line":1,"column":1855}},"61":{"start":{"line":1,"column":1846},"end":{"line":1,"column":1855}},"62":{"start":{"line":1,"column":1976},"end":{"line":1,"column":2054}},"63":{"start":{"line":1,"column":2054},"end":{"line":1,"column":2309}},"64":{"start":{"line":1,"column":2069},"end":{"line":1,"column":2093}},"65":{"start":{"line":1,"column":2093},"end":{"line":1,"column":2308}},"66":{"start":{"line":1,"column":2129},"end":{"line":1,"column":2306}},"67":{"start":{"line":1,"column":2309},"end":{"line":1,"column":2507}},"68":{"start":{"line":1,"column":2416},"end":{"line":1,"column":2437}},"69":{"start":{"line":1,"column":2469},"end":{"line":1,"column":2504}},"70":{"start":{"line":1,"column":2507},"end":{"line":1,"column":2520}},"71":{"start":{"line":1,"column":2520},"end":{"line":1,"column":2684}},"72":{"start":{"line":1,"column":2725},"end":{"line":1,"column":2915}},"73":{"start":{"line":1,"column":2774},"end":{"line":1,"column":2915}},"74":{"start":{"line":1,"column":2903},"end":{"line":1,"column":2911}},"75":{"start":{"line":1,"column":2915},"end":{"line":1,"column":2923}},"76":{"start":{"line":1,"column":2976},"end":{"line":1,"column":2993}},"77":{"start":{"line":1,"column":2993},"end":{"line":1,"column":3050}},"78":{"start":{"line":1,"column":3050},"end":{"line":1,"column":3059}},"79":{"start":{"line":1,"column":3059},"end":{"line":1,"column":3244}},"80":{"start":{"line":1,"column":3073},"end":{"line":1,"column":3235}},"81":{"start":{"line":1,"column":3092},"end":{"line":1,"column":3100}},"82":{"start":{"line":1,"column":3100},"end":{"line":1,"column":3234}},"83":{"start":{"line":1,"column":3235},"end":{"line":1,"column":3243}},"84":{"start":{"line":1,"column":3244},"end":{"line":1,"column":3252}},"85":{"start":{"line":1,"column":3294},"end":{"line":1,"column":3308}},"86":{"start":{"line":1,"column":3308},"end":{"line":1,"column":3651}},"87":{"start":{"line":1,"column":3569},"end":{"line":1,"column":3651}},"88":{"start":{"line":1,"column":3626},"end":{"line":1,"column":3648}},"89":{"start":{"line":1,"column":3651},"end":{"line":1,"column":3763}},"90":{"start":{"line":1,"column":3698},"end":{"line":1,"column":3763}},"91":{"start":{"line":1,"column":3763},"end":{"line":1,"column":3771}},"92":{"start":{"line":1,"column":3812},"end":{"line":1,"column":3913}},"93":{"start":{"line":1,"column":3853},"end":{"line":1,"column":3911}},"94":{"start":{"line":1,"column":3958},"end":{"line":1,"column":3991}},"95":{"start":{"line":1,"column":3991},"end":{"line":1,"column":4049}},"96":{"start":{"line":1,"column":4025},"end":{"line":1,"column":4047}},"97":{"start":{"line":1,"column":4092},"end":{"line":1,"column":4341}},"98":{"start":{"line":1,"column":4205},"end":{"line":1,"column":4341}},"99":{"start":{"line":1,"column":4389},"end":{"line":1,"column":4581}},"100":{"start":{"line":1,"column":4583},"end":{"line":1,"column":4594}},"101":{"start":{"line":1,"column":4594},"end":{"line":1,"column":4914}},"102":{"start":{"line":1,"column":4914},"end":{"line":1,"column":4930}},"103":{"start":{"line":1,"column":4930},"end":{"line":1,"column":5898}},"104":{"start":{"line":1,"column":5898},"end":{"line":1,"column":5914}},"105":{"start":{"line":1,"column":5914},"end":{"line":1,"column":6842}},"106":{"start":{"line":1,"column":6842},"end":{"line":1,"column":6853}},"107":{"start":{"line":1,"column":6853},"end":{"line":1,"column":21011}},"108":{"start":{"line":1,"column":21011},"end":{"line":1,"column":21022}},"109":{"start":{"line":1,"column":21022},"end":{"line":1,"column":23741}},"110":{"start":{"line":1,"column":23741},"end":{"line":1,"column":23754}},"111":{"start":{"line":1,"column":23754},"end":{"line":1,"column":24318}},"112":{"start":{"line":1,"column":24318},"end":{"line":1,"column":24330}},"113":{"start":{"line":1,"column":24330},"end":{"line":1,"column":24454}},"114":{"start":{"line":1,"column":24454},"end":{"line":1,"column":24469}},"115":{"start":{"line":1,"column":24469},"end":{"line":1,"column":28609}},"116":{"start":{"line":1,"column":28609},"end":{"line":1,"column":28619}},"117":{"start":{"line":1,"column":28619},"end":{"line":1,"column":28838}},"118":{"start":{"line":1,"column":28838},"end":{"line":1,"column":28849}},"119":{"start":{"line":1,"column":28849},"end":{"line":1,"column":29409}},"120":{"start":{"line":1,"column":29409},"end":{"line":1,"column":29421}},"121":{"start":{"line":1,"column":29421},"end":{"line":1,"column":29686}},"122":{"start":{"line":1,"column":29686},"end":{"line":1,"column":29703}},"123":{"start":{"line":1,"column":29703},"end":{"line":1,"column":34313}},"124":{"start":{"line":2,"column":0},"end":{"line":2,"column":13}},"125":{"start":{"line":2,"column":13},"end":{"line":2,"column":373}},"126":{"start":{"line":2,"column":373},"end":{"line":2,"column":385}},"127":{"start":{"line":2,"column":385},"end":{"line":2,"column":16561}},"128":{"start":{"line":2,"column":16561},"end":{"line":2,"column":16574}},"129":{"start":{"line":2,"column":16574},"end":{"line":2,"column":20219}},"130":{"start":{"line":2,"column":20219},"end":{"line":2,"column":20233}},"131":{"start":{"line":2,"column":20233},"end":{"line":2,"column":20822}},"132":{"start":{"line":2,"column":20822},"end":{"line":2,"column":20836}},"133":{"start":{"line":2,"column":20836},"end":{"line":2,"column":21468}},"134":{"start":{"line":2,"column":21468},"end":{"line":2,"column":21487}},"135":{"start":{"line":2,"column":21487},"end":{"line":2,"column":21674}},"136":{"start":{"line":2,"column":21674},"end":{"line":2,"column":21686}},"137":{"start":{"line":2,"column":21686},"end":{"line":2,"column":21990}},"138":{"start":{"line":2,"column":21990},"end":{"line":2,"column":22005}},"139":{"start":{"line":2,"column":22005},"end":{"line":2,"column":22849}},"140":{"start":{"line":2,"column":22849},"end":{"line":2,"column":22860}},"141":{"start":{"line":2,"column":22860},"end":{"line":2,"column":23671}},"142":{"start":{"line":2,"column":23671},"end":{"line":2,"column":23682}},"143":{"start":{"line":2,"column":23682},"end":{"line":2,"column":26013}},"144":{"start":{"line":2,"column":26013},"end":{"line":2,"column":26026}},"145":{"start":{"line":2,"column":26026},"end":{"line":2,"column":26597}},"146":{"start":{"line":2,"column":26597},"end":{"line":2,"column":26610}},"147":{"start":{"line":2,"column":26610},"end":{"line":2,"column":27127}},"148":{"start":{"line":2,"column":27127},"end":{"line":2,"column":27144}},"149":{"start":{"line":2,"column":27144},"end":{"line":2,"column":27828}},"150":{"start":{"line":2,"column":27828},"end":{"line":2,"column":27843}},"151":{"start":{"line":2,"column":27843},"end":{"line":2,"column":29543}},"152":{"start":{"line":2,"column":29543},"end":{"line":2,"column":29558}},"153":{"start":{"line":2,"column":29558},"end":{"line":2,"column":30886}},"154":{"start":{"line":2,"column":30886},"end":{"line":2,"column":30902}},"155":{"start":{"line":2,"column":30902},"end":{"line":2,"column":32333}},"156":{"start":{"line":3,"column":0},"end":{"line":3,"column":13}},"157":{"start":{"line":3,"column":13},"end":{"line":3,"column":309}},"158":{"start":{"line":3,"column":309},"end":{"line":3,"column":321}},"159":{"start":{"line":3,"column":321},"end":{"line":3,"column":2896}},"160":{"start":{"line":3,"column":2896},"end":{"line":3,"column":2908}},"161":{"start":{"line":3,"column":2908},"end":{"line":3,"column":32068}},"162":{"start":{"line":4,"column":0},"end":{"line":4,"column":15}},"163":{"start":{"line":4,"column":15},"end":{"line":4,"column":1855}},"164":{"start":{"line":4,"column":1855},"end":{"line":4,"column":1868}},"165":{"start":{"line":4,"column":1868},"end":{"line":4,"column":2088}},"166":{"start":{"line":4,"column":2088},"end":{"line":4,"column":2097}},"167":{"start":{"line":4,"column":2097},"end":{"line":4,"column":2873}},"168":{"start":{"line":4,"column":2873},"end":{"line":4,"column":2883}},"169":{"start":{"line":4,"column":2883},"end":{"line":4,"column":3417}},"170":{"start":{"line":4,"column":3417},"end":{"line":4,"column":3431}},"171":{"start":{"line":4,"column":3431},"end":{"line":4,"column":3449}},"172":{"start":{"line":4,"column":3449},"end":{"line":4,"column":3506}},"173":{"start":{"line":4,"column":3506},"end":{"line":4,"column":3558}},"174":{"start":{"line":4,"column":3558},"end":{"line":4,"column":3571}},"175":{"start":{"line":4,"column":3571},"end":{"line":4,"column":3587}},"176":{"start":{"line":4,"column":3587},"end":{"line":4,"column":3731}},"177":{"start":{"line":4,"column":3731},"end":{"line":4,"column":3780}},"178":{"start":{"line":4,"column":3780},"end":{"line":4,"column":3799}},"179":{"start":{"line":4,"column":3799},"end":{"line":4,"column":3827}},"180":{"start":{"line":4,"column":3827},"end":{"line":4,"column":3876}},"181":{"start":{"line":4,"column":3876},"end":{"line":4,"column":3996}},"182":{"start":{"line":4,"column":3996},"end":{"line":4,"column":4093}},"183":{"start":{"line":4,"column":4093},"end":{"line":4,"column":4196}}},"branchMap":{"1":{"line":1,"type":"binary-expr","locations":[{"start":{"line":1,"column":205},"end":{"line":1,"column":217}},{"start":{"line":1,"column":220},"end":{"line":1,"column":226}}]},"2":{"line":1,"type":"binary-expr","locations":[{"start":{"line":1,"column":228},"end":{"line":1,"column":240}},{"start":{"line":1,"column":243},"end":{"line":1,"column":249}}]},"3":{"line":1,"type":"if","locations":[{"start":{"line":1,"column":444},"end":{"line":1,"column":444}},{"start":{"line":1,"column":444},"end":{"line":1,"column":444}}]},"4":{"line":1,"type":"if","locations":[{"start":{"line":1,"column":873},"end":{"line":1,"column":873}},{"start":{"line":1,"column":873},"end":{"line":1,"column":873}}]},"5":{"line":1,"type":"cond-expr","locations":[{"start":{"line":1,"column":954},"end":{"line":1,"column":955}},{"start":{"line":1,"column":956},"end":{"line":1,"column":959}}]},"6":{"line":1,"type":"binary-expr","locations":[{"start":{"line":1,"column":1068},"end":{"line":1,"column":1083}},{"start":{"line":1,"column":1086},"end":{"line":1,"column":1089}}]},"7":{"line":1,"type":"binary-expr","locations":[{"start":{"line":1,"column":1133},"end":{"line":1,"column":1148}},{"start":{"line":1,"column":1151},"end":{"line":1,"column":1154}}]},"8":{"line":1,"type":"cond-expr","locations":[{"start":{"line":1,"column":1170},"end":{"line":1,"column":1172}},{"start":{"line":1,"column":1173},"end":{"line":1,"column":1200}}]},"9":{"line":1,"type":"binary-expr","locations":[{"start":{"line":1,"column":1424},"end":{"line":1,"column":1449}},{"start":{"line":1,"column":1452},"end":{"line":1,"column":1480}}]},"10":{"line":1,"type":"binary-expr","locations":[{"start":{"line":1,"column":1859},"end":{"line":1,"column":1885}},{"start":{"line":1,"column":1888},"end":{"line":1,"column":1924}}]},"11":{"line":1,"type":"if","locations":[{"start":{"line":1,"column":2039},"end":{"line":1,"column":2039}},{"start":{"line":1,"column":2039},"end":{"line":1,"column":2039}}]},"12":{"line":1,"type":"binary-expr","locations":[{"start":{"line":1,"column":2093},"end":{"line":1,"column":2103}},{"start":{"line":1,"column":2105},"end":{"line":1,"column":2308}}]},"13":{"line":1,"type":"binary-expr","locations":[{"start":{"line":1,"column":2129},"end":{"line":1,"column":2132}},{"start":{"line":1,"column":2135},"end":{"line":1,"column":2305}}]},"14":{"line":1,"type":"binary-expr","locations":[{"start":{"line":1,"column":2135},"end":{"line":1,"column":2169}},{"start":{"line":1,"column":2171},"end":{"line":1,"column":2199}},{"start":{"line":1,"column":2201},"end":{"line":1,"column":2218}}]},"15":{"line":1,"type":"binary-expr","locations":[{"start":{"line":1,"column":2219},"end":{"line":1,"column":2250}},{"start":{"line":1,"column":2252},"end":{"line":1,"column":2277}},{"start":{"line":1,"column":2280},"end":{"line":1,"column":2304}}]},"16":{"line":1,"type":"cond-expr","locations":[{"start":{"line":1,"column":2329},"end":{"line":1,"column":2385}},{"start":{"line":1,"column":2386},"end":{"line":1,"column":2439}}]},"17":{"line":1,"type":"binary-expr","locations":[{"start":{"line":1,"column":2329},"end":{"line":1,"column":2359}},{"start":{"line":1,"column":2362},"end":{"line":1,"column":2384}}]},"18":{"line":1,"type":"binary-expr","locations":[{"start":{"line":1,"column":2440},"end":{"line":1,"column":2445}},{"start":{"line":1,"column":2447},"end":{"line":1,"column":2506}}]},"19":{"line":1,"type":"binary-expr","locations":[{"start":{"line":1,"column":2469},"end":{"line":1,"column":2497}},{"start":{"line":1,"column":2500},"end":{"line":1,"column":2503}}]},"20":{"line":1,"type":"cond-expr","locations":[{"start":{"line":1,"column":2609},"end":{"line":1,"column":2613}},{"start":{"line":1,"column":2614},"end":{"line":1,"column":2632}}]},"21":{"line":1,"type":"binary-expr","locations":[{"start":{"line":1,"column":2817},"end":{"line":1,"column":2845}},{"start":{"line":1,"column":2848},"end":{"line":1,"column":2913}}]},"22":{"line":1,"type":"binary-expr","locations":[{"start":{"line":1,"column":3143},"end":{"line":1,"column":3171}},{"start":{"line":1,"column":3174},"end":{"line":1,"column":3233}}]},"23":{"line":1,"type":"cond-expr","locations":[{"start":{"line":1,"column":3185},"end":{"line":1,"column":3204}},{"start":{"line":1,"column":3205},"end":{"line":1,"column":3233}}]},"24":{"line":1,"type":"cond-expr","locations":[{"start":{"line":1,"column":3213},"end":{"line":1,"column":3231}},{"start":{"line":1,"column":3232},"end":{"line":1,"column":3233}}]},"25":{"line":1,"type":"binary-expr","locations":[{"start":{"line":1,"column":4253},"end":{"line":1,"column":4279}},{"start":{"line":1,"column":4281},"end":{"line":1,"column":4294}},{"start":{"line":1,"column":4296},"end":{"line":1,"column":4315}},{"start":{"line":1,"column":4318},"end":{"line":1,"column":4335}}]},"26":{"line":1,"type":"cond-expr","locations":[{"start":{"line":1,"column":4407},"end":{"line":1,"column":4422}},{"start":{"line":1,"column":4423},"end":{"line":1,"column":4581}}]},"27":{"line":1,"type":"cond-expr","locations":[{"start":{"line":1,"column":4435},"end":{"line":1,"column":4450}},{"start":{"line":1,"column":4451},"end":{"line":1,"column":4581}}]},"28":{"line":1,"type":"cond-expr","locations":[{"start":{"line":1,"column":4462},"end":{"line":1,"column":4476}},{"start":{"line":1,"column":4477},"end":{"line":1,"column":4581}}]},"29":{"line":1,"type":"cond-expr","locations":[{"start":{"line":1,"column":4489},"end":{"line":1,"column":4504}},{"start":{"line":1,"column":4505},"end":{"line":1,"column":4581}}]},"30":{"line":1,"type":"cond-expr","locations":[{"start":{"line":1,"column":4520},"end":{"line":1,"column":4538}},{"start":{"line":1,"column":4539},"end":{"line":1,"column":4581}}]},"31":{"line":1,"type":"cond-expr","locations":[{"start":{"line":1,"column":4550},"end":{"line":1,"column":4551}},{"start":{"line":1,"column":4552},"end":{"line":1,"column":4581}}]}}}}