TN:
SF:/Users/svenanders/Work/dev/robbis/javascript/simple-rant/simpleRant.js
FN:1,(anonymous_1)
FN:4,(anonymous_2)
FN:7,(anonymous_3)
FN:10,(anonymous_4)
FN:24,(anonymous_5)
FN:43,(anonymous_6)
FN:53,(anonymous_7)
FN:64,(anonymous_8)
FN:86,(anonymous_9)
FN:101,(anonymous_10)
FN:109,(anonymous_11)
FN:118,(anonymous_12)
FN:128,(anonymous_13)
FN:148,installFunction
FN:155,filterOnOtherArray_diff
FN:159,filterOnOtherArray_inter
FN:488,SimpleRant
FN:491,(anonymous_18)
FN:758,(anonymous_19)
FN:775,(anonymous_20)
FN:784,(anonymous_21)
FN:807,(anonymous_22)
FN:815,(anonymous_23)
FN:831,(anonymous_24)
FN:838,(anonymous_25)
FN:850,(anonymous_26)
FN:857,(anonymous_27)
FN:873,(anonymous_28)
FN:879,(anonymous_29)
FN:897,(anonymous_30)
FN:904,(anonymous_31)
FN:916,(anonymous_32)
FN:922,(anonymous_33)
FN:934,(anonymous_34)
FN:941,(anonymous_35)
FN:953,(anonymous_36)
FN:959,(anonymous_37)
FN:1081,(anonymous_38)
FN:1089,(anonymous_39)
FN:1101,(anonymous_40)
FN:1109,(anonymous_41)
FN:1121,(anonymous_42)
FN:1129,(anonymous_43)
FN:1145,(anonymous_44)
FN:1151,(anonymous_45)
FN:1185,(anonymous_46)
FN:1193,(anonymous_47)
FN:1205,(anonymous_48)
FN:1212,(anonymous_49)
FN:1224,(anonymous_50)
FN:1230,(anonymous_51)
FN:1243,(anonymous_52)
FN:1250,(anonymous_53)
FN:1263,(anonymous_54)
FN:1270,(anonymous_55)
FN:1283,(anonymous_56)
FN:1290,(anonymous_57)
FN:1302,(anonymous_58)
FN:1346,(anonymous_59)
FN:1355,(anonymous_60)
FN:1367,(anonymous_61)
FN:1374,(anonymous_62)
FN:1389,(anonymous_63)
FN:1399,(anonymous_64)
FN:1404,(anonymous_65)
FN:1407,(anonymous_66)
FN:1411,(anonymous_67)
FN:1415,(anonymous_68)
FN:1420,(anonymous_69)
FN:1424,(anonymous_70)
FN:1429,(anonymous_71)
FN:1439,(anonymous_72)
FN:1445,(anonymous_73)
FN:1458,(anonymous_74)
FN:1462,(anonymous_75)
FN:1466,(anonymous_76)
FN:1470,(anonymous_77)
FN:1581,(anonymous_78)
FN:1585,(anonymous_79)
FN:1589,(anonymous_80)
FN:1594,(anonymous_81)
FN:1598,(anonymous_82)
FN:1603,(anonymous_83)
FN:1607,(anonymous_84)
FN:1611,(anonymous_85)
FN:1615,(anonymous_86)
FN:1619,(anonymous_87)
FN:1623,(anonymous_88)
FN:1628,(anonymous_89)
FN:1634,(anonymous_90)
FN:1639,(anonymous_91)
FN:1643,(anonymous_92)
FN:1647,(anonymous_93)
FNF:93
FNH:65
FNDA:1,(anonymous_1)
FNDA:0,(anonymous_2)
FNDA:0,(anonymous_3)
FNDA:0,(anonymous_4)
FNDA:0,(anonymous_5)
FNDA:0,(anonymous_6)
FNDA:0,(anonymous_7)
FNDA:0,(anonymous_8)
FNDA:0,(anonymous_9)
FNDA:0,(anonymous_10)
FNDA:0,(anonymous_11)
FNDA:0,(anonymous_12)
FNDA:0,(anonymous_13)
FNDA:12,installFunction
FNDA:0,filterOnOtherArray_diff
FNDA:0,filterOnOtherArray_inter
FNDA:60,SimpleRant
FNDA:60,(anonymous_18)
FNDA:4,(anonymous_19)
FNDA:5,(anonymous_20)
FNDA:4,(anonymous_21)
FNDA:4,(anonymous_22)
FNDA:2,(anonymous_23)
FNDA:2,(anonymous_24)
FNDA:1,(anonymous_25)
FNDA:1,(anonymous_26)
FNDA:1,(anonymous_27)
FNDA:1,(anonymous_28)
FNDA:2,(anonymous_29)
FNDA:2,(anonymous_30)
FNDA:0,(anonymous_31)
FNDA:0,(anonymous_32)
FNDA:1,(anonymous_33)
FNDA:1,(anonymous_34)
FNDA:1,(anonymous_35)
FNDA:1,(anonymous_36)
FNDA:36,(anonymous_37)
FNDA:37,(anonymous_38)
FNDA:1,(anonymous_39)
FNDA:1,(anonymous_40)
FNDA:0,(anonymous_41)
FNDA:0,(anonymous_42)
FNDA:2,(anonymous_43)
FNDA:2,(anonymous_44)
FNDA:6,(anonymous_45)
FNDA:6,(anonymous_46)
FNDA:1,(anonymous_47)
FNDA:1,(anonymous_48)
FNDA:1,(anonymous_49)
FNDA:1,(anonymous_50)
FNDA:1,(anonymous_51)
FNDA:1,(anonymous_52)
FNDA:1,(anonymous_53)
FNDA:1,(anonymous_54)
FNDA:2,(anonymous_55)
FNDA:2,(anonymous_56)
FNDA:0,(anonymous_57)
FNDA:0,(anonymous_58)
FNDA:0,(anonymous_59)
FNDA:3,(anonymous_60)
FNDA:6,(anonymous_61)
FNDA:1,(anonymous_62)
FNDA:1,(anonymous_63)
FNDA:1,(anonymous_64)
FNDA:60,(anonymous_65)
FNDA:1,(anonymous_66)
FNDA:1,(anonymous_67)
FNDA:0,(anonymous_68)
FNDA:0,(anonymous_69)
FNDA:0,(anonymous_70)
FNDA:5,(anonymous_71)
FNDA:2,(anonymous_72)
FNDA:2,(anonymous_73)
FNDA:4,(anonymous_74)
FNDA:2,(anonymous_75)
FNDA:9,(anonymous_76)
FNDA:30,(anonymous_77)
FNDA:0,(anonymous_78)
FNDA:2,(anonymous_79)
FNDA:1,(anonymous_80)
FNDA:1,(anonymous_81)
FNDA:1,(anonymous_82)
FNDA:6,(anonymous_83)
FNDA:1,(anonymous_84)
FNDA:1,(anonymous_85)
FNDA:0,(anonymous_86)
FNDA:0,(anonymous_87)
FNDA:1,(anonymous_88)
FNDA:1,(anonymous_89)
FNDA:3,(anonymous_90)
FNDA:1,(anonymous_91)
FNDA:0,(anonymous_92)
FNDA:5,(anonymous_93)
DA:1,1
DA:2,1
DA:4,0
DA:7,0
DA:11,0
DA:12,0
DA:13,0
DA:14,0
DA:16,0
DA:17,0
DA:18,0
DA:20,0
DA:25,0
DA:26,0
DA:27,0
DA:28,0
DA:29,0
DA:30,0
DA:32,0
DA:33,0
DA:35,0
DA:44,0
DA:45,0
DA:54,0
DA:55,0
DA:56,0
DA:65,0
DA:66,0
DA:69,0
DA:72,0
DA:75,0
DA:76,0
DA:77,0
DA:80,0
DA:87,0
DA:88,0
DA:89,0
DA:90,0
DA:92,0
DA:93,0
DA:95,0
DA:102,0
DA:110,0
DA:111,0
DA:119,0
DA:120,0
DA:129,0
DA:130,0
DA:131,0
DA:133,0
DA:134,0
DA:136,0
DA:137,0
DA:139,0
DA:144,1
DA:145,12
DA:148,1
DA:149,12
DA:150,12
DA:155,1
DA:156,0
DA:159,1
DA:160,0
DA:163,1
DA:165,1
DA:166,1
DA:167,1
DA:168,1
DA:169,1
DA:170,1
DA:171,1
DA:172,1
DA:173,1
DA:174,1
DA:175,1
DA:176,1
DA:177,1
DA:178,1
DA:179,1
DA:180,1
DA:181,1
DA:182,1
DA:183,1
DA:184,1
DA:185,1
DA:186,1
DA:187,1
DA:188,1
DA:189,1
DA:190,1
DA:191,1
DA:192,1
DA:193,1
DA:194,1
DA:195,1
DA:196,1
DA:199,1
DA:200,1
DA:201,1
DA:204,1
DA:209,1
DA:210,1
DA:212,1
DA:218,1
DA:219,1
DA:220,1
DA:222,1
DA:226,1
DA:227,1
DA:229,1
DA:233,1
DA:234,1
DA:236,1
DA:238,1
DA:239,1
DA:240,1
DA:242,1
DA:255,1
DA:256,1
DA:258,1
DA:260,1
DA:261,1
DA:262,1
DA:264,1
DA:266,1
DA:267,1
DA:268,1
DA:270,1
DA:272,1
DA:273,1
DA:274,1
DA:276,1
DA:278,1
DA:279,1
DA:280,1
DA:282,1
DA:286,1
DA:287,1
DA:289,1
DA:316,1
DA:317,1
DA:319,1
DA:325,1
DA:326,1
DA:328,1
DA:334,1
DA:335,1
DA:337,1
DA:341,1
DA:342,1
DA:344,1
DA:346,1
DA:347,1
DA:348,1
DA:350,1
DA:353,1
DA:354,1
DA:356,1
DA:360,1
DA:361,1
DA:363,1
DA:368,1
DA:369,1
DA:371,1
DA:373,1
DA:374,1
DA:375,1
DA:377,1
DA:379,1
DA:380,1
DA:381,1
DA:383,1
DA:385,1
DA:386,1
DA:387,1
DA:389,1
DA:392,1
DA:393,1
DA:395,1
DA:397,1
DA:398,1
DA:399,1
DA:401,1
DA:407,1
DA:408,1
DA:409,1
DA:411,1
DA:418,1
DA:419,1
DA:421,1
DA:423,1
DA:424,1
DA:425,1
DA:427,1
DA:441,1
DA:442,1
DA:444,1
DA:459,1
DA:460,1
DA:461,1
DA:463,1
DA:465,1
DA:466,1
DA:467,1
DA:469,1
DA:471,1
DA:472,1
DA:473,1
DA:475,1
DA:477,1
DA:478,1
DA:479,1
DA:481,1
DA:485,1
DA:486,1
DA:488,1
DA:491,60
DA:492,60
DA:493,60
DA:494,60
DA:495,60
DA:497,60
DA:503,76
DA:504,76
DA:507,76
DA:526,76
DA:528,76
DA:529,2
DA:530,2
DA:532,76
DA:533,1
DA:534,1
DA:536,76
DA:537,1
DA:538,1
DA:540,76
DA:541,1
DA:542,1
DA:544,76
DA:545,6
DA:546,6
DA:548,76
DA:549,1
DA:550,1
DA:552,76
DA:553,1
DA:554,1
DA:556,76
DA:557,0
DA:558,0
DA:560,76
DA:561,1
DA:562,1
DA:564,76
DA:565,2
DA:566,2
DA:568,76
DA:569,1
DA:570,1
DA:572,76
DA:573,1
DA:574,1
DA:576,76
DA:577,1
DA:578,1
DA:580,76
DA:581,1
DA:582,1
DA:584,76
DA:585,0
DA:586,0
DA:588,76
DA:589,4
DA:590,4
DA:591,3
DA:592,3
DA:594,76
DA:595,1
DA:596,1
DA:598,76
DA:599,4
DA:600,4
DA:602,76
DA:603,3
DA:604,3
DA:606,76
DA:607,1
DA:608,1
DA:610,76
DA:611,2
DA:612,2
DA:614,76
DA:615,1
DA:616,1
DA:619,76
DA:620,1
DA:621,1
DA:623,76
DA:624,2
DA:625,2
DA:627,76
DA:628,1
DA:629,1
DA:631,76
DA:632,1
DA:633,1
DA:635,76
DA:636,1
DA:637,1
DA:639,76
DA:640,1
DA:641,1
DA:643,76
DA:644,1
DA:645,1
DA:647,76
DA:648,1
DA:649,1
DA:651,76
DA:652,1
DA:653,1
DA:655,76
DA:656,1
DA:657,1
DA:659,76
DA:660,1
DA:661,1
DA:663,76
DA:664,1
DA:665,1
DA:667,76
DA:668,1
DA:669,1
DA:671,76
DA:672,1
DA:673,1
DA:675,76
DA:676,1
DA:677,1
DA:679,76
DA:680,1
DA:681,1
DA:683,76
DA:684,1
DA:685,1
DA:687,76
DA:688,1
DA:689,1
DA:691,76
DA:692,1
DA:693,1
DA:695,76
DA:696,1
DA:697,1
DA:699,76
DA:700,3
DA:701,3
DA:703,76
DA:704,2
DA:705,2
DA:707,76
DA:708,1
DA:709,1
DA:711,76
DA:712,2
DA:713,2
DA:715,76
DA:716,1
DA:717,1
DA:719,76
DA:720,2
DA:721,2
DA:723,76
DA:724,0
DA:725,0
DA:727,76
DA:728,1
DA:729,1
DA:731,76
DA:732,2
DA:733,2
DA:735,76
DA:736,1
DA:737,1
DA:739,76
DA:740,2
DA:741,2
DA:743,76
DA:744,2
DA:745,2
DA:748,60
DA:755,1
DA:756,1
DA:758,1
DA:759,4
DA:760,4
DA:761,4
DA:762,4
DA:763,4
DA:764,4
DA:765,1
DA:769,4
DA:770,5
DA:771,5
DA:774,4
DA:775,4
DA:776,5
DA:779,4
DA:784,1
DA:785,4
DA:786,4
DA:787,4
DA:789,4
DA:790,4
DA:792,4
DA:793,4
DA:794,1
DA:797,3
DA:798,1
DA:801,2
DA:803,4
DA:806,4
DA:807,4
DA:808,4
DA:811,4
DA:815,1
DA:816,2
DA:817,2
DA:818,2
DA:819,2
DA:820,2
DA:821,2
DA:822,1
DA:825,2
DA:826,2
DA:827,2
DA:830,2
DA:831,2
DA:832,2
DA:835,2
DA:838,1
DA:839,1
DA:840,1
DA:841,1
DA:842,1
DA:844,1
DA:845,1
DA:846,1
DA:849,1
DA:850,1
DA:851,1
DA:854,1
DA:857,1
DA:858,1
DA:859,1
DA:860,1
DA:861,1
DA:867,1
DA:868,1
DA:869,1
DA:872,1
DA:873,1
DA:874,1
DA:877,1
DA:879,1
DA:880,2
DA:881,2
DA:882,2
DA:883,2
DA:887,2
DA:888,2
DA:889,1
DA:891,1
DA:893,2
DA:896,2
DA:897,2
DA:898,2
DA:901,2
DA:904,1
DA:905,0
DA:906,0
DA:907,0
DA:908,0
DA:909,0
DA:910,0
DA:911,0
DA:912,0
DA:915,0
DA:916,0
DA:917,0
DA:919,0
DA:922,1
DA:923,1
DA:924,1
DA:925,1
DA:926,1
DA:927,1
DA:928,1
DA:929,1
DA:930,1
DA:933,1
DA:934,1
DA:935,1
DA:937,1
DA:941,1
DA:942,1
DA:943,1
DA:944,1
DA:945,1
DA:946,1
DA:947,1
DA:948,1
DA:949,1
DA:952,1
DA:953,1
DA:954,1
DA:956,1
DA:959,1
DA:960,36
DA:961,36
DA:962,36
DA:963,36
DA:964,36
DA:965,36
DA:966,4
DA:969,36
DA:970,39
DA:971,3
DA:972,3
DA:973,3
DA:974,36
DA:975,1
DA:976,1
DA:977,1
DA:978,35
DA:979,2
DA:980,2
DA:981,2
DA:982,33
DA:983,1
DA:984,1
DA:985,1
DA:986,32
DA:987,1
DA:988,1
DA:989,1
DA:990,31
DA:991,2
DA:992,2
DA:993,2
DA:994,29
DA:995,1
DA:996,1
DA:997,1
DA:998,28
DA:999,1
DA:1000,1
DA:1001,1
DA:1002,27
DA:1003,1
DA:1004,1
DA:1005,1
DA:1006,26
DA:1007,1
DA:1008,1
DA:1009,1
DA:1010,25
DA:1011,1
DA:1012,1
DA:1013,1
DA:1014,24
DA:1015,1
DA:1016,1
DA:1017,1
DA:1018,23
DA:1019,1
DA:1020,1
DA:1021,1
DA:1022,22
DA:1023,1
DA:1024,1
DA:1025,1
DA:1026,21
DA:1027,1
DA:1028,1
DA:1029,1
DA:1030,20
DA:1031,1
DA:1032,1
DA:1033,1
DA:1034,19
DA:1035,1
DA:1036,1
DA:1037,1
DA:1038,18
DA:1039,1
DA:1040,1
DA:1041,1
DA:1042,17
DA:1043,1
DA:1044,1
DA:1045,1
DA:1046,16
DA:1047,1
DA:1048,1
DA:1049,1
DA:1050,15
DA:1051,1
DA:1052,1
DA:1053,1
DA:1054,14
DA:1055,1
DA:1056,1
DA:1057,1
DA:1058,13
DA:1059,1
DA:1060,1
DA:1061,1
DA:1062,12
DA:1063,1
DA:1064,1
DA:1065,1
DA:1066,11
DA:1067,2
DA:1068,2
DA:1069,2
DA:1071,9
DA:1072,9
DA:1073,9
DA:1076,39
DA:1080,36
DA:1081,36
DA:1082,37
DA:1085,36
DA:1089,1
DA:1090,1
DA:1091,1
DA:1092,1
DA:1093,1
DA:1094,1
DA:1095,1
DA:1096,1
DA:1097,1
DA:1100,1
DA:1101,1
DA:1102,1
DA:1105,1
DA:1109,1
DA:1110,0
DA:1111,0
DA:1112,0
DA:1113,0
DA:1114,0
DA:1115,0
DA:1116,0
DA:1117,0
DA:1120,0
DA:1121,0
DA:1122,0
DA:1125,0
DA:1129,1
DA:1130,2
DA:1131,2
DA:1132,2
DA:1133,2
DA:1134,2
DA:1135,2
DA:1136,1
DA:1139,2
DA:1140,2
DA:1141,2
DA:1144,2
DA:1145,2
DA:1146,2
DA:1149,2
DA:1151,1
DA:1152,6
DA:1153,6
DA:1154,6
DA:1155,6
DA:1156,6
DA:1157,6
DA:1158,2
DA:1161,6
DA:1162,9
DA:1163,2
DA:1165,9
DA:1166,3
DA:1168,9
DA:1169,1
DA:1171,9
DA:1172,0
DA:1174,9
DA:1175,3
DA:1177,9
DA:1178,0
DA:1181,9
DA:1184,6
DA:1185,6
DA:1186,6
DA:1189,6
DA:1193,1
DA:1194,1
DA:1195,1
DA:1196,1
DA:1197,1
DA:1198,1
DA:1199,1
DA:1200,1
DA:1201,1
DA:1204,1
DA:1205,1
DA:1206,1
DA:1208,1
DA:1212,1
DA:1213,1
DA:1214,1
DA:1215,1
DA:1216,1
DA:1217,1
DA:1218,1
DA:1219,1
DA:1220,1
DA:1223,1
DA:1224,1
DA:1225,1
DA:1227,1
DA:1230,1
DA:1231,1
DA:1232,1
DA:1233,1
DA:1234,1
DA:1235,1
DA:1236,1
DA:1237,1
DA:1238,1
DA:1239,1
DA:1242,1
DA:1243,1
DA:1244,1
DA:1246,1
DA:1250,1
DA:1251,1
DA:1252,1
DA:1253,1
DA:1254,1
DA:1255,1
DA:1256,1
DA:1257,1
DA:1258,1
DA:1259,1
DA:1262,1
DA:1263,1
DA:1264,1
DA:1266,1
DA:1270,1
DA:1271,2
DA:1272,2
DA:1273,2
DA:1274,2
DA:1275,2
DA:1276,2
DA:1277,2
DA:1278,2
DA:1279,2
DA:1282,2
DA:1283,2
DA:1284,2
DA:1286,2
DA:1290,1
DA:1291,0
DA:1299,0
DA:1301,0
DA:1302,0
DA:1303,0
DA:1304,0
DA:1305,0
DA:1307,0
DA:1310,0
DA:1311,0
DA:1313,0
DA:1318,0
DA:1330,0
DA:1331,0
DA:1332,0
DA:1333,0
DA:1334,0
DA:1335,0
DA:1336,0
DA:1337,0
DA:1340,0
DA:1341,0
DA:1342,0
DA:1345,0
DA:1346,0
DA:1347,0
DA:1350,0
DA:1355,1
DA:1356,3
DA:1357,3
DA:1358,3
DA:1359,3
DA:1360,6
DA:1361,6
DA:1362,6
DA:1363,6
DA:1366,3
DA:1367,3
DA:1368,6
DA:1370,3
DA:1374,1
DA:1375,1
DA:1376,1
DA:1377,1
DA:1378,1
DA:1379,1
DA:1380,1
DA:1381,1
DA:1382,1
DA:1383,1
DA:1384,1
DA:1385,1
DA:1388,1
DA:1389,1
DA:1390,1
DA:1392,1
DA:1399,1
DA:1400,1
DA:1401,1
DA:1404,1
DA:1405,60
DA:1407,1
DA:1408,1
DA:1409,1
DA:1411,1
DA:1412,1
DA:1415,1
DA:1416,0
DA:1420,1
DA:1421,0
DA:1422,0
DA:1424,1
DA:1425,0
DA:1426,0
DA:1429,1
DA:1430,5
DA:1431,5
DA:1432,5
DA:1434,0
DA:1439,1
DA:1440,2
DA:1441,2
DA:1445,1
DA:1446,2
DA:1447,2
DA:1448,1
DA:1449,1
DA:1451,1
DA:1452,1
DA:1453,1
DA:1458,1
DA:1459,4
DA:1460,4
DA:1462,1
DA:1463,2
DA:1464,2
DA:1466,1
DA:1467,9
DA:1468,9
DA:1470,1
DA:1471,30
DA:1472,3
DA:1473,3
DA:1475,27
DA:1476,1
DA:1477,1
DA:1479,26
DA:1480,2
DA:1481,2
DA:1483,24
DA:1484,1
DA:1485,1
DA:1487,23
DA:1488,1
DA:1489,1
DA:1491,22
DA:1492,2
DA:1493,2
DA:1495,20
DA:1496,1
DA:1497,1
DA:1499,19
DA:1500,1
DA:1501,1
DA:1503,18
DA:1504,1
DA:1505,1
DA:1507,17
DA:1508,1
DA:1509,1
DA:1511,16
DA:1512,1
DA:1513,1
DA:1515,15
DA:1516,0
DA:1517,0
DA:1519,15
DA:1520,1
DA:1521,1
DA:1523,14
DA:1524,1
DA:1525,1
DA:1527,13
DA:1528,1
DA:1529,1
DA:1531,12
DA:1532,1
DA:1533,1
DA:1535,11
DA:1536,1
DA:1537,1
DA:1539,10
DA:1540,1
DA:1541,1
DA:1543,9
DA:1544,1
DA:1545,1
DA:1547,8
DA:1548,1
DA:1549,1
DA:1551,7
DA:1552,1
DA:1553,1
DA:1555,6
DA:1556,1
DA:1557,1
DA:1559,5
DA:1560,1
DA:1561,1
DA:1563,4
DA:1564,1
DA:1565,1
DA:1567,3
DA:1568,1
DA:1569,1
DA:1571,2
DA:1572,0
DA:1573,0
DA:1575,2
DA:1576,2
DA:1577,2
DA:1579,0
DA:1581,1
DA:1582,0
DA:1583,0
DA:1585,1
DA:1586,2
DA:1587,2
DA:1589,1
DA:1590,1
DA:1591,1
DA:1594,1
DA:1595,1
DA:1596,1
DA:1598,1
DA:1599,1
DA:1600,1
DA:1603,1
DA:1604,6
DA:1605,6
DA:1607,1
DA:1608,1
DA:1609,1
DA:1611,1
DA:1612,1
DA:1613,1
DA:1615,1
DA:1616,0
DA:1617,0
DA:1619,1
DA:1620,0
DA:1621,0
DA:1623,1
DA:1624,1
DA:1625,1
DA:1628,1
DA:1629,1
DA:1630,1
DA:1634,1
DA:1635,3
DA:1636,3
DA:1639,1
DA:1640,1
DA:1641,1
DA:1643,1
DA:1644,0
DA:1645,0
DA:1647,1
DA:1648,5
DA:1649,5
LF:1000
LH:868
BRDA:25,1,0,0
BRDA:25,1,1,0
BRDA:28,2,0,0
BRDA:28,2,1,0
BRDA:44,3,0,0
BRDA:44,3,1,0
BRDA:54,4,0,0
BRDA:54,4,1,0
BRDA:55,5,0,0
BRDA:55,5,1,0
BRDA:89,6,0,0
BRDA:89,6,1,0
BRDA:149,7,0,0
BRDA:149,7,1,12
BRDA:528,8,0,2
BRDA:528,8,1,74
BRDA:529,9,0,2
BRDA:529,9,1,0
BRDA:530,10,0,2
BRDA:530,10,1,0
BRDA:532,11,0,1
BRDA:532,11,1,75
BRDA:533,12,0,1
BRDA:533,12,1,0
BRDA:534,13,0,1
BRDA:534,13,1,0
BRDA:536,14,0,1
BRDA:536,14,1,75
BRDA:537,15,0,1
BRDA:537,15,1,0
BRDA:538,16,0,1
BRDA:538,16,1,0
BRDA:540,17,0,1
BRDA:540,17,1,75
BRDA:541,18,0,1
BRDA:541,18,1,0
BRDA:542,19,0,1
BRDA:542,19,1,0
BRDA:544,20,0,6
BRDA:544,20,1,70
BRDA:545,21,0,3
BRDA:545,21,1,3
BRDA:546,22,0,3
BRDA:546,22,1,3
BRDA:548,23,0,1
BRDA:548,23,1,75
BRDA:549,24,0,1
BRDA:549,24,1,0
BRDA:550,25,0,1
BRDA:550,25,1,0
BRDA:552,26,0,1
BRDA:552,26,1,75
BRDA:553,27,0,1
BRDA:553,27,1,0
BRDA:554,28,0,1
BRDA:554,28,1,0
BRDA:556,29,0,0
BRDA:556,29,1,76
BRDA:557,30,0,0
BRDA:557,30,1,0
BRDA:558,31,0,0
BRDA:558,31,1,0
BRDA:560,32,0,1
BRDA:560,32,1,75
BRDA:561,33,0,1
BRDA:561,33,1,0
BRDA:562,34,0,1
BRDA:562,34,1,0
BRDA:564,35,0,2
BRDA:564,35,1,74
BRDA:565,36,0,2
BRDA:565,36,1,0
BRDA:566,37,0,2
BRDA:566,37,1,0
BRDA:568,38,0,1
BRDA:568,38,1,75
BRDA:569,39,0,1
BRDA:569,39,1,0
BRDA:570,40,0,1
BRDA:570,40,1,0
BRDA:572,41,0,1
BRDA:572,41,1,75
BRDA:573,42,0,1
BRDA:573,42,1,0
BRDA:574,43,0,1
BRDA:574,43,1,0
BRDA:576,44,0,1
BRDA:576,44,1,75
BRDA:577,45,0,1
BRDA:577,45,1,0
BRDA:578,46,0,1
BRDA:578,46,1,0
BRDA:580,47,0,1
BRDA:580,47,1,75
BRDA:581,48,0,1
BRDA:581,48,1,0
BRDA:582,49,0,1
BRDA:582,49,1,0
BRDA:584,50,0,0
BRDA:584,50,1,76
BRDA:585,51,0,0
BRDA:585,51,1,0
BRDA:586,52,0,0
BRDA:586,52,1,0
BRDA:588,53,0,4
BRDA:588,53,1,72
BRDA:589,54,0,3
BRDA:589,54,1,1
BRDA:590,55,0,3
BRDA:590,55,1,1
BRDA:594,56,0,1
BRDA:594,56,1,75
BRDA:595,57,0,1
BRDA:595,57,1,0
BRDA:596,58,0,1
BRDA:596,58,1,0
BRDA:598,59,0,4
BRDA:598,59,1,72
BRDA:599,60,0,3
BRDA:599,60,1,1
BRDA:600,61,0,3
BRDA:600,61,1,1
BRDA:602,62,0,3
BRDA:602,62,1,73
BRDA:603,63,0,3
BRDA:603,63,1,0
BRDA:604,64,0,3
BRDA:604,64,1,0
BRDA:606,65,0,1
BRDA:606,65,1,75
BRDA:607,66,0,1
BRDA:607,66,1,0
BRDA:608,67,0,1
BRDA:608,67,1,0
BRDA:610,68,0,2
BRDA:610,68,1,74
BRDA:611,69,0,2
BRDA:611,69,1,0
BRDA:612,70,0,2
BRDA:612,70,1,0
BRDA:614,71,0,1
BRDA:614,71,1,75
BRDA:615,72,0,1
BRDA:615,72,1,0
BRDA:616,73,0,1
BRDA:616,73,1,0
BRDA:619,74,0,1
BRDA:619,74,1,75
BRDA:620,75,0,1
BRDA:620,75,1,0
BRDA:621,76,0,1
BRDA:621,76,1,0
BRDA:623,77,0,2
BRDA:623,77,1,74
BRDA:624,78,0,2
BRDA:624,78,1,0
BRDA:625,79,0,2
BRDA:625,79,1,0
BRDA:627,80,0,1
BRDA:627,80,1,75
BRDA:628,81,0,1
BRDA:628,81,1,0
BRDA:629,82,0,1
BRDA:629,82,1,0
BRDA:631,83,0,1
BRDA:631,83,1,75
BRDA:632,84,0,1
BRDA:632,84,1,0
BRDA:633,85,0,1
BRDA:633,85,1,0
BRDA:635,86,0,1
BRDA:635,86,1,75
BRDA:636,87,0,1
BRDA:636,87,1,0
BRDA:637,88,0,1
BRDA:637,88,1,0
BRDA:639,89,0,1
BRDA:639,89,1,75
BRDA:640,90,0,1
BRDA:640,90,1,0
BRDA:641,91,0,1
BRDA:641,91,1,0
BRDA:643,92,0,1
BRDA:643,92,1,75
BRDA:644,93,0,1
BRDA:644,93,1,0
BRDA:645,94,0,1
BRDA:645,94,1,0
BRDA:647,95,0,1
BRDA:647,95,1,75
BRDA:648,96,0,1
BRDA:648,96,1,0
BRDA:649,97,0,1
BRDA:649,97,1,0
BRDA:651,98,0,1
BRDA:651,98,1,75
BRDA:652,99,0,1
BRDA:652,99,1,0
BRDA:653,100,0,1
BRDA:653,100,1,0
BRDA:655,101,0,1
BRDA:655,101,1,75
BRDA:656,102,0,1
BRDA:656,102,1,0
BRDA:657,103,0,1
BRDA:657,103,1,0
BRDA:659,104,0,1
BRDA:659,104,1,75
BRDA:660,105,0,1
BRDA:660,105,1,0
BRDA:661,106,0,1
BRDA:661,106,1,0
BRDA:663,107,0,1
BRDA:663,107,1,75
BRDA:664,108,0,1
BRDA:664,108,1,0
BRDA:665,109,0,1
BRDA:665,109,1,0
BRDA:667,110,0,1
BRDA:667,110,1,75
BRDA:668,111,0,1
BRDA:668,111,1,0
BRDA:669,112,0,1
BRDA:669,112,1,0
BRDA:671,113,0,1
BRDA:671,113,1,75
BRDA:672,114,0,1
BRDA:672,114,1,0
BRDA:673,115,0,1
BRDA:673,115,1,0
BRDA:675,116,0,1
BRDA:675,116,1,75
BRDA:676,117,0,1
BRDA:676,117,1,0
BRDA:677,118,0,1
BRDA:677,118,1,0
BRDA:679,119,0,1
BRDA:679,119,1,75
BRDA:680,120,0,1
BRDA:680,120,1,0
BRDA:681,121,0,1
BRDA:681,121,1,0
BRDA:683,122,0,1
BRDA:683,122,1,75
BRDA:684,123,0,1
BRDA:684,123,1,0
BRDA:685,124,0,1
BRDA:685,124,1,0
BRDA:687,125,0,1
BRDA:687,125,1,75
BRDA:688,126,0,1
BRDA:688,126,1,0
BRDA:689,127,0,1
BRDA:689,127,1,0
BRDA:691,128,0,1
BRDA:691,128,1,75
BRDA:692,129,0,1
BRDA:692,129,1,0
BRDA:693,130,0,1
BRDA:693,130,1,0
BRDA:695,131,0,1
BRDA:695,131,1,75
BRDA:696,132,0,1
BRDA:696,132,1,0
BRDA:697,133,0,1
BRDA:697,133,1,0
BRDA:699,134,0,3
BRDA:699,134,1,73
BRDA:700,135,0,3
BRDA:700,135,1,0
BRDA:701,136,0,3
BRDA:701,136,1,0
BRDA:703,137,0,2
BRDA:703,137,1,74
BRDA:704,138,0,2
BRDA:704,138,1,0
BRDA:705,139,0,2
BRDA:705,139,1,0
BRDA:707,140,0,1
BRDA:707,140,1,75
BRDA:708,141,0,1
BRDA:708,141,1,0
BRDA:709,142,0,1
BRDA:709,142,1,0
BRDA:711,143,0,2
BRDA:711,143,1,74
BRDA:712,144,0,2
BRDA:712,144,1,0
BRDA:713,145,0,2
BRDA:713,145,1,0
BRDA:715,146,0,1
BRDA:715,146,1,75
BRDA:716,147,0,1
BRDA:716,147,1,0
BRDA:717,148,0,1
BRDA:717,148,1,0
BRDA:719,149,0,2
BRDA:719,149,1,74
BRDA:720,150,0,2
BRDA:720,150,1,0
BRDA:721,151,0,2
BRDA:721,151,1,0
BRDA:723,152,0,0
BRDA:723,152,1,76
BRDA:724,153,0,0
BRDA:724,153,1,0
BRDA:725,154,0,0
BRDA:725,154,1,0
BRDA:727,155,0,1
BRDA:727,155,1,75
BRDA:728,156,0,1
BRDA:728,156,1,0
BRDA:729,157,0,1
BRDA:729,157,1,0
BRDA:731,158,0,2
BRDA:731,158,1,74
BRDA:732,159,0,2
BRDA:732,159,1,0
BRDA:733,160,0,2
BRDA:733,160,1,0
BRDA:735,161,0,1
BRDA:735,161,1,75
BRDA:736,162,0,1
BRDA:736,162,1,0
BRDA:737,163,0,1
BRDA:737,163,1,0
BRDA:739,164,0,2
BRDA:739,164,1,74
BRDA:740,165,0,2
BRDA:740,165,1,0
BRDA:741,166,0,2
BRDA:741,166,1,0
BRDA:743,167,0,2
BRDA:743,167,1,74
BRDA:744,168,0,2
BRDA:744,168,1,0
BRDA:745,169,0,2
BRDA:745,169,1,0
BRDA:755,170,0,1
BRDA:755,170,1,0
BRDA:759,171,0,4
BRDA:759,171,1,0
BRDA:764,172,0,1
BRDA:764,172,1,3
BRDA:785,173,0,4
BRDA:785,173,1,0
BRDA:793,174,0,1
BRDA:793,174,1,3
BRDA:797,175,0,1
BRDA:797,175,1,2
BRDA:816,176,0,2
BRDA:816,176,1,0
BRDA:821,177,0,1
BRDA:821,177,1,1
BRDA:839,178,0,1
BRDA:839,178,1,0
BRDA:858,179,0,1
BRDA:858,179,1,0
BRDA:880,180,0,2
BRDA:880,180,1,0
BRDA:888,181,0,1
BRDA:888,181,1,1
BRDA:910,182,0,0
BRDA:910,182,1,0
BRDA:928,183,0,0
BRDA:928,183,1,1
BRDA:947,184,0,0
BRDA:947,184,1,1
BRDA:960,185,0,36
BRDA:960,185,1,0
BRDA:965,186,0,4
BRDA:965,186,1,32
BRDA:970,187,0,3
BRDA:970,187,1,36
BRDA:972,188,0,0
BRDA:972,188,1,3
BRDA:974,189,0,1
BRDA:974,189,1,35
BRDA:976,190,0,0
BRDA:976,190,1,1
BRDA:978,191,0,2
BRDA:978,191,1,33
BRDA:980,192,0,0
BRDA:980,192,1,2
BRDA:982,193,0,1
BRDA:982,193,1,32
BRDA:984,194,0,0
BRDA:984,194,1,1
BRDA:986,195,0,1
BRDA:986,195,1,31
BRDA:988,196,0,0
BRDA:988,196,1,1
BRDA:990,197,0,2
BRDA:990,197,1,29
BRDA:992,198,0,0
BRDA:992,198,1,2
BRDA:994,199,0,1
BRDA:994,199,1,28
BRDA:996,200,0,0
BRDA:996,200,1,1
BRDA:998,201,0,1
BRDA:998,201,1,27
BRDA:1000,202,0,0
BRDA:1000,202,1,1
BRDA:1002,203,0,1
BRDA:1002,203,1,26
BRDA:1004,204,0,0
BRDA:1004,204,1,1
BRDA:1006,205,0,1
BRDA:1006,205,1,25
BRDA:1008,206,0,0
BRDA:1008,206,1,1
BRDA:1010,207,0,1
BRDA:1010,207,1,24
BRDA:1012,208,0,0
BRDA:1012,208,1,1
BRDA:1014,209,0,1
BRDA:1014,209,1,23
BRDA:1016,210,0,0
BRDA:1016,210,1,1
BRDA:1018,211,0,1
BRDA:1018,211,1,22
BRDA:1020,212,0,0
BRDA:1020,212,1,1
BRDA:1022,213,0,1
BRDA:1022,213,1,21
BRDA:1024,214,0,0
BRDA:1024,214,1,1
BRDA:1026,215,0,1
BRDA:1026,215,1,20
BRDA:1028,216,0,0
BRDA:1028,216,1,1
BRDA:1030,217,0,1
BRDA:1030,217,1,19
BRDA:1032,218,0,0
BRDA:1032,218,1,1
BRDA:1034,219,0,1
BRDA:1034,219,1,18
BRDA:1036,220,0,0
BRDA:1036,220,1,1
BRDA:1038,221,0,1
BRDA:1038,221,1,17
BRDA:1040,222,0,0
BRDA:1040,222,1,1
BRDA:1042,223,0,1
BRDA:1042,223,1,16
BRDA:1044,224,0,0
BRDA:1044,224,1,1
BRDA:1046,225,0,1
BRDA:1046,225,1,15
BRDA:1048,226,0,0
BRDA:1048,226,1,1
BRDA:1050,227,0,1
BRDA:1050,227,1,14
BRDA:1052,228,0,0
BRDA:1052,228,1,1
BRDA:1054,229,0,1
BRDA:1054,229,1,13
BRDA:1056,230,0,0
BRDA:1056,230,1,1
BRDA:1058,231,0,1
BRDA:1058,231,1,12
BRDA:1060,232,0,0
BRDA:1060,232,1,1
BRDA:1062,233,0,1
BRDA:1062,233,1,11
BRDA:1064,234,0,0
BRDA:1064,234,1,1
BRDA:1066,235,0,2
BRDA:1066,235,1,9
BRDA:1068,236,0,0
BRDA:1068,236,1,2
BRDA:1072,237,0,0
BRDA:1072,237,1,9
BRDA:1095,238,0,0
BRDA:1095,238,1,1
BRDA:1115,239,0,0
BRDA:1115,239,1,0
BRDA:1130,240,0,2
BRDA:1130,240,1,0
BRDA:1135,241,0,1
BRDA:1135,241,1,1
BRDA:1152,242,0,6
BRDA:1152,242,1,0
BRDA:1157,243,0,2
BRDA:1157,243,1,4
BRDA:1162,244,0,2
BRDA:1162,244,1,7
BRDA:1165,245,0,3
BRDA:1165,245,1,6
BRDA:1168,246,0,1
BRDA:1168,246,1,8
BRDA:1171,247,0,0
BRDA:1171,247,1,9
BRDA:1174,248,0,3
BRDA:1174,248,1,6
BRDA:1177,249,0,0
BRDA:1177,249,1,9
BRDA:1199,250,0,0
BRDA:1199,250,1,1
BRDA:1218,251,0,0
BRDA:1218,251,1,1
BRDA:1231,252,0,1
BRDA:1231,252,1,0
BRDA:1232,253,0,1
BRDA:1232,253,1,0
BRDA:1251,254,0,1
BRDA:1251,254,1,0
BRDA:1252,255,0,1
BRDA:1252,255,1,0
BRDA:1271,256,0,2
BRDA:1271,256,1,0
BRDA:1272,257,0,2
BRDA:1272,257,1,0
BRDA:1299,258,0,0
BRDA:1299,258,1,0
BRDA:1301,259,0,0
BRDA:1301,259,1,0
BRDA:1303,260,0,0
BRDA:1303,260,1,0
BRDA:1304,261,0,0
BRDA:1304,261,1,0
BRDA:1305,262,0,0
BRDA:1305,262,1,0
BRDA:1310,263,0,0
BRDA:1310,263,1,0
BRDA:1311,264,0,0
BRDA:1311,264,1,0
BRDA:1331,265,0,0
BRDA:1331,265,1,0
BRDA:1336,266,0,0
BRDA:1336,266,1,0
BRDA:1361,267,0,0
BRDA:1361,267,1,6
BRDA:1375,268,0,1
BRDA:1375,268,1,0
BRDA:1376,269,0,1
BRDA:1376,269,1,0
BRDA:1383,270,0,0
BRDA:1383,270,1,1
BRDA:1431,271,0,5
BRDA:1431,271,1,0
BRDA:1447,272,0,1
BRDA:1447,272,1,1
BRDA:1451,273,0,1
BRDA:1451,273,1,0
BRDA:1471,274,0,3
BRDA:1471,274,1,27
BRDA:1475,275,0,1
BRDA:1475,275,1,26
BRDA:1479,276,0,2
BRDA:1479,276,1,24
BRDA:1483,277,0,1
BRDA:1483,277,1,23
BRDA:1487,278,0,1
BRDA:1487,278,1,22
BRDA:1491,279,0,2
BRDA:1491,279,1,20
BRDA:1495,280,0,1
BRDA:1495,280,1,19
BRDA:1499,281,0,1
BRDA:1499,281,1,18
BRDA:1503,282,0,1
BRDA:1503,282,1,17
BRDA:1507,283,0,1
BRDA:1507,283,1,16
BRDA:1511,284,0,1
BRDA:1511,284,1,15
BRDA:1515,285,0,0
BRDA:1515,285,1,15
BRDA:1519,286,0,1
BRDA:1519,286,1,14
BRDA:1523,287,0,1
BRDA:1523,287,1,13
BRDA:1527,288,0,1
BRDA:1527,288,1,12
BRDA:1531,289,0,1
BRDA:1531,289,1,11
BRDA:1535,290,0,1
BRDA:1535,290,1,10
BRDA:1539,291,0,1
BRDA:1539,291,1,9
BRDA:1543,292,0,1
BRDA:1543,292,1,8
BRDA:1547,293,0,1
BRDA:1547,293,1,7
BRDA:1551,294,0,1
BRDA:1551,294,1,6
BRDA:1555,295,0,1
BRDA:1555,295,1,5
BRDA:1559,296,0,1
BRDA:1559,296,1,4
BRDA:1563,297,0,1
BRDA:1563,297,1,3
BRDA:1567,298,0,1
BRDA:1567,298,1,2
BRDA:1571,299,0,0
BRDA:1571,299,1,2
BRDA:1575,300,0,2
BRDA:1575,300,1,0
BRF:600
BRH:396
end_of_record
