TN:
SF:/Users/svenanders/Work/dev/robbis/javascript/simple-rant/simpleRant.js
FN:1,(anonymous_1)
FN:4,(anonymous_2)
FN:7,(anonymous_3)
FN:10,(anonymous_4)
FN:24,(anonymous_5)
FN:43,(anonymous_6)
FN:53,(anonymous_7)
FN:64,(anonymous_8)
FN:86,(anonymous_9)
FN:101,(anonymous_10)
FN:109,(anonymous_11)
FN:118,(anonymous_12)
FN:128,(anonymous_13)
FN:148,installFunction
FN:155,filterOnOtherArray_diff
FN:159,filterOnOtherArray_inter
FN:331,SimpleRant
FN:333,(anonymous_18)
FN:569,(anonymous_19)
FN:585,(anonymous_20)
FN:594,(anonymous_21)
FN:617,(anonymous_22)
FN:625,(anonymous_23)
FN:641,(anonymous_24)
FN:648,(anonymous_25)
FN:660,(anonymous_26)
FN:667,(anonymous_27)
FN:683,(anonymous_28)
FN:689,(anonymous_29)
FN:707,(anonymous_30)
FN:714,(anonymous_31)
FN:726,(anonymous_32)
FN:732,(anonymous_33)
FN:744,(anonymous_34)
FN:751,(anonymous_35)
FN:763,(anonymous_36)
FN:769,(anonymous_37)
FN:891,(anonymous_38)
FN:899,(anonymous_39)
FN:911,(anonymous_40)
FN:919,(anonymous_41)
FN:931,(anonymous_42)
FN:939,(anonymous_43)
FN:955,(anonymous_44)
FN:961,(anonymous_45)
FN:995,(anonymous_46)
FN:1003,(anonymous_47)
FN:1015,(anonymous_48)
FN:1022,(anonymous_49)
FN:1034,(anonymous_50)
FN:1040,(anonymous_51)
FN:1053,(anonymous_52)
FN:1060,(anonymous_53)
FN:1073,(anonymous_54)
FN:1080,(anonymous_55)
FN:1093,(anonymous_56)
FN:1100,(anonymous_57)
FN:1112,(anonymous_58)
FN:1119,(anonymous_59)
FN:1134,(anonymous_60)
FN:1144,(anonymous_61)
FN:1150,(anonymous_62)
FN:1156,(anonymous_63)
FN:1160,(anonymous_64)
FN:1164,(anonymous_65)
FN:1169,(anonymous_66)
FN:1173,(anonymous_67)
FN:1178,(anonymous_68)
FN:1184,(anonymous_69)
FN:1190,(anonymous_70)
FN:1203,(anonymous_71)
FN:1207,(anonymous_72)
FN:1211,(anonymous_73)
FN:1215,(anonymous_74)
FN:1326,(anonymous_75)
FN:1330,(anonymous_76)
FN:1334,(anonymous_77)
FN:1338,(anonymous_78)
FN:1343,(anonymous_79)
FN:1347,(anonymous_80)
FN:1353,(anonymous_81)
FN:1357,(anonymous_82)
FN:1361,(anonymous_83)
FN:1365,(anonymous_84)
FN:1369,(anonymous_85)
FN:1373,(anonymous_86)
FN:1378,(anonymous_87)
FN:1384,(anonymous_88)
FN:1389,(anonymous_89)
FN:1393,(anonymous_90)
FN:1397,(anonymous_91)
FNF:91
FNH:65
FNDA:1,(anonymous_1)
FNDA:0,(anonymous_2)
FNDA:0,(anonymous_3)
FNDA:0,(anonymous_4)
FNDA:0,(anonymous_5)
FNDA:0,(anonymous_6)
FNDA:0,(anonymous_7)
FNDA:0,(anonymous_8)
FNDA:0,(anonymous_9)
FNDA:0,(anonymous_10)
FNDA:0,(anonymous_11)
FNDA:0,(anonymous_12)
FNDA:0,(anonymous_13)
FNDA:12,installFunction
FNDA:0,filterOnOtherArray_diff
FNDA:0,filterOnOtherArray_inter
FNDA:59,SimpleRant
FNDA:59,(anonymous_18)
FNDA:3,(anonymous_19)
FNDA:4,(anonymous_20)
FNDA:4,(anonymous_21)
FNDA:4,(anonymous_22)
FNDA:2,(anonymous_23)
FNDA:2,(anonymous_24)
FNDA:1,(anonymous_25)
FNDA:1,(anonymous_26)
FNDA:1,(anonymous_27)
FNDA:1,(anonymous_28)
FNDA:2,(anonymous_29)
FNDA:2,(anonymous_30)
FNDA:0,(anonymous_31)
FNDA:0,(anonymous_32)
FNDA:1,(anonymous_33)
FNDA:1,(anonymous_34)
FNDA:1,(anonymous_35)
FNDA:1,(anonymous_36)
FNDA:57,(anonymous_37)
FNDA:60,(anonymous_38)
FNDA:1,(anonymous_39)
FNDA:1,(anonymous_40)
FNDA:0,(anonymous_41)
FNDA:0,(anonymous_42)
FNDA:2,(anonymous_43)
FNDA:2,(anonymous_44)
FNDA:6,(anonymous_45)
FNDA:6,(anonymous_46)
FNDA:1,(anonymous_47)
FNDA:1,(anonymous_48)
FNDA:1,(anonymous_49)
FNDA:1,(anonymous_50)
FNDA:1,(anonymous_51)
FNDA:1,(anonymous_52)
FNDA:1,(anonymous_53)
FNDA:1,(anonymous_54)
FNDA:2,(anonymous_55)
FNDA:2,(anonymous_56)
FNDA:3,(anonymous_57)
FNDA:6,(anonymous_58)
FNDA:1,(anonymous_59)
FNDA:1,(anonymous_60)
FNDA:1,(anonymous_61)
FNDA:59,(anonymous_62)
FNDA:1,(anonymous_63)
FNDA:1,(anonymous_64)
FNDA:0,(anonymous_65)
FNDA:0,(anonymous_66)
FNDA:0,(anonymous_67)
FNDA:4,(anonymous_68)
FNDA:2,(anonymous_69)
FNDA:2,(anonymous_70)
FNDA:4,(anonymous_71)
FNDA:2,(anonymous_72)
FNDA:34,(anonymous_73)
FNDA:53,(anonymous_74)
FNDA:0,(anonymous_75)
FNDA:2,(anonymous_76)
FNDA:1,(anonymous_77)
FNDA:0,(anonymous_78)
FNDA:1,(anonymous_79)
FNDA:1,(anonymous_80)
FNDA:6,(anonymous_81)
FNDA:1,(anonymous_82)
FNDA:1,(anonymous_83)
FNDA:0,(anonymous_84)
FNDA:0,(anonymous_85)
FNDA:1,(anonymous_86)
FNDA:1,(anonymous_87)
FNDA:3,(anonymous_88)
FNDA:1,(anonymous_89)
FNDA:0,(anonymous_90)
FNDA:5,(anonymous_91)
DA:1,1
DA:2,1
DA:4,0
DA:7,0
DA:11,0
DA:12,0
DA:13,0
DA:14,0
DA:16,0
DA:17,0
DA:18,0
DA:20,0
DA:25,0
DA:26,0
DA:27,0
DA:28,0
DA:29,0
DA:30,0
DA:32,0
DA:33,0
DA:35,0
DA:44,0
DA:45,0
DA:54,0
DA:55,0
DA:56,0
DA:65,0
DA:66,0
DA:69,0
DA:72,0
DA:75,0
DA:76,0
DA:77,0
DA:80,0
DA:87,0
DA:88,0
DA:89,0
DA:90,0
DA:92,0
DA:93,0
DA:95,0
DA:102,0
DA:110,0
DA:111,0
DA:119,0
DA:120,0
DA:129,0
DA:130,0
DA:131,0
DA:133,0
DA:134,0
DA:136,0
DA:137,0
DA:139,0
DA:144,1
DA:145,12
DA:148,1
DA:149,12
DA:150,12
DA:155,1
DA:156,0
DA:159,1
DA:160,0
DA:164,1
DA:165,1
DA:166,1
DA:169,1
DA:170,1
DA:171,1
DA:172,1
DA:173,1
DA:174,1
DA:175,1
DA:176,1
DA:177,1
DA:178,1
DA:179,1
DA:180,1
DA:181,1
DA:182,1
DA:183,1
DA:184,1
DA:185,1
DA:186,1
DA:187,1
DA:188,1
DA:189,1
DA:190,1
DA:191,1
DA:192,1
DA:193,1
DA:194,1
DA:195,1
DA:196,1
DA:197,1
DA:198,1
DA:199,1
DA:200,1
DA:201,1
DA:202,1
DA:203,1
DA:204,1
DA:205,1
DA:206,1
DA:207,1
DA:208,1
DA:209,1
DA:210,1
DA:211,1
DA:212,1
DA:213,1
DA:214,1
DA:215,1
DA:216,1
DA:217,1
DA:218,1
DA:219,1
DA:220,1
DA:221,1
DA:222,1
DA:223,1
DA:224,1
DA:225,1
DA:226,1
DA:227,1
DA:228,1
DA:229,1
DA:230,1
DA:231,1
DA:232,1
DA:233,1
DA:234,1
DA:235,1
DA:236,1
DA:237,1
DA:238,1
DA:239,1
DA:240,1
DA:241,1
DA:242,1
DA:243,1
DA:244,1
DA:245,1
DA:246,1
DA:247,1
DA:248,1
DA:249,1
DA:250,1
DA:251,1
DA:252,1
DA:253,1
DA:254,1
DA:255,1
DA:256,1
DA:257,1
DA:258,1
DA:259,1
DA:260,1
DA:261,1
DA:262,1
DA:263,1
DA:264,1
DA:265,1
DA:266,1
DA:267,1
DA:268,1
DA:269,1
DA:270,1
DA:271,1
DA:272,1
DA:273,1
DA:274,1
DA:275,1
DA:276,1
DA:277,1
DA:278,1
DA:279,1
DA:280,1
DA:281,1
DA:282,1
DA:283,1
DA:284,1
DA:285,1
DA:286,1
DA:287,1
DA:288,1
DA:289,1
DA:290,1
DA:291,1
DA:292,1
DA:293,1
DA:294,1
DA:295,1
DA:296,1
DA:297,1
DA:298,1
DA:299,1
DA:300,1
DA:301,1
DA:302,1
DA:303,1
DA:304,1
DA:305,1
DA:306,1
DA:307,1
DA:308,1
DA:309,1
DA:310,1
DA:311,1
DA:312,1
DA:313,1
DA:314,1
DA:315,1
DA:316,1
DA:317,1
DA:318,1
DA:319,1
DA:320,1
DA:321,1
DA:322,1
DA:323,1
DA:324,1
DA:325,1
DA:326,1
DA:327,1
DA:328,1
DA:329,1
DA:330,1
DA:331,1
DA:333,59
DA:334,59
DA:335,59
DA:336,59
DA:337,59
DA:339,59
DA:341,99
DA:342,2
DA:343,2
DA:345,99
DA:346,1
DA:347,1
DA:349,99
DA:350,1
DA:351,1
DA:353,99
DA:354,1
DA:355,1
DA:357,99
DA:358,6
DA:359,6
DA:361,99
DA:362,1
DA:363,1
DA:365,99
DA:366,1
DA:367,1
DA:369,99
DA:370,0
DA:371,0
DA:373,99
DA:374,1
DA:375,1
DA:377,99
DA:378,2
DA:379,2
DA:381,99
DA:382,1
DA:383,1
DA:385,99
DA:386,1
DA:387,1
DA:389,99
DA:390,1
DA:391,1
DA:393,99
DA:394,1
DA:395,1
DA:397,99
DA:398,0
DA:399,0
DA:401,99
DA:402,3
DA:403,3
DA:405,99
DA:406,1
DA:407,1
DA:409,99
DA:410,4
DA:411,4
DA:413,99
DA:414,3
DA:415,3
DA:417,99
DA:418,3
DA:419,3
DA:421,99
DA:422,3
DA:423,3
DA:425,99
DA:426,2
DA:427,2
DA:430,99
DA:431,2
DA:432,2
DA:434,99
DA:435,2
DA:436,2
DA:438,99
DA:439,2
DA:440,2
DA:442,99
DA:443,2
DA:444,2
DA:446,99
DA:447,2
DA:448,2
DA:450,99
DA:451,2
DA:452,2
DA:454,99
DA:455,2
DA:456,2
DA:458,99
DA:459,2
DA:460,2
DA:462,99
DA:463,2
DA:464,2
DA:466,99
DA:467,2
DA:468,2
DA:470,99
DA:471,2
DA:472,2
DA:474,99
DA:475,2
DA:476,2
DA:478,99
DA:479,2
DA:480,2
DA:482,99
DA:483,1
DA:484,1
DA:486,99
DA:487,2
DA:488,2
DA:490,99
DA:491,2
DA:492,2
DA:494,99
DA:495,2
DA:496,2
DA:498,99
DA:499,2
DA:500,2
DA:502,99
DA:503,2
DA:504,2
DA:506,99
DA:507,2
DA:508,2
DA:510,99
DA:511,4
DA:512,4
DA:514,99
DA:515,2
DA:516,2
DA:518,99
DA:519,1
DA:520,1
DA:522,99
DA:523,2
DA:524,2
DA:526,99
DA:527,1
DA:528,1
DA:530,99
DA:531,2
DA:532,2
DA:534,99
DA:535,0
DA:536,0
DA:538,99
DA:539,1
DA:540,1
DA:542,99
DA:543,2
DA:544,2
DA:546,99
DA:547,1
DA:548,1
DA:550,99
DA:551,2
DA:552,2
DA:554,99
DA:555,2
DA:556,2
DA:559,59
DA:566,1
DA:567,1
DA:569,1
DA:570,3
DA:571,3
DA:572,3
DA:573,3
DA:574,3
DA:575,3
DA:576,1
DA:579,3
DA:580,4
DA:581,4
DA:584,3
DA:585,3
DA:586,4
DA:589,3
DA:594,1
DA:595,4
DA:596,4
DA:597,4
DA:599,4
DA:600,4
DA:602,4
DA:603,4
DA:604,1
DA:607,3
DA:608,1
DA:611,2
DA:613,4
DA:616,4
DA:617,4
DA:618,4
DA:621,4
DA:625,1
DA:626,2
DA:627,2
DA:628,2
DA:629,2
DA:630,2
DA:631,2
DA:632,1
DA:635,2
DA:636,2
DA:637,2
DA:640,2
DA:641,2
DA:642,2
DA:645,2
DA:648,1
DA:649,1
DA:650,1
DA:651,1
DA:652,1
DA:654,1
DA:655,1
DA:656,1
DA:659,1
DA:660,1
DA:661,1
DA:664,1
DA:667,1
DA:668,1
DA:669,1
DA:670,1
DA:671,1
DA:677,1
DA:678,1
DA:679,1
DA:682,1
DA:683,1
DA:684,1
DA:687,1
DA:689,1
DA:690,2
DA:691,2
DA:692,2
DA:693,2
DA:697,2
DA:698,2
DA:699,1
DA:701,1
DA:703,2
DA:706,2
DA:707,2
DA:708,2
DA:711,2
DA:714,1
DA:715,0
DA:716,0
DA:717,0
DA:718,0
DA:719,0
DA:720,0
DA:721,0
DA:722,0
DA:725,0
DA:726,0
DA:727,0
DA:729,0
DA:732,1
DA:733,1
DA:734,1
DA:735,1
DA:736,1
DA:737,1
DA:738,1
DA:739,1
DA:740,1
DA:743,1
DA:744,1
DA:745,1
DA:747,1
DA:751,1
DA:752,1
DA:753,1
DA:754,1
DA:755,1
DA:756,1
DA:757,1
DA:758,1
DA:759,1
DA:762,1
DA:763,1
DA:764,1
DA:766,1
DA:769,1
DA:770,57
DA:771,57
DA:772,57
DA:773,57
DA:774,57
DA:775,57
DA:776,3
DA:779,57
DA:780,87
DA:781,4
DA:782,4
DA:783,4
DA:784,83
DA:785,3
DA:786,3
DA:787,3
DA:788,80
DA:789,3
DA:790,3
DA:791,3
DA:792,77
DA:793,2
DA:794,2
DA:795,2
DA:796,75
DA:797,2
DA:798,2
DA:799,2
DA:800,73
DA:801,2
DA:802,2
DA:803,2
DA:804,71
DA:805,2
DA:806,2
DA:807,2
DA:808,69
DA:809,2
DA:810,2
DA:811,2
DA:812,67
DA:813,2
DA:814,2
DA:815,2
DA:816,65
DA:817,2
DA:818,2
DA:819,2
DA:820,63
DA:821,2
DA:822,2
DA:823,2
DA:824,61
DA:825,2
DA:826,2
DA:827,2
DA:828,59
DA:829,2
DA:830,2
DA:831,2
DA:832,57
DA:833,2
DA:834,2
DA:835,2
DA:836,55
DA:837,2
DA:838,2
DA:839,2
DA:840,53
DA:841,2
DA:842,2
DA:843,2
DA:844,51
DA:845,2
DA:846,2
DA:847,2
DA:848,49
DA:849,1
DA:850,1
DA:851,1
DA:852,48
DA:853,2
DA:854,2
DA:855,2
DA:856,46
DA:857,2
DA:858,2
DA:859,2
DA:860,44
DA:861,2
DA:862,2
DA:863,2
DA:864,42
DA:865,2
DA:866,2
DA:867,2
DA:868,40
DA:869,2
DA:870,2
DA:871,2
DA:872,38
DA:873,2
DA:874,2
DA:875,2
DA:876,36
DA:877,2
DA:878,2
DA:879,2
DA:881,34
DA:882,34
DA:883,34
DA:886,87
DA:890,57
DA:891,57
DA:892,60
DA:895,57
DA:899,1
DA:900,1
DA:901,1
DA:902,1
DA:903,1
DA:904,1
DA:905,1
DA:906,1
DA:907,1
DA:910,1
DA:911,1
DA:912,1
DA:915,1
DA:919,1
DA:920,0
DA:921,0
DA:922,0
DA:923,0
DA:924,0
DA:925,0
DA:926,0
DA:927,0
DA:930,0
DA:931,0
DA:932,0
DA:935,0
DA:939,1
DA:940,2
DA:941,2
DA:942,2
DA:943,2
DA:944,2
DA:945,2
DA:946,1
DA:949,2
DA:950,2
DA:951,2
DA:954,2
DA:955,2
DA:956,2
DA:959,2
DA:961,1
DA:962,6
DA:963,6
DA:964,6
DA:965,6
DA:966,6
DA:967,6
DA:968,2
DA:971,6
DA:972,9
DA:973,2
DA:975,9
DA:976,3
DA:978,9
DA:979,1
DA:981,9
DA:982,0
DA:984,9
DA:985,3
DA:987,9
DA:988,0
DA:991,9
DA:994,6
DA:995,6
DA:996,6
DA:999,6
DA:1003,1
DA:1004,1
DA:1005,1
DA:1006,1
DA:1007,1
DA:1008,1
DA:1009,1
DA:1010,1
DA:1011,1
DA:1014,1
DA:1015,1
DA:1016,1
DA:1018,1
DA:1022,1
DA:1023,1
DA:1024,1
DA:1025,1
DA:1026,1
DA:1027,1
DA:1028,1
DA:1029,1
DA:1030,1
DA:1033,1
DA:1034,1
DA:1035,1
DA:1037,1
DA:1040,1
DA:1041,1
DA:1042,1
DA:1043,1
DA:1044,1
DA:1045,1
DA:1046,1
DA:1047,1
DA:1048,1
DA:1049,1
DA:1052,1
DA:1053,1
DA:1054,1
DA:1056,1
DA:1060,1
DA:1061,1
DA:1062,1
DA:1063,1
DA:1064,1
DA:1065,1
DA:1066,1
DA:1067,1
DA:1068,1
DA:1069,1
DA:1072,1
DA:1073,1
DA:1074,1
DA:1076,1
DA:1080,1
DA:1081,2
DA:1082,2
DA:1083,2
DA:1084,2
DA:1085,2
DA:1086,2
DA:1087,2
DA:1088,2
DA:1089,2
DA:1092,2
DA:1093,2
DA:1094,2
DA:1096,2
DA:1100,1
DA:1101,3
DA:1102,3
DA:1103,3
DA:1104,3
DA:1105,6
DA:1106,6
DA:1107,6
DA:1108,6
DA:1111,3
DA:1112,3
DA:1113,6
DA:1115,3
DA:1119,1
DA:1120,1
DA:1121,1
DA:1122,1
DA:1123,1
DA:1124,1
DA:1125,1
DA:1126,1
DA:1127,1
DA:1128,1
DA:1129,1
DA:1130,1
DA:1133,1
DA:1134,1
DA:1135,1
DA:1137,1
DA:1144,1
DA:1145,1
DA:1146,1
DA:1150,1
DA:1151,59
DA:1156,1
DA:1157,1
DA:1158,1
DA:1160,1
DA:1161,1
DA:1164,1
DA:1165,0
DA:1169,1
DA:1170,0
DA:1171,0
DA:1173,1
DA:1174,0
DA:1175,0
DA:1178,1
DA:1179,4
DA:1180,4
DA:1184,1
DA:1185,2
DA:1186,2
DA:1190,1
DA:1191,2
DA:1192,2
DA:1193,1
DA:1194,1
DA:1196,1
DA:1197,1
DA:1198,1
DA:1203,1
DA:1204,4
DA:1205,4
DA:1207,1
DA:1208,2
DA:1209,2
DA:1211,1
DA:1212,34
DA:1213,34
DA:1215,1
DA:1216,53
DA:1217,4
DA:1218,4
DA:1220,49
DA:1221,3
DA:1222,3
DA:1224,46
DA:1225,3
DA:1226,3
DA:1228,43
DA:1229,2
DA:1230,2
DA:1232,41
DA:1233,2
DA:1234,2
DA:1236,39
DA:1237,2
DA:1238,2
DA:1240,37
DA:1241,2
DA:1242,2
DA:1244,35
DA:1245,2
DA:1246,2
DA:1248,33
DA:1249,2
DA:1250,2
DA:1252,31
DA:1253,2
DA:1254,2
DA:1256,29
DA:1257,2
DA:1258,2
DA:1260,27
DA:1261,0
DA:1262,0
DA:1264,27
DA:1265,2
DA:1266,2
DA:1268,25
DA:1269,2
DA:1270,2
DA:1272,23
DA:1273,2
DA:1274,2
DA:1276,21
DA:1277,2
DA:1278,2
DA:1280,19
DA:1281,2
DA:1282,2
DA:1284,17
DA:1285,2
DA:1286,2
DA:1288,15
DA:1289,1
DA:1290,1
DA:1292,14
DA:1293,2
DA:1294,2
DA:1296,12
DA:1297,2
DA:1298,2
DA:1300,10
DA:1301,2
DA:1302,2
DA:1304,8
DA:1305,2
DA:1306,2
DA:1308,6
DA:1309,2
DA:1310,2
DA:1312,4
DA:1313,2
DA:1314,2
DA:1316,2
DA:1317,0
DA:1318,0
DA:1320,2
DA:1321,2
DA:1322,2
DA:1324,0
DA:1326,1
DA:1327,0
DA:1328,0
DA:1330,1
DA:1331,2
DA:1332,2
DA:1334,1
DA:1335,1
DA:1336,1
DA:1338,1
DA:1339,0
DA:1340,0
DA:1343,1
DA:1344,1
DA:1345,1
DA:1347,1
DA:1348,1
DA:1349,1
DA:1353,1
DA:1354,6
DA:1355,6
DA:1357,1
DA:1358,1
DA:1359,1
DA:1361,1
DA:1362,1
DA:1363,1
DA:1365,1
DA:1366,0
DA:1367,0
DA:1369,1
DA:1370,0
DA:1371,0
DA:1373,1
DA:1374,1
DA:1375,1
DA:1378,1
DA:1379,1
DA:1380,1
DA:1384,1
DA:1385,3
DA:1386,3
DA:1389,1
DA:1390,1
DA:1391,1
DA:1393,1
DA:1394,0
DA:1395,0
DA:1397,1
DA:1398,5
DA:1399,5
LF:980
LH:874
BRDA:25,1,0,0
BRDA:25,1,1,0
BRDA:28,2,0,0
BRDA:28,2,1,0
BRDA:44,3,0,0
BRDA:44,3,1,0
BRDA:54,4,0,0
BRDA:54,4,1,0
BRDA:55,5,0,0
BRDA:55,5,1,0
BRDA:89,6,0,0
BRDA:89,6,1,0
BRDA:149,7,0,0
BRDA:149,7,1,12
BRDA:341,8,0,2
BRDA:341,8,1,97
BRDA:342,9,0,2
BRDA:342,9,1,0
BRDA:343,10,0,2
BRDA:343,10,1,0
BRDA:345,11,0,1
BRDA:345,11,1,98
BRDA:346,12,0,1
BRDA:346,12,1,0
BRDA:347,13,0,1
BRDA:347,13,1,0
BRDA:349,14,0,1
BRDA:349,14,1,98
BRDA:350,15,0,1
BRDA:350,15,1,0
BRDA:351,16,0,1
BRDA:351,16,1,0
BRDA:353,17,0,1
BRDA:353,17,1,98
BRDA:354,18,0,1
BRDA:354,18,1,0
BRDA:355,19,0,1
BRDA:355,19,1,0
BRDA:357,20,0,6
BRDA:357,20,1,93
BRDA:358,21,0,3
BRDA:358,21,1,3
BRDA:359,22,0,3
BRDA:359,22,1,3
BRDA:361,23,0,1
BRDA:361,23,1,98
BRDA:362,24,0,1
BRDA:362,24,1,0
BRDA:363,25,0,1
BRDA:363,25,1,0
BRDA:365,26,0,1
BRDA:365,26,1,98
BRDA:366,27,0,1
BRDA:366,27,1,0
BRDA:367,28,0,1
BRDA:367,28,1,0
BRDA:369,29,0,0
BRDA:369,29,1,99
BRDA:370,30,0,0
BRDA:370,30,1,0
BRDA:371,31,0,0
BRDA:371,31,1,0
BRDA:373,32,0,1
BRDA:373,32,1,98
BRDA:374,33,0,1
BRDA:374,33,1,0
BRDA:375,34,0,1
BRDA:375,34,1,0
BRDA:377,35,0,2
BRDA:377,35,1,97
BRDA:378,36,0,2
BRDA:378,36,1,0
BRDA:379,37,0,2
BRDA:379,37,1,0
BRDA:381,38,0,1
BRDA:381,38,1,98
BRDA:382,39,0,1
BRDA:382,39,1,0
BRDA:383,40,0,1
BRDA:383,40,1,0
BRDA:385,41,0,1
BRDA:385,41,1,98
BRDA:386,42,0,1
BRDA:386,42,1,0
BRDA:387,43,0,1
BRDA:387,43,1,0
BRDA:389,44,0,1
BRDA:389,44,1,98
BRDA:390,45,0,1
BRDA:390,45,1,0
BRDA:391,46,0,1
BRDA:391,46,1,0
BRDA:393,47,0,1
BRDA:393,47,1,98
BRDA:394,48,0,1
BRDA:394,48,1,0
BRDA:395,49,0,1
BRDA:395,49,1,0
BRDA:397,50,0,0
BRDA:397,50,1,99
BRDA:398,51,0,0
BRDA:398,51,1,0
BRDA:399,52,0,0
BRDA:399,52,1,0
BRDA:401,53,0,3
BRDA:401,53,1,96
BRDA:402,54,0,2
BRDA:402,54,1,1
BRDA:403,55,0,2
BRDA:403,55,1,1
BRDA:405,56,0,1
BRDA:405,56,1,98
BRDA:406,57,0,1
BRDA:406,57,1,0
BRDA:407,58,0,1
BRDA:407,58,1,0
BRDA:409,59,0,4
BRDA:409,59,1,95
BRDA:410,60,0,3
BRDA:410,60,1,1
BRDA:411,61,0,3
BRDA:411,61,1,1
BRDA:413,62,0,3
BRDA:413,62,1,96
BRDA:414,63,0,3
BRDA:414,63,1,0
BRDA:415,64,0,3
BRDA:415,64,1,0
BRDA:417,65,0,3
BRDA:417,65,1,96
BRDA:418,66,0,2
BRDA:418,66,1,1
BRDA:419,67,0,2
BRDA:419,67,1,1
BRDA:421,68,0,3
BRDA:421,68,1,96
BRDA:422,69,0,3
BRDA:422,69,1,0
BRDA:423,70,0,3
BRDA:423,70,1,0
BRDA:425,71,0,2
BRDA:425,71,1,97
BRDA:426,72,0,2
BRDA:426,72,1,0
BRDA:427,73,0,2
BRDA:427,73,1,0
BRDA:430,74,0,2
BRDA:430,74,1,97
BRDA:431,75,0,2
BRDA:431,75,1,0
BRDA:432,76,0,2
BRDA:432,76,1,0
BRDA:434,77,0,2
BRDA:434,77,1,97
BRDA:435,78,0,2
BRDA:435,78,1,0
BRDA:436,79,0,2
BRDA:436,79,1,0
BRDA:438,80,0,2
BRDA:438,80,1,97
BRDA:439,81,0,2
BRDA:439,81,1,0
BRDA:440,82,0,2
BRDA:440,82,1,0
BRDA:442,83,0,2
BRDA:442,83,1,97
BRDA:443,84,0,2
BRDA:443,84,1,0
BRDA:444,85,0,2
BRDA:444,85,1,0
BRDA:446,86,0,2
BRDA:446,86,1,97
BRDA:447,87,0,2
BRDA:447,87,1,0
BRDA:448,88,0,2
BRDA:448,88,1,0
BRDA:450,89,0,2
BRDA:450,89,1,97
BRDA:451,90,0,2
BRDA:451,90,1,0
BRDA:452,91,0,2
BRDA:452,91,1,0
BRDA:454,92,0,2
BRDA:454,92,1,97
BRDA:455,93,0,2
BRDA:455,93,1,0
BRDA:456,94,0,2
BRDA:456,94,1,0
BRDA:458,95,0,2
BRDA:458,95,1,97
BRDA:459,96,0,2
BRDA:459,96,1,0
BRDA:460,97,0,2
BRDA:460,97,1,0
BRDA:462,98,0,2
BRDA:462,98,1,97
BRDA:463,99,0,2
BRDA:463,99,1,0
BRDA:464,100,0,2
BRDA:464,100,1,0
BRDA:466,101,0,2
BRDA:466,101,1,97
BRDA:467,102,0,2
BRDA:467,102,1,0
BRDA:468,103,0,2
BRDA:468,103,1,0
BRDA:470,104,0,2
BRDA:470,104,1,97
BRDA:471,105,0,2
BRDA:471,105,1,0
BRDA:472,106,0,2
BRDA:472,106,1,0
BRDA:474,107,0,2
BRDA:474,107,1,97
BRDA:475,108,0,2
BRDA:475,108,1,0
BRDA:476,109,0,2
BRDA:476,109,1,0
BRDA:478,110,0,2
BRDA:478,110,1,97
BRDA:479,111,0,2
BRDA:479,111,1,0
BRDA:480,112,0,2
BRDA:480,112,1,0
BRDA:482,113,0,1
BRDA:482,113,1,98
BRDA:483,114,0,1
BRDA:483,114,1,0
BRDA:484,115,0,1
BRDA:484,115,1,0
BRDA:486,116,0,2
BRDA:486,116,1,97
BRDA:487,117,0,2
BRDA:487,117,1,0
BRDA:488,118,0,2
BRDA:488,118,1,0
BRDA:490,119,0,2
BRDA:490,119,1,97
BRDA:491,120,0,2
BRDA:491,120,1,0
BRDA:492,121,0,2
BRDA:492,121,1,0
BRDA:494,122,0,2
BRDA:494,122,1,97
BRDA:495,123,0,2
BRDA:495,123,1,0
BRDA:496,124,0,2
BRDA:496,124,1,0
BRDA:498,125,0,2
BRDA:498,125,1,97
BRDA:499,126,0,2
BRDA:499,126,1,0
BRDA:500,127,0,2
BRDA:500,127,1,0
BRDA:502,128,0,2
BRDA:502,128,1,97
BRDA:503,129,0,2
BRDA:503,129,1,0
BRDA:504,130,0,2
BRDA:504,130,1,0
BRDA:506,131,0,2
BRDA:506,131,1,97
BRDA:507,132,0,2
BRDA:507,132,1,0
BRDA:508,133,0,2
BRDA:508,133,1,0
BRDA:510,134,0,4
BRDA:510,134,1,95
BRDA:511,135,0,3
BRDA:511,135,1,1
BRDA:512,136,0,3
BRDA:512,136,1,1
BRDA:514,137,0,2
BRDA:514,137,1,97
BRDA:515,138,0,2
BRDA:515,138,1,0
BRDA:516,139,0,2
BRDA:516,139,1,0
BRDA:518,140,0,1
BRDA:518,140,1,98
BRDA:519,141,0,1
BRDA:519,141,1,0
BRDA:520,142,0,1
BRDA:520,142,1,0
BRDA:522,143,0,2
BRDA:522,143,1,97
BRDA:523,144,0,2
BRDA:523,144,1,0
BRDA:524,145,0,2
BRDA:524,145,1,0
BRDA:526,146,0,1
BRDA:526,146,1,98
BRDA:527,147,0,1
BRDA:527,147,1,0
BRDA:528,148,0,1
BRDA:528,148,1,0
BRDA:530,149,0,2
BRDA:530,149,1,97
BRDA:531,150,0,2
BRDA:531,150,1,0
BRDA:532,151,0,2
BRDA:532,151,1,0
BRDA:534,152,0,0
BRDA:534,152,1,99
BRDA:535,153,0,0
BRDA:535,153,1,0
BRDA:536,154,0,0
BRDA:536,154,1,0
BRDA:538,155,0,1
BRDA:538,155,1,98
BRDA:539,156,0,1
BRDA:539,156,1,0
BRDA:540,157,0,1
BRDA:540,157,1,0
BRDA:542,158,0,2
BRDA:542,158,1,97
BRDA:543,159,0,2
BRDA:543,159,1,0
BRDA:544,160,0,2
BRDA:544,160,1,0
BRDA:546,161,0,1
BRDA:546,161,1,98
BRDA:547,162,0,1
BRDA:547,162,1,0
BRDA:548,163,0,1
BRDA:548,163,1,0
BRDA:550,164,0,2
BRDA:550,164,1,97
BRDA:551,165,0,2
BRDA:551,165,1,0
BRDA:552,166,0,2
BRDA:552,166,1,0
BRDA:554,167,0,2
BRDA:554,167,1,97
BRDA:555,168,0,2
BRDA:555,168,1,0
BRDA:556,169,0,2
BRDA:556,169,1,0
BRDA:566,170,0,1
BRDA:566,170,1,0
BRDA:570,171,0,3
BRDA:570,171,1,0
BRDA:575,172,0,1
BRDA:575,172,1,2
BRDA:595,173,0,4
BRDA:595,173,1,0
BRDA:603,174,0,1
BRDA:603,174,1,3
BRDA:607,175,0,1
BRDA:607,175,1,2
BRDA:626,176,0,2
BRDA:626,176,1,0
BRDA:631,177,0,1
BRDA:631,177,1,1
BRDA:649,178,0,1
BRDA:649,178,1,0
BRDA:668,179,0,1
BRDA:668,179,1,0
BRDA:690,180,0,2
BRDA:690,180,1,0
BRDA:698,181,0,1
BRDA:698,181,1,1
BRDA:720,182,0,0
BRDA:720,182,1,0
BRDA:738,183,0,0
BRDA:738,183,1,1
BRDA:757,184,0,0
BRDA:757,184,1,1
BRDA:770,185,0,57
BRDA:770,185,1,0
BRDA:775,186,0,3
BRDA:775,186,1,54
BRDA:780,187,0,4
BRDA:780,187,1,83
BRDA:782,188,0,0
BRDA:782,188,1,4
BRDA:784,189,0,3
BRDA:784,189,1,80
BRDA:786,190,0,0
BRDA:786,190,1,3
BRDA:788,191,0,3
BRDA:788,191,1,77
BRDA:790,192,0,0
BRDA:790,192,1,3
BRDA:792,193,0,2
BRDA:792,193,1,75
BRDA:794,194,0,0
BRDA:794,194,1,2
BRDA:796,195,0,2
BRDA:796,195,1,73
BRDA:798,196,0,0
BRDA:798,196,1,2
BRDA:800,197,0,2
BRDA:800,197,1,71
BRDA:802,198,0,0
BRDA:802,198,1,2
BRDA:804,199,0,2
BRDA:804,199,1,69
BRDA:806,200,0,0
BRDA:806,200,1,2
BRDA:808,201,0,2
BRDA:808,201,1,67
BRDA:810,202,0,0
BRDA:810,202,1,2
BRDA:812,203,0,2
BRDA:812,203,1,65
BRDA:814,204,0,0
BRDA:814,204,1,2
BRDA:816,205,0,2
BRDA:816,205,1,63
BRDA:818,206,0,0
BRDA:818,206,1,2
BRDA:820,207,0,2
BRDA:820,207,1,61
BRDA:822,208,0,0
BRDA:822,208,1,2
BRDA:824,209,0,2
BRDA:824,209,1,59
BRDA:826,210,0,0
BRDA:826,210,1,2
BRDA:828,211,0,2
BRDA:828,211,1,57
BRDA:830,212,0,0
BRDA:830,212,1,2
BRDA:832,213,0,2
BRDA:832,213,1,55
BRDA:834,214,0,0
BRDA:834,214,1,2
BRDA:836,215,0,2
BRDA:836,215,1,53
BRDA:838,216,0,0
BRDA:838,216,1,2
BRDA:840,217,0,2
BRDA:840,217,1,51
BRDA:842,218,0,0
BRDA:842,218,1,2
BRDA:844,219,0,2
BRDA:844,219,1,49
BRDA:846,220,0,0
BRDA:846,220,1,2
BRDA:848,221,0,1
BRDA:848,221,1,48
BRDA:850,222,0,0
BRDA:850,222,1,1
BRDA:852,223,0,2
BRDA:852,223,1,46
BRDA:854,224,0,0
BRDA:854,224,1,2
BRDA:856,225,0,2
BRDA:856,225,1,44
BRDA:858,226,0,0
BRDA:858,226,1,2
BRDA:860,227,0,2
BRDA:860,227,1,42
BRDA:862,228,0,0
BRDA:862,228,1,2
BRDA:864,229,0,2
BRDA:864,229,1,40
BRDA:866,230,0,0
BRDA:866,230,1,2
BRDA:868,231,0,2
BRDA:868,231,1,38
BRDA:870,232,0,0
BRDA:870,232,1,2
BRDA:872,233,0,2
BRDA:872,233,1,36
BRDA:874,234,0,0
BRDA:874,234,1,2
BRDA:876,235,0,2
BRDA:876,235,1,34
BRDA:878,236,0,0
BRDA:878,236,1,2
BRDA:882,237,0,0
BRDA:882,237,1,34
BRDA:905,238,0,0
BRDA:905,238,1,1
BRDA:925,239,0,0
BRDA:925,239,1,0
BRDA:940,240,0,2
BRDA:940,240,1,0
BRDA:945,241,0,1
BRDA:945,241,1,1
BRDA:962,242,0,6
BRDA:962,242,1,0
BRDA:967,243,0,2
BRDA:967,243,1,4
BRDA:972,244,0,2
BRDA:972,244,1,7
BRDA:975,245,0,3
BRDA:975,245,1,6
BRDA:978,246,0,1
BRDA:978,246,1,8
BRDA:981,247,0,0
BRDA:981,247,1,9
BRDA:984,248,0,3
BRDA:984,248,1,6
BRDA:987,249,0,0
BRDA:987,249,1,9
BRDA:1009,250,0,0
BRDA:1009,250,1,1
BRDA:1028,251,0,0
BRDA:1028,251,1,1
BRDA:1041,252,0,1
BRDA:1041,252,1,0
BRDA:1042,253,0,1
BRDA:1042,253,1,0
BRDA:1061,254,0,1
BRDA:1061,254,1,0
BRDA:1062,255,0,1
BRDA:1062,255,1,0
BRDA:1081,256,0,2
BRDA:1081,256,1,0
BRDA:1082,257,0,2
BRDA:1082,257,1,0
BRDA:1106,258,0,0
BRDA:1106,258,1,6
BRDA:1120,259,0,1
BRDA:1120,259,1,0
BRDA:1121,260,0,1
BRDA:1121,260,1,0
BRDA:1128,261,0,0
BRDA:1128,261,1,1
BRDA:1192,262,0,1
BRDA:1192,262,1,1
BRDA:1196,263,0,1
BRDA:1196,263,1,0
BRDA:1216,264,0,4
BRDA:1216,264,1,49
BRDA:1220,265,0,3
BRDA:1220,265,1,46
BRDA:1224,266,0,3
BRDA:1224,266,1,43
BRDA:1228,267,0,2
BRDA:1228,267,1,41
BRDA:1232,268,0,2
BRDA:1232,268,1,39
BRDA:1236,269,0,2
BRDA:1236,269,1,37
BRDA:1240,270,0,2
BRDA:1240,270,1,35
BRDA:1244,271,0,2
BRDA:1244,271,1,33
BRDA:1248,272,0,2
BRDA:1248,272,1,31
BRDA:1252,273,0,2
BRDA:1252,273,1,29
BRDA:1256,274,0,2
BRDA:1256,274,1,27
BRDA:1260,275,0,0
BRDA:1260,275,1,27
BRDA:1264,276,0,2
BRDA:1264,276,1,25
BRDA:1268,277,0,2
BRDA:1268,277,1,23
BRDA:1272,278,0,2
BRDA:1272,278,1,21
BRDA:1276,279,0,2
BRDA:1276,279,1,19
BRDA:1280,280,0,2
BRDA:1280,280,1,17
BRDA:1284,281,0,2
BRDA:1284,281,1,15
BRDA:1288,282,0,1
BRDA:1288,282,1,14
BRDA:1292,283,0,2
BRDA:1292,283,1,12
BRDA:1296,284,0,2
BRDA:1296,284,1,10
BRDA:1300,285,0,2
BRDA:1300,285,1,8
BRDA:1304,286,0,2
BRDA:1304,286,1,6
BRDA:1308,287,0,2
BRDA:1308,287,1,4
BRDA:1312,288,0,2
BRDA:1312,288,1,2
BRDA:1316,289,0,0
BRDA:1316,289,1,2
BRDA:1320,290,0,2
BRDA:1320,290,1,0
BRF:580
BRH:399
end_of_record
